==412924== Memcheck, a memory error detector
==412924== Copyright (C) 2002-2017, and GNU GPL'd, by Julian Seward et al.
==412924== Using Valgrind-3.18.1 and LibVEX; rerun with -h for copyright info
==412924== Command: ./cub3D maps/maps_buged/.cub
==412924== 
==412924== 
==412924== FILE DESCRIPTORS: 4 open (3 std) at exit.
==412924== Open file descriptor 3: maps/maps_buged/.cub
==412924==    at 0x4C356EB: open (open64.c:41)
==412924==    by 0x40417C: parsing_lines ([2]parsing_text.c:66)
==412924==    by 0x403F99: parsing_text ([2]parsing_text.c:40)
==412924==    by 0x402B6A: main_parsing ([0]main_parsing.c:19)
==412924==    by 0x402B0F: main ([0]main.c:22)
==412924== 
==412924== 
==412924== HEAP SUMMARY:
==412924==     in use at exit: 0 bytes in 0 blocks
==412924==   total heap usage: 875,367 allocs, 875,367 frees, 67,856,524 bytes allocated
==412924== 
==412924== All heap blocks were freed -- no leaks are possible
==412924== 
==412924== For lists of detected and suppressed errors, rerun with: -s
==412924== ERROR SUMMARY: 0 errors from 0 contexts (suppressed: 0 from 0)
