==412683== Memcheck, a memory error detector
==412683== Copyright (C) 2002-2017, and GNU GPL'd, by Julian Seward et al.
==412683== Using Valgrind-3.18.1 and LibVEX; rerun with -h for copyright info
==412683== Command: ./cub3D maps/maps_buged/1st_protected_texture__overwritten_by_write_texture.cub
==412683== 
==412683== 
==412683== FILE DESCRIPTORS: 4 open (3 std) at exit.
==412683== Open file descriptor 3: maps/maps_buged/1st_protected_texture__overwritten_by_write_texture.cub
==412683==    at 0x4C356EB: open (open64.c:41)
==412683==    by 0x40417C: parsing_lines ([2]parsing_text.c:66)
==412683==    by 0x403F99: parsing_text ([2]parsing_text.c:40)
==412683==    by 0x402B6A: main_parsing ([0]main_parsing.c:19)
==412683==    by 0x402B0F: main ([0]main.c:22)
==412683== 
==412683== 
==412683== HEAP SUMMARY:
==412683==     in use at exit: 0 bytes in 0 blocks
==412683==   total heap usage: 875,423 allocs, 875,423 frees, 67,858,137 bytes allocated
==412683== 
==412683== All heap blocks were freed -- no leaks are possible
==412683== 
==412683== For lists of detected and suppressed errors, rerun with: -s
==412683== ERROR SUMMARY: 0 errors from 0 contexts (suppressed: 0 from 0)
