==412751== Memcheck, a memory error detector
==412751== Copyright (C) 2002-2017, and GNU GPL'd, by Julian Seward et al.
==412751== Using Valgrind-3.18.1 and LibVEX; rerun with -h for copyright info
==412751== Command: ./cub3D maps/maps_buged/bash.cub
==412751== 
==412751== 
==412751== FILE DESCRIPTORS: 4 open (3 std) at exit.
==412751== Open file descriptor 3: maps/maps_buged/bash.cub
==412751==    at 0x4C356EB: open (open64.c:41)
==412751==    by 0x40417C: parsing_lines ([2]parsing_text.c:66)
==412751==    by 0x403F99: parsing_text ([2]parsing_text.c:40)
==412751==    by 0x402B6A: main_parsing ([0]main_parsing.c:19)
==412751==    by 0x402B0F: main ([0]main.c:22)
==412751== 
==412751== 
==412751== HEAP SUMMARY:
==412751==     in use at exit: 0 bytes in 0 blocks
==412751==   total heap usage: 875,367 allocs, 875,367 frees, 67,856,524 bytes allocated
==412751== 
==412751== All heap blocks were freed -- no leaks are possible
==412751== 
==412751== For lists of detected and suppressed errors, rerun with: -s
==412751== ERROR SUMMARY: 0 errors from 0 contexts (suppressed: 0 from 0)
