==412769== Memcheck, a memory error detector
==412769== Copyright (C) 2002-2017, and GNU GPL'd, by Julian Seward et al.
==412769== Using Valgrind-3.18.1 and LibVEX; rerun with -h for copyright info
==412769== Command: ./cub3D maps/maps_buged/C_colors_wrong.cub
==412769== 
Error
Incorrect Map Colors
==412769== 
==412769== FILE DESCRIPTORS: 4 open (3 std) at exit.
==412769== Open file descriptor 3: maps/maps_buged/C_colors_wrong.cub
==412769==    at 0x4C356EB: open (open64.c:41)
==412769==    by 0x40417C: parsing_lines ([2]parsing_text.c:66)
==412769==    by 0x403F99: parsing_text ([2]parsing_text.c:40)
==412769==    by 0x402B6A: main_parsing ([0]main_parsing.c:19)
==412769==    by 0x402B0F: main ([0]main.c:22)
==412769== 
==412769== 
==412769== HEAP SUMMARY:
==412769==     in use at exit: 1,165 bytes in 36 blocks
==412769==   total heap usage: 1,078 allocs, 1,042 frees, 22,851 bytes allocated
==412769== 
==412769== 7 bytes in 1 blocks are indirectly lost in loss record 1 of 11
==412769==    at 0x4848899: malloc (in /usr/libexec/valgrind/vgpreload_memcheck-amd64-linux.so)
==412769==    by 0x404B9C: ft_strdup (ft_strdup.c:21)
==412769==    by 0x402D07: add_last_color ([5]parsing_colors.c:41)
==412769==    by 0x402C2F: check_color_elements ([5]parsing_colors.c:22)
==412769==    by 0x40424F: parsing_lines ([2]parsing_text.c:78)
==412769==    by 0x403F99: parsing_text ([2]parsing_text.c:40)
==412769==    by 0x402B6A: main_parsing ([0]main_parsing.c:19)
==412769==    by 0x402B0F: main ([0]main.c:22)
==412769== 
==412769== 15 bytes in 1 blocks are indirectly lost in loss record 2 of 11
==412769==    at 0x4848899: malloc (in /usr/libexec/valgrind/vgpreload_memcheck-amd64-linux.so)
==412769==    by 0x404B9C: ft_strdup (ft_strdup.c:21)
==412769==    by 0x402D07: add_last_color ([5]parsing_colors.c:41)
==412769==    by 0x402C7F: check_color_elements ([5]parsing_colors.c:27)
==412769==    by 0x40424F: parsing_lines ([2]parsing_text.c:78)
==412769==    by 0x403F99: parsing_text ([2]parsing_text.c:40)
==412769==    by 0x402B6A: main_parsing ([0]main_parsing.c:19)
==412769==    by 0x402B0F: main ([0]main.c:22)
==412769== 
==412769== 18 bytes in 1 blocks are indirectly lost in loss record 3 of 11
==412769==    at 0x4848899: malloc (in /usr/libexec/valgrind/vgpreload_memcheck-amd64-linux.so)
==412769==    by 0x404B9C: ft_strdup (ft_strdup.c:21)
==412769==    by 0x402F67: add_last_texture ([6]parsing_textures.c:51)
==412769==    by 0x402ECF: check_texture_elements ([6]parsing_textures.c:37)
==412769==    by 0x404235: parsing_lines ([2]parsing_text.c:78)
==412769==    by 0x403F99: parsing_text ([2]parsing_text.c:40)
==412769==    by 0x402B6A: main_parsing ([0]main_parsing.c:19)
==412769==    by 0x402B0F: main ([0]main.c:22)
==412769== 
==412769== 18 bytes in 1 blocks are indirectly lost in loss record 4 of 11
==412769==    at 0x4848899: malloc (in /usr/libexec/valgrind/vgpreload_memcheck-amd64-linux.so)
==412769==    by 0x404B9C: ft_strdup (ft_strdup.c:21)
==412769==    by 0x402F67: add_last_texture ([6]parsing_textures.c:51)
==412769==    by 0x402E2F: check_texture_elements ([6]parsing_textures.c:27)
==412769==    by 0x404235: parsing_lines ([2]parsing_text.c:78)
==412769==    by 0x403F99: parsing_text ([2]parsing_text.c:40)
==412769==    by 0x402B6A: main_parsing ([0]main_parsing.c:19)
==412769==    by 0x402B0F: main ([0]main.c:22)
==412769== 
==412769== 19 bytes in 1 blocks are indirectly lost in loss record 5 of 11
==412769==    at 0x4848899: malloc (in /usr/libexec/valgrind/vgpreload_memcheck-amd64-linux.so)
==412769==    by 0x404B9C: ft_strdup (ft_strdup.c:21)
==412769==    by 0x402F67: add_last_texture ([6]parsing_textures.c:51)
==412769==    by 0x402DDF: check_texture_elements ([6]parsing_textures.c:22)
==412769==    by 0x404235: parsing_lines ([2]parsing_text.c:78)
==412769==    by 0x403F99: parsing_text ([2]parsing_text.c:40)
==412769==    by 0x402B6A: main_parsing ([0]main_parsing.c:19)
==412769==    by 0x402B0F: main ([0]main.c:22)
==412769== 
==412769== 19 bytes in 1 blocks are indirectly lost in loss record 6 of 11
==412769==    at 0x4848899: malloc (in /usr/libexec/valgrind/vgpreload_memcheck-amd64-linux.so)
==412769==    by 0x404B9C: ft_strdup (ft_strdup.c:21)
==412769==    by 0x402F67: add_last_texture ([6]parsing_textures.c:51)
==412769==    by 0x402E7F: check_texture_elements ([6]parsing_textures.c:32)
==412769==    by 0x404235: parsing_lines ([2]parsing_text.c:78)
==412769==    by 0x403F99: parsing_text ([2]parsing_text.c:40)
==412769==    by 0x402B6A: main_parsing ([0]main_parsing.c:19)
==412769==    by 0x402B0F: main ([0]main.c:22)
==412769== 
==412769== 46 (24 direct, 22 indirect) bytes in 1 blocks are definitely lost in loss record 7 of 11
==412769==    at 0x4848899: malloc (in /usr/libexec/valgrind/vgpreload_memcheck-amd64-linux.so)
==412769==    by 0x402A8D: ft_calloc (get_next_line_utils.c:86)
==412769==    by 0x403F40: parsing_text ([2]parsing_text.c:36)
==412769==    by 0x402B6A: main_parsing ([0]main_parsing.c:19)
==412769==    by 0x402B0F: main ([0]main.c:22)
==412769== 
==412769== 55 bytes in 1 blocks are indirectly lost in loss record 8 of 11
==412769==    at 0x4848899: malloc (in /usr/libexec/valgrind/vgpreload_memcheck-amd64-linux.so)
==412769==    by 0x402A8D: ft_calloc (get_next_line_utils.c:86)
==412769==    by 0x40258B: ft_extract_line (get_next_line.c:50)
==412769==    by 0x402803: get_next_line (get_next_line.c:111)
==412769==    by 0x40432A: parsing_lines ([2]parsing_text.c:101)
==412769==    by 0x403F99: parsing_text ([2]parsing_text.c:40)
==412769==    by 0x402B6A: main_parsing ([0]main_parsing.c:19)
==412769==    by 0x402B0F: main ([0]main.c:22)
==412769== 
==412769== 114 (40 direct, 74 indirect) bytes in 1 blocks are definitely lost in loss record 9 of 11
==412769==    at 0x4848899: malloc (in /usr/libexec/valgrind/vgpreload_memcheck-amd64-linux.so)
==412769==    by 0x402A8D: ft_calloc (get_next_line_utils.c:86)
==412769==    by 0x403EF6: parsing_text ([2]parsing_text.c:32)
==412769==    by 0x402B6A: main_parsing ([0]main_parsing.c:19)
==412769==    by 0x402B0F: main ([0]main.c:22)
==412769== 
==412769== 726 bytes in 26 blocks are indirectly lost in loss record 10 of 11
==412769==    at 0x4848899: malloc (in /usr/libexec/valgrind/vgpreload_memcheck-amd64-linux.so)
==412769==    by 0x402A8D: ft_calloc (get_next_line_utils.c:86)
==412769==    by 0x40258B: ft_extract_line (get_next_line.c:50)
==412769==    by 0x402803: get_next_line (get_next_line.c:111)
==412769==    by 0x403009: parse_map ([8]parse_map.c:37)
==412769==    by 0x404277: parsing_lines ([2]parsing_text.c:80)
==412769==    by 0x403F99: parsing_text ([2]parsing_text.c:40)
==412769==    by 0x402B6A: main_parsing ([0]main_parsing.c:19)
==412769==    by 0x402B0F: main ([0]main.c:22)
==412769== 
==412769== 1,005 (224 direct, 781 indirect) bytes in 1 blocks are definitely lost in loss record 11 of 11
==412769==    at 0x4848899: malloc (in /usr/libexec/valgrind/vgpreload_memcheck-amd64-linux.so)
==412769==    by 0x40302A: parse_map ([8]parse_map.c:39)
==412769==    by 0x404277: parsing_lines ([2]parsing_text.c:80)
==412769==    by 0x403F99: parsing_text ([2]parsing_text.c:40)
==412769==    by 0x402B6A: main_parsing ([0]main_parsing.c:19)
==412769==    by 0x402B0F: main ([0]main.c:22)
==412769== 
==412769== LEAK SUMMARY:
==412769==    definitely lost: 288 bytes in 3 blocks
==412769==    indirectly lost: 877 bytes in 33 blocks
==412769==      possibly lost: 0 bytes in 0 blocks
==412769==    still reachable: 0 bytes in 0 blocks
==412769==         suppressed: 0 bytes in 0 blocks
==412769== 
==412769== For lists of detected and suppressed errors, rerun with: -s
==412769== ERROR SUMMARY: 3 errors from 3 contexts (suppressed: 0 from 0)
