==1165558== Memcheck, a memory error detector
==1165558== Copyright (C) 2002-2017, and GNU GPL'd, by Julian Seward et al.
==1165558== Using Valgrind-3.18.1 and LibVEX; rerun with -h for copyright info
==1165558== Command: ./cub3D maps/maps_buged/colros_with_extracommas_and_nbrs.cub
==1165558== 
Error
Incorrect Map Colors
==1165558== 
==1165558== FILE DESCRIPTORS: 3 open (3 std) at exit.
==1165558== 
==1165558== HEAP SUMMARY:
==1165558==     in use at exit: 1,212 bytes in 41 blocks
==1165558==   total heap usage: 1,075 allocs, 1,034 frees, 22,773 bytes allocated
==1165558== 
==1165558== 7 bytes in 1 blocks are indirectly lost in loss record 1 of 13
==1165558==    at 0x4848899: malloc (in /usr/libexec/valgrind/vgpreload_memcheck-amd64-linux.so)
==1165558==    by 0x404BAC: ft_strdup (ft_strdup.c:21)
==1165558==    by 0x402D07: add_last_color ([5]parsing_colors.c:41)
==1165558==    by 0x402C2F: check_color_elements ([5]parsing_colors.c:22)
==1165558==    by 0x40424F: parsing_lines ([2]parsing_text.c:78)
==1165558==    by 0x403F99: parsing_text ([2]parsing_text.c:40)
==1165558==    by 0x402B6A: main_parsing ([0]main_parsing.c:19)
==1165558==    by 0x402B0F: main ([0]main.c:22)
==1165558== 
==1165558== 11 bytes in 1 blocks are indirectly lost in loss record 2 of 13
==1165558==    at 0x4848899: malloc (in /usr/libexec/valgrind/vgpreload_memcheck-amd64-linux.so)
==1165558==    by 0x404BAC: ft_strdup (ft_strdup.c:21)
==1165558==    by 0x402D07: add_last_color ([5]parsing_colors.c:41)
==1165558==    by 0x402C7F: check_color_elements ([5]parsing_colors.c:27)
==1165558==    by 0x40424F: parsing_lines ([2]parsing_text.c:78)
==1165558==    by 0x403F99: parsing_text ([2]parsing_text.c:40)
==1165558==    by 0x402B6A: main_parsing ([0]main_parsing.c:19)
==1165558==    by 0x402B0F: main ([0]main.c:22)
==1165558== 
==1165558== 11 bytes in 4 blocks are indirectly lost in loss record 3 of 13
==1165558==    at 0x4848899: malloc (in /usr/libexec/valgrind/vgpreload_memcheck-amd64-linux.so)
==1165558==    by 0x405252: ft_substr (ft_substr.c:42)
==1165558==    by 0x404D93: ft_split (ft_split.c:67)
==1165558==    by 0x403711: valid_characters ([5-bis]valid_colors.c:36)
==1165558==    by 0x403684: valide_colors ([5-bis]valid_colors.c:17)
==1165558==    by 0x403FFD: parsing_text ([2]parsing_text.c:44)
==1165558==    by 0x402B6A: main_parsing ([0]main_parsing.c:19)
==1165558==    by 0x402B0F: main ([0]main.c:22)
==1165558== 
==1165558== 18 bytes in 1 blocks are indirectly lost in loss record 4 of 13
==1165558==    at 0x4848899: malloc (in /usr/libexec/valgrind/vgpreload_memcheck-amd64-linux.so)
==1165558==    by 0x404BAC: ft_strdup (ft_strdup.c:21)
==1165558==    by 0x402F67: add_last_texture ([6]parsing_textures.c:51)
==1165558==    by 0x402ECF: check_texture_elements ([6]parsing_textures.c:37)
==1165558==    by 0x404235: parsing_lines ([2]parsing_text.c:78)
==1165558==    by 0x403F99: parsing_text ([2]parsing_text.c:40)
==1165558==    by 0x402B6A: main_parsing ([0]main_parsing.c:19)
==1165558==    by 0x402B0F: main ([0]main.c:22)
==1165558== 
==1165558== 18 bytes in 1 blocks are indirectly lost in loss record 5 of 13
==1165558==    at 0x4848899: malloc (in /usr/libexec/valgrind/vgpreload_memcheck-amd64-linux.so)
==1165558==    by 0x404BAC: ft_strdup (ft_strdup.c:21)
==1165558==    by 0x402F67: add_last_texture ([6]parsing_textures.c:51)
==1165558==    by 0x402E2F: check_texture_elements ([6]parsing_textures.c:27)
==1165558==    by 0x404235: parsing_lines ([2]parsing_text.c:78)
==1165558==    by 0x403F99: parsing_text ([2]parsing_text.c:40)
==1165558==    by 0x402B6A: main_parsing ([0]main_parsing.c:19)
==1165558==    by 0x402B0F: main ([0]main.c:22)
==1165558== 
==1165558== 19 bytes in 1 blocks are indirectly lost in loss record 6 of 13
==1165558==    at 0x4848899: malloc (in /usr/libexec/valgrind/vgpreload_memcheck-amd64-linux.so)
==1165558==    by 0x404BAC: ft_strdup (ft_strdup.c:21)
==1165558==    by 0x402F67: add_last_texture ([6]parsing_textures.c:51)
==1165558==    by 0x402DDF: check_texture_elements ([6]parsing_textures.c:22)
==1165558==    by 0x404235: parsing_lines ([2]parsing_text.c:78)
==1165558==    by 0x403F99: parsing_text ([2]parsing_text.c:40)
==1165558==    by 0x402B6A: main_parsing ([0]main_parsing.c:19)
==1165558==    by 0x402B0F: main ([0]main.c:22)
==1165558== 
==1165558== 19 bytes in 1 blocks are indirectly lost in loss record 7 of 13
==1165558==    at 0x4848899: malloc (in /usr/libexec/valgrind/vgpreload_memcheck-amd64-linux.so)
==1165558==    by 0x404BAC: ft_strdup (ft_strdup.c:21)
==1165558==    by 0x402F67: add_last_texture ([6]parsing_textures.c:51)
==1165558==    by 0x402E7F: check_texture_elements ([6]parsing_textures.c:32)
==1165558==    by 0x404235: parsing_lines ([2]parsing_text.c:78)
==1165558==    by 0x403F99: parsing_text ([2]parsing_text.c:40)
==1165558==    by 0x402B6A: main_parsing ([0]main_parsing.c:19)
==1165558==    by 0x402B0F: main ([0]main.c:22)
==1165558== 
==1165558== 42 (24 direct, 18 indirect) bytes in 1 blocks are definitely lost in loss record 8 of 13
==1165558==    at 0x4848899: malloc (in /usr/libexec/valgrind/vgpreload_memcheck-amd64-linux.so)
==1165558==    by 0x402A8D: ft_calloc (get_next_line_utils.c:86)
==1165558==    by 0x403F40: parsing_text ([2]parsing_text.c:36)
==1165558==    by 0x402B6A: main_parsing ([0]main_parsing.c:19)
==1165558==    by 0x402B0F: main ([0]main.c:22)
==1165558== 
==1165558== 51 (40 direct, 11 indirect) bytes in 1 blocks are definitely lost in loss record 9 of 13
==1165558==    at 0x4848899: malloc (in /usr/libexec/valgrind/vgpreload_memcheck-amd64-linux.so)
==1165558==    by 0x404CF3: ft_split (ft_split.c:58)
==1165558==    by 0x403711: valid_characters ([5-bis]valid_colors.c:36)
==1165558==    by 0x403684: valide_colors ([5-bis]valid_colors.c:17)
==1165558==    by 0x403FFD: parsing_text ([2]parsing_text.c:44)
==1165558==    by 0x402B6A: main_parsing ([0]main_parsing.c:19)
==1165558==    by 0x402B0F: main ([0]main.c:22)
==1165558== 
==1165558== 55 bytes in 1 blocks are indirectly lost in loss record 10 of 13
==1165558==    at 0x4848899: malloc (in /usr/libexec/valgrind/vgpreload_memcheck-amd64-linux.so)
==1165558==    by 0x402A8D: ft_calloc (get_next_line_utils.c:86)
==1165558==    by 0x40258B: ft_extract_line (get_next_line.c:50)
==1165558==    by 0x402803: get_next_line (get_next_line.c:111)
==1165558==    by 0x40432A: parsing_lines ([2]parsing_text.c:101)
==1165558==    by 0x403F99: parsing_text ([2]parsing_text.c:40)
==1165558==    by 0x402B6A: main_parsing ([0]main_parsing.c:19)
==1165558==    by 0x402B0F: main ([0]main.c:22)
==1165558== 
==1165558== 114 (40 direct, 74 indirect) bytes in 1 blocks are definitely lost in loss record 11 of 13
==1165558==    at 0x4848899: malloc (in /usr/libexec/valgrind/vgpreload_memcheck-amd64-linux.so)
==1165558==    by 0x402A8D: ft_calloc (get_next_line_utils.c:86)
==1165558==    by 0x403EF6: parsing_text ([2]parsing_text.c:32)
==1165558==    by 0x402B6A: main_parsing ([0]main_parsing.c:19)
==1165558==    by 0x402B0F: main ([0]main.c:22)
==1165558== 
==1165558== 726 bytes in 26 blocks are indirectly lost in loss record 12 of 13
==1165558==    at 0x4848899: malloc (in /usr/libexec/valgrind/vgpreload_memcheck-amd64-linux.so)
==1165558==    by 0x402A8D: ft_calloc (get_next_line_utils.c:86)
==1165558==    by 0x40258B: ft_extract_line (get_next_line.c:50)
==1165558==    by 0x402803: get_next_line (get_next_line.c:111)
==1165558==    by 0x403009: parse_map ([8]parse_map.c:37)
==1165558==    by 0x404277: parsing_lines ([2]parsing_text.c:80)
==1165558==    by 0x403F99: parsing_text ([2]parsing_text.c:40)
==1165558==    by 0x402B6A: main_parsing ([0]main_parsing.c:19)
==1165558==    by 0x402B0F: main ([0]main.c:22)
==1165558== 
==1165558== 1,005 (224 direct, 781 indirect) bytes in 1 blocks are definitely lost in loss record 13 of 13
==1165558==    at 0x4848899: malloc (in /usr/libexec/valgrind/vgpreload_memcheck-amd64-linux.so)
==1165558==    by 0x40302A: parse_map ([8]parse_map.c:39)
==1165558==    by 0x404277: parsing_lines ([2]parsing_text.c:80)
==1165558==    by 0x403F99: parsing_text ([2]parsing_text.c:40)
==1165558==    by 0x402B6A: main_parsing ([0]main_parsing.c:19)
==1165558==    by 0x402B0F: main ([0]main.c:22)
==1165558== 
==1165558== LEAK SUMMARY:
==1165558==    definitely lost: 328 bytes in 4 blocks
==1165558==    indirectly lost: 884 bytes in 37 blocks
==1165558==      possibly lost: 0 bytes in 0 blocks
==1165558==    still reachable: 0 bytes in 0 blocks
==1165558==         suppressed: 0 bytes in 0 blocks
==1165558== 
==1165558== For lists of detected and suppressed errors, rerun with: -s
==1165558== ERROR SUMMARY: 4 errors from 4 contexts (suppressed: 0 from 0)
