==1165624== Memcheck, a memory error detector
==1165624== Copyright (C) 2002-2017, and GNU GPL'd, by Julian Seward et al.
==1165624== Using Valgrind-3.18.1 and LibVEX; rerun with -h for copyright info
==1165624== Command: ./cub3D maps/maps_buged/coordinate_names_partially_written_correctly_copy.cub
==1165624== 
Error
Incorrect Map Information
Error
Incorrect Map Information
==1165624== 
==1165624== FILE DESCRIPTORS: 4 open (3 std) at exit.
==1165624== Open file descriptor 3: maps/maps_buged/coordinate_names_partially_written_correctly_copy.cub
==1165624==    at 0x4C356EB: open (open64.c:41)
==1165624==    by 0x40417C: parsing_lines ([2]parsing_text.c:66)
==1165624==    by 0x403F99: parsing_text ([2]parsing_text.c:40)
==1165624==    by 0x402B6A: main_parsing ([0]main_parsing.c:19)
==1165624==    by 0x402B0F: main ([0]main.c:22)
==1165624== 
==1165624== 
==1165624== HEAP SUMMARY:
==1165624==     in use at exit: 83 bytes in 3 blocks
==1165624==   total heap usage: 88 allocs, 85 frees, 1,195 bytes allocated
==1165624== 
==1165624== 19 bytes in 1 blocks are indirectly lost in loss record 1 of 3
==1165624==    at 0x4848899: malloc (in /usr/libexec/valgrind/vgpreload_memcheck-amd64-linux.so)
==1165624==    by 0x404BAC: ft_strdup (ft_strdup.c:21)
==1165624==    by 0x402F67: add_last_texture ([6]parsing_textures.c:51)
==1165624==    by 0x402DDF: check_texture_elements ([6]parsing_textures.c:22)
==1165624==    by 0x404235: parsing_lines ([2]parsing_text.c:78)
==1165624==    by 0x403F99: parsing_text ([2]parsing_text.c:40)
==1165624==    by 0x402B6A: main_parsing ([0]main_parsing.c:19)
==1165624==    by 0x402B0F: main ([0]main.c:22)
==1165624== 
==1165624== 24 bytes in 1 blocks are definitely lost in loss record 2 of 3
==1165624==    at 0x4848899: malloc (in /usr/libexec/valgrind/vgpreload_memcheck-amd64-linux.so)
==1165624==    by 0x402A8D: ft_calloc (get_next_line_utils.c:86)
==1165624==    by 0x403F40: parsing_text ([2]parsing_text.c:36)
==1165624==    by 0x402B6A: main_parsing ([0]main_parsing.c:19)
==1165624==    by 0x402B0F: main ([0]main.c:22)
==1165624== 
==1165624== 59 (40 direct, 19 indirect) bytes in 1 blocks are definitely lost in loss record 3 of 3
==1165624==    at 0x4848899: malloc (in /usr/libexec/valgrind/vgpreload_memcheck-amd64-linux.so)
==1165624==    by 0x402A8D: ft_calloc (get_next_line_utils.c:86)
==1165624==    by 0x403EF6: parsing_text ([2]parsing_text.c:32)
==1165624==    by 0x402B6A: main_parsing ([0]main_parsing.c:19)
==1165624==    by 0x402B0F: main ([0]main.c:22)
==1165624== 
==1165624== LEAK SUMMARY:
==1165624==    definitely lost: 64 bytes in 2 blocks
==1165624==    indirectly lost: 19 bytes in 1 blocks
==1165624==      possibly lost: 0 bytes in 0 blocks
==1165624==    still reachable: 0 bytes in 0 blocks
==1165624==         suppressed: 0 bytes in 0 blocks
==1165624== 
==1165624== For lists of detected and suppressed errors, rerun with: -s
==1165624== ERROR SUMMARY: 2 errors from 2 contexts (suppressed: 0 from 0)
