==412799== Memcheck, a memory error detector
==412799== Copyright (C) 2002-2017, and GNU GPL'd, by Julian Seward et al.
==412799== Using Valgrind-3.18.1 and LibVEX; rerun with -h for copyright info
==412799== Command: ./cub3D maps/maps_buged/coordinate_names_partially_written_correctly_copy_2.cub
==412799== 
Error
Incorrect Map Information
Error
Incorrect Map Information
==412799== 
==412799== FILE DESCRIPTORS: 4 open (3 std) at exit.
==412799== Open file descriptor 3: maps/maps_buged/coordinate_names_partially_written_correctly_copy_2.cub
==412799==    at 0x4C356EB: open (open64.c:41)
==412799==    by 0x40417C: parsing_lines ([2]parsing_text.c:66)
==412799==    by 0x403F99: parsing_text ([2]parsing_text.c:40)
==412799==    by 0x402B6A: main_parsing ([0]main_parsing.c:19)
==412799==    by 0x402B0F: main ([0]main.c:22)
==412799== 
==412799== 
==412799== HEAP SUMMARY:
==412799==     in use at exit: 102 bytes in 4 blocks
==412799==   total heap usage: 116 allocs, 112 frees, 1,541 bytes allocated
==412799== 
==412799== 19 bytes in 1 blocks are indirectly lost in loss record 1 of 4
==412799==    at 0x4848899: malloc (in /usr/libexec/valgrind/vgpreload_memcheck-amd64-linux.so)
==412799==    by 0x404B9C: ft_strdup (ft_strdup.c:21)
==412799==    by 0x402F67: add_last_texture ([6]parsing_textures.c:51)
==412799==    by 0x402DDF: check_texture_elements ([6]parsing_textures.c:22)
==412799==    by 0x404235: parsing_lines ([2]parsing_text.c:78)
==412799==    by 0x403F99: parsing_text ([2]parsing_text.c:40)
==412799==    by 0x402B6A: main_parsing ([0]main_parsing.c:19)
==412799==    by 0x402B0F: main ([0]main.c:22)
==412799== 
==412799== 19 bytes in 1 blocks are indirectly lost in loss record 2 of 4
==412799==    at 0x4848899: malloc (in /usr/libexec/valgrind/vgpreload_memcheck-amd64-linux.so)
==412799==    by 0x404B9C: ft_strdup (ft_strdup.c:21)
==412799==    by 0x402F67: add_last_texture ([6]parsing_textures.c:51)
==412799==    by 0x402E7F: check_texture_elements ([6]parsing_textures.c:32)
==412799==    by 0x404235: parsing_lines ([2]parsing_text.c:78)
==412799==    by 0x403F99: parsing_text ([2]parsing_text.c:40)
==412799==    by 0x402B6A: main_parsing ([0]main_parsing.c:19)
==412799==    by 0x402B0F: main ([0]main.c:22)
==412799== 
==412799== 24 bytes in 1 blocks are definitely lost in loss record 3 of 4
==412799==    at 0x4848899: malloc (in /usr/libexec/valgrind/vgpreload_memcheck-amd64-linux.so)
==412799==    by 0x402A8D: ft_calloc (get_next_line_utils.c:86)
==412799==    by 0x403F40: parsing_text ([2]parsing_text.c:36)
==412799==    by 0x402B6A: main_parsing ([0]main_parsing.c:19)
==412799==    by 0x402B0F: main ([0]main.c:22)
==412799== 
==412799== 78 (40 direct, 38 indirect) bytes in 1 blocks are definitely lost in loss record 4 of 4
==412799==    at 0x4848899: malloc (in /usr/libexec/valgrind/vgpreload_memcheck-amd64-linux.so)
==412799==    by 0x402A8D: ft_calloc (get_next_line_utils.c:86)
==412799==    by 0x403EF6: parsing_text ([2]parsing_text.c:32)
==412799==    by 0x402B6A: main_parsing ([0]main_parsing.c:19)
==412799==    by 0x402B0F: main ([0]main.c:22)
==412799== 
==412799== LEAK SUMMARY:
==412799==    definitely lost: 64 bytes in 2 blocks
==412799==    indirectly lost: 38 bytes in 2 blocks
==412799==      possibly lost: 0 bytes in 0 blocks
==412799==    still reachable: 0 bytes in 0 blocks
==412799==         suppressed: 0 bytes in 0 blocks
==412799== 
==412799== For lists of detected and suppressed errors, rerun with: -s
==412799== ERROR SUMMARY: 2 errors from 2 contexts (suppressed: 0 from 0)
