==1165639== Memcheck, a memory error detector
==1165639== Copyright (C) 2002-2017, and GNU GPL'd, by Julian Seward et al.
==1165639== Using Valgrind-3.18.1 and LibVEX; rerun with -h for copyright info
==1165639== Command: ./cub3D maps/maps_buged/coordinate_names_partially_written_correctly.cub
==1165639== 
Error
Incorrect Map Information
Error
Incorrect Map Information
==1165639== 
==1165639== FILE DESCRIPTORS: 4 open (3 std) at exit.
==1165639== Open file descriptor 3: maps/maps_buged/coordinate_names_partially_written_correctly.cub
==1165639==    at 0x4C356EB: open (open64.c:41)
==1165639==    by 0x40417C: parsing_lines ([2]parsing_text.c:66)
==1165639==    by 0x403F99: parsing_text ([2]parsing_text.c:40)
==1165639==    by 0x402B6A: main_parsing ([0]main_parsing.c:19)
==1165639==    by 0x402B0F: main ([0]main.c:22)
==1165639== 
==1165639== 
==1165639== HEAP SUMMARY:
==1165639==     in use at exit: 64 bytes in 2 blocks
==1165639==   total heap usage: 61 allocs, 59 frees, 872 bytes allocated
==1165639== 
==1165639== 24 bytes in 1 blocks are definitely lost in loss record 1 of 2
==1165639==    at 0x4848899: malloc (in /usr/libexec/valgrind/vgpreload_memcheck-amd64-linux.so)
==1165639==    by 0x402A8D: ft_calloc (get_next_line_utils.c:86)
==1165639==    by 0x403F40: parsing_text ([2]parsing_text.c:36)
==1165639==    by 0x402B6A: main_parsing ([0]main_parsing.c:19)
==1165639==    by 0x402B0F: main ([0]main.c:22)
==1165639== 
==1165639== 40 bytes in 1 blocks are definitely lost in loss record 2 of 2
==1165639==    at 0x4848899: malloc (in /usr/libexec/valgrind/vgpreload_memcheck-amd64-linux.so)
==1165639==    by 0x402A8D: ft_calloc (get_next_line_utils.c:86)
==1165639==    by 0x403EF6: parsing_text ([2]parsing_text.c:32)
==1165639==    by 0x402B6A: main_parsing ([0]main_parsing.c:19)
==1165639==    by 0x402B0F: main ([0]main.c:22)
==1165639== 
==1165639== LEAK SUMMARY:
==1165639==    definitely lost: 64 bytes in 2 blocks
==1165639==    indirectly lost: 0 bytes in 0 blocks
==1165639==      possibly lost: 0 bytes in 0 blocks
==1165639==    still reachable: 0 bytes in 0 blocks
==1165639==         suppressed: 0 bytes in 0 blocks
==1165639== 
==1165639== For lists of detected and suppressed errors, rerun with: -s
==1165639== ERROR SUMMARY: 2 errors from 2 contexts (suppressed: 0 from 0)
