==412890== Memcheck, a memory error detector
==412890== Copyright (C) 2002-2017, and GNU GPL'd, by Julian Seward et al.
==412890== Using Valgrind-3.18.1 and LibVEX; rerun with -h for copyright info
==412890== Command: ./cub3D maps/maps_buged/coos_wiht_more_commas.cub
==412890== 
==412890== 
==412890== FILE DESCRIPTORS: 4 open (3 std) at exit.
==412890== Open file descriptor 3: maps/maps_buged/coos_wiht_more_commas.cub
==412890==    at 0x4C356EB: open (open64.c:41)
==412890==    by 0x40417C: parsing_lines ([2]parsing_text.c:66)
==412890==    by 0x403F99: parsing_text ([2]parsing_text.c:40)
==412890==    by 0x402B6A: main_parsing ([0]main_parsing.c:19)
==412890==    by 0x402B0F: main ([0]main.c:22)
==412890== 
==412890== 
==412890== HEAP SUMMARY:
==412890==     in use at exit: 0 bytes in 0 blocks
==412890==   total heap usage: 875,394 allocs, 875,394 frees, 67,856,779 bytes allocated
==412890== 
==412890== All heap blocks were freed -- no leaks are possible
==412890== 
==412890== For lists of detected and suppressed errors, rerun with: -s
==412890== ERROR SUMMARY: 0 errors from 0 contexts (suppressed: 0 from 0)
