==413025== Memcheck, a memory error detector
==413025== Copyright (C) 2002-2017, and GNU GPL'd, by Julian Seward et al.
==413025== Using Valgrind-3.18.1 and LibVEX; rerun with -h for copyright info
==413025== Command: ./cub3D maps/maps_buged/different_floor_colors_copy.cub
==413025== 
==413025== 
==413025== FILE DESCRIPTORS: 4 open (3 std) at exit.
==413025== Open file descriptor 3: maps/maps_buged/different_floor_colors_copy.cub
==413025==    at 0x4C356EB: open (open64.c:41)
==413025==    by 0x40417C: parsing_lines ([2]parsing_text.c:66)
==413025==    by 0x403F99: parsing_text ([2]parsing_text.c:40)
==413025==    by 0x402B6A: main_parsing ([0]main_parsing.c:19)
==413025==    by 0x402B0F: main ([0]main.c:22)
==413025== 
==413025== 
==413025== HEAP SUMMARY:
==413025==     in use at exit: 0 bytes in 0 blocks
==413025==   total heap usage: 875,436 allocs, 875,436 frees, 67,856,661 bytes allocated
==413025== 
==413025== All heap blocks were freed -- no leaks are possible
==413025== 
==413025== For lists of detected and suppressed errors, rerun with: -s
==413025== ERROR SUMMARY: 0 errors from 0 contexts (suppressed: 0 from 0)
