==413059== Memcheck, a memory error detector
==413059== Copyright (C) 2002-2017, and GNU GPL'd, by Julian Seward et al.
==413059== Using Valgrind-3.18.1 and LibVEX; rerun with -h for copyright info
==413059== Command: ./cub3D maps/maps_buged/different_floor_colors.cub
==413059== 
==413059== 
==413059== FILE DESCRIPTORS: 4 open (3 std) at exit.
==413059== Open file descriptor 3: maps/maps_buged/different_floor_colors.cub
==413059==    at 0x4C356EB: open (open64.c:41)
==413059==    by 0x40417C: parsing_lines ([2]parsing_text.c:66)
==413059==    by 0x403F99: parsing_text ([2]parsing_text.c:40)
==413059==    by 0x402B6A: main_parsing ([0]main_parsing.c:19)
==413059==    by 0x402B0F: main ([0]main.c:22)
==413059== 
==413059== 
==413059== HEAP SUMMARY:
==413059==     in use at exit: 0 bytes in 0 blocks
==413059==   total heap usage: 875,386 allocs, 875,386 frees, 67,856,694 bytes allocated
==413059== 
==413059== All heap blocks were freed -- no leaks are possible
==413059== 
==413059== For lists of detected and suppressed errors, rerun with: -s
==413059== ERROR SUMMARY: 0 errors from 0 contexts (suppressed: 0 from 0)
