==413103== Memcheck, a memory error detector
==413103== Copyright (C) 2002-2017, and GNU GPL'd, by Julian Seward et al.
==413103== Using Valgrind-3.18.1 and LibVEX; rerun with -h for copyright info
==413103== Command: ./cub3D maps/maps_buged/double_extension.cub.cub
==413103== 
==413103== 
==413103== FILE DESCRIPTORS: 4 open (3 std) at exit.
==413103== Open file descriptor 3: maps/maps_buged/double_extension.cub.cub
==413103==    at 0x4C356EB: open (open64.c:41)
==413103==    by 0x40417C: parsing_lines ([2]parsing_text.c:66)
==413103==    by 0x403F99: parsing_text ([2]parsing_text.c:40)
==413103==    by 0x402B6A: main_parsing ([0]main_parsing.c:19)
==413103==    by 0x402B0F: main ([0]main.c:22)
==413103== 
==413103== 
==413103== HEAP SUMMARY:
==413103==     in use at exit: 0 bytes in 0 blocks
==413103==   total heap usage: 875,367 allocs, 875,367 frees, 67,856,524 bytes allocated
==413103== 
==413103== All heap blocks were freed -- no leaks are possible
==413103== 
==413103== For lists of detected and suppressed errors, rerun with: -s
==413103== ERROR SUMMARY: 0 errors from 0 contexts (suppressed: 0 from 0)
