==413269== Memcheck, a memory error detector
==413269== Copyright (C) 2002-2017, and GNU GPL'd, by Julian Seward et al.
==413269== Using Valgrind-3.18.1 and LibVEX; rerun with -h for copyright info
==413269== Command: ./cub3D maps/maps_buged/forbidden_characteres_in_colors.cub
==413269== 
Error
Incorrect Map Colors
==413269== 
==413269== FILE DESCRIPTORS: 4 open (3 std) at exit.
==413269== Open file descriptor 3: maps/maps_buged/forbidden_characteres_in_colors.cub
==413269==    at 0x4C356EB: open (open64.c:41)
==413269==    by 0x40417C: parsing_lines ([2]parsing_text.c:66)
==413269==    by 0x403F99: parsing_text ([2]parsing_text.c:40)
==413269==    by 0x402B6A: main_parsing ([0]main_parsing.c:19)
==413269==    by 0x402B0F: main ([0]main.c:22)
==413269== 
==413269== 
==413269== HEAP SUMMARY:
==413269==     in use at exit: 1,158 bytes in 36 blocks
==413269==   total heap usage: 1,046 allocs, 1,010 frees, 22,492 bytes allocated
==413269== 
==413269== 6 bytes in 1 blocks are indirectly lost in loss record 1 of 11
==413269==    at 0x4848899: malloc (in /usr/libexec/valgrind/vgpreload_memcheck-amd64-linux.so)
==413269==    by 0x404B9C: ft_strdup (ft_strdup.c:21)
==413269==    by 0x402D07: add_last_color ([5]parsing_colors.c:41)
==413269==    by 0x402C2F: check_color_elements ([5]parsing_colors.c:22)
==413269==    by 0x40424F: parsing_lines ([2]parsing_text.c:78)
==413269==    by 0x403F99: parsing_text ([2]parsing_text.c:40)
==413269==    by 0x402B6A: main_parsing ([0]main_parsing.c:19)
==413269==    by 0x402B0F: main ([0]main.c:22)
==413269== 
==413269== 9 bytes in 1 blocks are indirectly lost in loss record 2 of 11
==413269==    at 0x4848899: malloc (in /usr/libexec/valgrind/vgpreload_memcheck-amd64-linux.so)
==413269==    by 0x404B9C: ft_strdup (ft_strdup.c:21)
==413269==    by 0x402D07: add_last_color ([5]parsing_colors.c:41)
==413269==    by 0x402C7F: check_color_elements ([5]parsing_colors.c:27)
==413269==    by 0x40424F: parsing_lines ([2]parsing_text.c:78)
==413269==    by 0x403F99: parsing_text ([2]parsing_text.c:40)
==413269==    by 0x402B6A: main_parsing ([0]main_parsing.c:19)
==413269==    by 0x402B0F: main ([0]main.c:22)
==413269== 
==413269== 18 bytes in 1 blocks are indirectly lost in loss record 3 of 11
==413269==    at 0x4848899: malloc (in /usr/libexec/valgrind/vgpreload_memcheck-amd64-linux.so)
==413269==    by 0x404B9C: ft_strdup (ft_strdup.c:21)
==413269==    by 0x402F67: add_last_texture ([6]parsing_textures.c:51)
==413269==    by 0x402ECF: check_texture_elements ([6]parsing_textures.c:37)
==413269==    by 0x404235: parsing_lines ([2]parsing_text.c:78)
==413269==    by 0x403F99: parsing_text ([2]parsing_text.c:40)
==413269==    by 0x402B6A: main_parsing ([0]main_parsing.c:19)
==413269==    by 0x402B0F: main ([0]main.c:22)
==413269== 
==413269== 18 bytes in 1 blocks are indirectly lost in loss record 4 of 11
==413269==    at 0x4848899: malloc (in /usr/libexec/valgrind/vgpreload_memcheck-amd64-linux.so)
==413269==    by 0x404B9C: ft_strdup (ft_strdup.c:21)
==413269==    by 0x402F67: add_last_texture ([6]parsing_textures.c:51)
==413269==    by 0x402E2F: check_texture_elements ([6]parsing_textures.c:27)
==413269==    by 0x404235: parsing_lines ([2]parsing_text.c:78)
==413269==    by 0x403F99: parsing_text ([2]parsing_text.c:40)
==413269==    by 0x402B6A: main_parsing ([0]main_parsing.c:19)
==413269==    by 0x402B0F: main ([0]main.c:22)
==413269== 
==413269== 19 bytes in 1 blocks are indirectly lost in loss record 5 of 11
==413269==    at 0x4848899: malloc (in /usr/libexec/valgrind/vgpreload_memcheck-amd64-linux.so)
==413269==    by 0x404B9C: ft_strdup (ft_strdup.c:21)
==413269==    by 0x402F67: add_last_texture ([6]parsing_textures.c:51)
==413269==    by 0x402DDF: check_texture_elements ([6]parsing_textures.c:22)
==413269==    by 0x404235: parsing_lines ([2]parsing_text.c:78)
==413269==    by 0x403F99: parsing_text ([2]parsing_text.c:40)
==413269==    by 0x402B6A: main_parsing ([0]main_parsing.c:19)
==413269==    by 0x402B0F: main ([0]main.c:22)
==413269== 
==413269== 19 bytes in 1 blocks are indirectly lost in loss record 6 of 11
==413269==    at 0x4848899: malloc (in /usr/libexec/valgrind/vgpreload_memcheck-amd64-linux.so)
==413269==    by 0x404B9C: ft_strdup (ft_strdup.c:21)
==413269==    by 0x402F67: add_last_texture ([6]parsing_textures.c:51)
==413269==    by 0x402E7F: check_texture_elements ([6]parsing_textures.c:32)
==413269==    by 0x404235: parsing_lines ([2]parsing_text.c:78)
==413269==    by 0x403F99: parsing_text ([2]parsing_text.c:40)
==413269==    by 0x402B6A: main_parsing ([0]main_parsing.c:19)
==413269==    by 0x402B0F: main ([0]main.c:22)
==413269== 
==413269== 39 (24 direct, 15 indirect) bytes in 1 blocks are definitely lost in loss record 7 of 11
==413269==    at 0x4848899: malloc (in /usr/libexec/valgrind/vgpreload_memcheck-amd64-linux.so)
==413269==    by 0x402A8D: ft_calloc (get_next_line_utils.c:86)
==413269==    by 0x403F40: parsing_text ([2]parsing_text.c:36)
==413269==    by 0x402B6A: main_parsing ([0]main_parsing.c:19)
==413269==    by 0x402B0F: main ([0]main.c:22)
==413269== 
==413269== 55 bytes in 1 blocks are indirectly lost in loss record 8 of 11
==413269==    at 0x4848899: malloc (in /usr/libexec/valgrind/vgpreload_memcheck-amd64-linux.so)
==413269==    by 0x402A8D: ft_calloc (get_next_line_utils.c:86)
==413269==    by 0x40258B: ft_extract_line (get_next_line.c:50)
==413269==    by 0x402803: get_next_line (get_next_line.c:111)
==413269==    by 0x40432A: parsing_lines ([2]parsing_text.c:101)
==413269==    by 0x403F99: parsing_text ([2]parsing_text.c:40)
==413269==    by 0x402B6A: main_parsing ([0]main_parsing.c:19)
==413269==    by 0x402B0F: main ([0]main.c:22)
==413269== 
==413269== 114 (40 direct, 74 indirect) bytes in 1 blocks are definitely lost in loss record 9 of 11
==413269==    at 0x4848899: malloc (in /usr/libexec/valgrind/vgpreload_memcheck-amd64-linux.so)
==413269==    by 0x402A8D: ft_calloc (get_next_line_utils.c:86)
==413269==    by 0x403EF6: parsing_text ([2]parsing_text.c:32)
==413269==    by 0x402B6A: main_parsing ([0]main_parsing.c:19)
==413269==    by 0x402B0F: main ([0]main.c:22)
==413269== 
==413269== 726 bytes in 26 blocks are indirectly lost in loss record 10 of 11
==413269==    at 0x4848899: malloc (in /usr/libexec/valgrind/vgpreload_memcheck-amd64-linux.so)
==413269==    by 0x402A8D: ft_calloc (get_next_line_utils.c:86)
==413269==    by 0x40258B: ft_extract_line (get_next_line.c:50)
==413269==    by 0x402803: get_next_line (get_next_line.c:111)
==413269==    by 0x403009: parse_map ([8]parse_map.c:37)
==413269==    by 0x404277: parsing_lines ([2]parsing_text.c:80)
==413269==    by 0x403F99: parsing_text ([2]parsing_text.c:40)
==413269==    by 0x402B6A: main_parsing ([0]main_parsing.c:19)
==413269==    by 0x402B0F: main ([0]main.c:22)
==413269== 
==413269== 1,005 (224 direct, 781 indirect) bytes in 1 blocks are definitely lost in loss record 11 of 11
==413269==    at 0x4848899: malloc (in /usr/libexec/valgrind/vgpreload_memcheck-amd64-linux.so)
==413269==    by 0x40302A: parse_map ([8]parse_map.c:39)
==413269==    by 0x404277: parsing_lines ([2]parsing_text.c:80)
==413269==    by 0x403F99: parsing_text ([2]parsing_text.c:40)
==413269==    by 0x402B6A: main_parsing ([0]main_parsing.c:19)
==413269==    by 0x402B0F: main ([0]main.c:22)
==413269== 
==413269== LEAK SUMMARY:
==413269==    definitely lost: 288 bytes in 3 blocks
==413269==    indirectly lost: 870 bytes in 33 blocks
==413269==      possibly lost: 0 bytes in 0 blocks
==413269==    still reachable: 0 bytes in 0 blocks
==413269==         suppressed: 0 bytes in 0 blocks
==413269== 
==413269== For lists of detected and suppressed errors, rerun with: -s
==413269== ERROR SUMMARY: 3 errors from 3 contexts (suppressed: 0 from 0)
