==463133== Memcheck, a memory error detector
==463133== Copyright (C) 2002-2017, and GNU GPL'd, by Julian Seward et al.
==463133== Using Valgrind-3.18.1 and LibVEX; rerun with -h for copyright info
==463133== Command: ./cub3D maps/maps_buged/invalid_texture_copy_2.cub
==463133== 
ENd	
==463133== 
==463133== FILE DESCRIPTORS: 4 open (3 std) at exit.
==463133== Open AF_UNIX socket 3: <unknown>
==463133==    at 0x4C48CEB: socket (syscall-template.S:120)
==463133==    by 0x4D8834D: ??? (in /usr/lib/x86_64-linux-gnu/libxcb.so.1.1.0)
==463133==    by 0x4D8A797: xcb_connect_to_display_with_auth_info (in /usr/lib/x86_64-linux-gnu/libxcb.so.1.1.0)
==463133==    by 0x491BDE9: _XConnectXCB (in /usr/lib/x86_64-linux-gnu/libX11.so.6.4.0)
==463133==    by 0x490BA78: XOpenDisplay (in /usr/lib/x86_64-linux-gnu/libX11.so.6.4.0)
==463133==    by 0x405A77: mlx_init (in /mnt/nfs/homes/motero/42/Poorman-Cub3D/cub3D)
==463133==    by 0x404BD2: ft_mlx_initialize_pointers (mlx_main.c:17)
==463133==    by 0x402C07: main ([0]main.c:36)
==463133== 
==463133== 
==463133== HEAP SUMMARY:
==463133==     in use at exit: 99,561 bytes in 69 blocks
==463133==   total heap usage: 2,468 allocs, 2,399 frees, 175,924 bytes allocated
==463133== 
==463133== 3 bytes in 1 blocks are still reachable in loss record 1 of 42
==463133==    at 0x4848899: malloc (in /usr/libexec/valgrind/vgpreload_memcheck-amd64-linux.so)
==463133==    by 0x4BC960E: strdup (strdup.c:42)
==463133==    by 0x490BA55: XOpenDisplay (in /usr/lib/x86_64-linux-gnu/libX11.so.6.4.0)
==463133==    by 0x405A77: mlx_init (in /mnt/nfs/homes/motero/42/Poorman-Cub3D/cub3D)
==463133==    by 0x404BD2: ft_mlx_initialize_pointers (mlx_main.c:17)
==463133==    by 0x402C07: main ([0]main.c:36)
==463133== 
==463133== 8 bytes in 1 blocks are still reachable in loss record 2 of 42
==463133==    at 0x4848899: malloc (in /usr/libexec/valgrind/vgpreload_memcheck-amd64-linux.so)
==463133==    by 0x4BC960E: strdup (strdup.c:42)
==463133==    by 0x49088BE: XInitExtension (in /usr/lib/x86_64-linux-gnu/libX11.so.6.4.0)
==463133==    by 0x48CD820: XextAddDisplay (in /usr/lib/x86_64-linux-gnu/libXext.so.6.4.0)
==463133==    by 0x48D29E2: XShmQueryVersion (in /usr/lib/x86_64-linux-gnu/libXext.so.6.4.0)
==463133==    by 0x4058B3: mlx_int_deal_shm (in /mnt/nfs/homes/motero/42/Poorman-Cub3D/cub3D)
==463133==    by 0x405B31: mlx_init (in /mnt/nfs/homes/motero/42/Poorman-Cub3D/cub3D)
==463133==    by 0x404BD2: ft_mlx_initialize_pointers (mlx_main.c:17)
==463133==    by 0x402C07: main ([0]main.c:36)
==463133== 
==463133== 8 bytes in 1 blocks are still reachable in loss record 3 of 42
==463133==    at 0x4848899: malloc (in /usr/libexec/valgrind/vgpreload_memcheck-amd64-linux.so)
==463133==    by 0x48CBB34: ??? (in /usr/lib/x86_64-linux-gnu/libXext.so.6.4.0)
==463133==    by 0x48CD9DF: XextAddDisplay (in /usr/lib/x86_64-linux-gnu/libXext.so.6.4.0)
==463133==    by 0x48D29E2: XShmQueryVersion (in /usr/lib/x86_64-linux-gnu/libXext.so.6.4.0)
==463133==    by 0x4058B3: mlx_int_deal_shm (in /mnt/nfs/homes/motero/42/Poorman-Cub3D/cub3D)
==463133==    by 0x405B31: mlx_init (in /mnt/nfs/homes/motero/42/Poorman-Cub3D/cub3D)
==463133==    by 0x404BD2: ft_mlx_initialize_pointers (mlx_main.c:17)
==463133==    by 0x402C07: main ([0]main.c:36)
==463133== 
==463133== 10 bytes in 1 blocks are still reachable in loss record 4 of 42
==463133==    at 0x4848899: malloc (in /usr/libexec/valgrind/vgpreload_memcheck-amd64-linux.so)
==463133==    by 0x4BC960E: strdup (strdup.c:42)
==463133==    by 0x49088BE: XInitExtension (in /usr/lib/x86_64-linux-gnu/libX11.so.6.4.0)
==463133==    by 0x4971FD3: XkbUseExtension (in /usr/lib/x86_64-linux-gnu/libX11.so.6.4.0)
==463133==    by 0x490C5B8: XOpenDisplay (in /usr/lib/x86_64-linux-gnu/libX11.so.6.4.0)
==463133==    by 0x405A77: mlx_init (in /mnt/nfs/homes/motero/42/Poorman-Cub3D/cub3D)
==463133==    by 0x404BD2: ft_mlx_initialize_pointers (mlx_main.c:17)
==463133==    by 0x402C07: main ([0]main.c:36)
==463133== 
==463133== 16 bytes in 1 blocks are still reachable in loss record 5 of 42
==463133==    at 0x4848899: malloc (in /usr/libexec/valgrind/vgpreload_memcheck-amd64-linux.so)
==463133==    by 0x4D8A2EE: xcb_connect_to_fd (in /usr/lib/x86_64-linux-gnu/libxcb.so.1.1.0)
==463133==    by 0x4D8AE6B: xcb_connect_to_display_with_auth_info (in /usr/lib/x86_64-linux-gnu/libxcb.so.1.1.0)
==463133==    by 0x491BDE9: _XConnectXCB (in /usr/lib/x86_64-linux-gnu/libX11.so.6.4.0)
==463133==    by 0x490BA78: XOpenDisplay (in /usr/lib/x86_64-linux-gnu/libX11.so.6.4.0)
==463133==    by 0x405A77: mlx_init (in /mnt/nfs/homes/motero/42/Poorman-Cub3D/cub3D)
==463133==    by 0x404BD2: ft_mlx_initialize_pointers (mlx_main.c:17)
==463133==    by 0x402C07: main ([0]main.c:36)
==463133== 
==463133== 21 bytes in 1 blocks are still reachable in loss record 6 of 42
==463133==    at 0x4848899: malloc (in /usr/libexec/valgrind/vgpreload_memcheck-amd64-linux.so)
==463133==    by 0x490BF4E: XOpenDisplay (in /usr/lib/x86_64-linux-gnu/libX11.so.6.4.0)
==463133==    by 0x405A77: mlx_init (in /mnt/nfs/homes/motero/42/Poorman-Cub3D/cub3D)
==463133==    by 0x404BD2: ft_mlx_initialize_pointers (mlx_main.c:17)
==463133==    by 0x402C07: main ([0]main.c:36)
==463133== 
==463133== 24 bytes in 1 blocks are still reachable in loss record 7 of 42
==463133==    at 0x4848899: malloc (in /usr/libexec/valgrind/vgpreload_memcheck-amd64-linux.so)
==463133==    by 0x48CD041: XextCreateExtension (in /usr/lib/x86_64-linux-gnu/libXext.so.6.4.0)
==463133==    by 0x48CD4CC: ??? (in /usr/lib/x86_64-linux-gnu/libXext.so.6.4.0)
==463133==    by 0x48CD9C8: XextAddDisplay (in /usr/lib/x86_64-linux-gnu/libXext.so.6.4.0)
==463133==    by 0x48D29E2: XShmQueryVersion (in /usr/lib/x86_64-linux-gnu/libXext.so.6.4.0)
==463133==    by 0x4058B3: mlx_int_deal_shm (in /mnt/nfs/homes/motero/42/Poorman-Cub3D/cub3D)
==463133==    by 0x405B31: mlx_init (in /mnt/nfs/homes/motero/42/Poorman-Cub3D/cub3D)
==463133==    by 0x404BD2: ft_mlx_initialize_pointers (mlx_main.c:17)
==463133==    by 0x402C07: main ([0]main.c:36)
==463133== 
==463133== 24 bytes in 1 blocks are still reachable in loss record 8 of 42
==463133==    at 0x4848899: malloc (in /usr/libexec/valgrind/vgpreload_memcheck-amd64-linux.so)
==463133==    by 0x4BC960E: strdup (strdup.c:42)
==463133==    by 0x49088BE: XInitExtension (in /usr/lib/x86_64-linux-gnu/libX11.so.6.4.0)
==463133==    by 0x48CD820: XextAddDisplay (in /usr/lib/x86_64-linux-gnu/libXext.so.6.4.0)
==463133==    by 0x48CD50A: ??? (in /usr/lib/x86_64-linux-gnu/libXext.so.6.4.0)
==463133==    by 0x48CD9C8: XextAddDisplay (in /usr/lib/x86_64-linux-gnu/libXext.so.6.4.0)
==463133==    by 0x48D29E2: XShmQueryVersion (in /usr/lib/x86_64-linux-gnu/libXext.so.6.4.0)
==463133==    by 0x4058B3: mlx_int_deal_shm (in /mnt/nfs/homes/motero/42/Poorman-Cub3D/cub3D)
==463133==    by 0x405B31: mlx_init (in /mnt/nfs/homes/motero/42/Poorman-Cub3D/cub3D)
==463133==    by 0x404BD2: ft_mlx_initialize_pointers (mlx_main.c:17)
==463133==    by 0x402C07: main ([0]main.c:36)
==463133== 
==463133== 24 bytes in 1 blocks are still reachable in loss record 9 of 42
==463133==    at 0x4848899: malloc (in /usr/libexec/valgrind/vgpreload_memcheck-amd64-linux.so)
==463133==    by 0x48CD9F5: XextAddDisplay (in /usr/lib/x86_64-linux-gnu/libXext.so.6.4.0)
==463133==    by 0x48D29E2: XShmQueryVersion (in /usr/lib/x86_64-linux-gnu/libXext.so.6.4.0)
==463133==    by 0x4058B3: mlx_int_deal_shm (in /mnt/nfs/homes/motero/42/Poorman-Cub3D/cub3D)
==463133==    by 0x405B31: mlx_init (in /mnt/nfs/homes/motero/42/Poorman-Cub3D/cub3D)
==463133==    by 0x404BD2: ft_mlx_initialize_pointers (mlx_main.c:17)
==463133==    by 0x402C07: main ([0]main.c:36)
==463133== 
==463133== 24 bytes in 1 blocks are still reachable in loss record 10 of 42
==463133==    at 0x4848899: malloc (in /usr/libexec/valgrind/vgpreload_memcheck-amd64-linux.so)
==463133==    by 0x4919965: ??? (in /usr/lib/x86_64-linux-gnu/libX11.so.6.4.0)
==463133==    by 0x49221C6: _XReply (in /usr/lib/x86_64-linux-gnu/libX11.so.6.4.0)
==463133==    by 0x491534E: XSync (in /usr/lib/x86_64-linux-gnu/libX11.so.6.4.0)
==463133==    by 0x407027: mlx_int_new_xshm_image (in /mnt/nfs/homes/motero/42/Poorman-Cub3D/cub3D)
==463133==    by 0x407262: mlx_new_image (in /mnt/nfs/homes/motero/42/Poorman-Cub3D/cub3D)
==463133==    by 0x406607: mlx_int_parse_xpm (in /mnt/nfs/homes/motero/42/Poorman-Cub3D/cub3D)
==463133==    by 0x406A41: mlx_xpm_file_to_image (in /mnt/nfs/homes/motero/42/Poorman-Cub3D/cub3D)
==463133==    by 0x4037EB: textures_to_data ([7]store_into_data_struct.c:26)
==463133==    by 0x404447: parsing_text ([2]parsing_text.c:51)
==463133==    by 0x402D1A: main_parsing ([0]main_parsing.c:19)
==463133==    by 0x402C32: main ([0]main.c:39)
==463133== 
==463133== 29 bytes in 1 blocks are still reachable in loss record 11 of 42
==463133==    at 0x4848899: malloc (in /usr/libexec/valgrind/vgpreload_memcheck-amd64-linux.so)
==463133==    by 0x4904EED: _XUpdateAtomCache (in /usr/lib/x86_64-linux-gnu/libX11.so.6.4.0)
==463133==    by 0x4907839: XInternAtom (in /usr/lib/x86_64-linux-gnu/libX11.so.6.4.0)
==463133==    by 0x405B22: mlx_init (in /mnt/nfs/homes/motero/42/Poorman-Cub3D/cub3D)
==463133==    by 0x404BD2: ft_mlx_initialize_pointers (mlx_main.c:17)
==463133==    by 0x402C07: main ([0]main.c:36)
==463133== 
==463133== 32 bytes in 1 blocks are still reachable in loss record 12 of 42
==463133==    at 0x48487A9: malloc (in /usr/libexec/valgrind/vgpreload_memcheck-amd64-linux.so)
==463133==    by 0x4D8E15E: ??? (in /usr/lib/x86_64-linux-gnu/libxcb.so.1.1.0)
==463133==    by 0x4D8E237: xcb_get_extension_data (in /usr/lib/x86_64-linux-gnu/libxcb.so.1.1.0)
==463133==    by 0x4D8E2EE: xcb_prefetch_maximum_request_length (in /usr/lib/x86_64-linux-gnu/libxcb.so.1.1.0)
==463133==    by 0x4D8E364: xcb_get_maximum_request_length (in /usr/lib/x86_64-linux-gnu/libxcb.so.1.1.0)
==463133==    by 0x490C43B: XOpenDisplay (in /usr/lib/x86_64-linux-gnu/libX11.so.6.4.0)
==463133==    by 0x405A77: mlx_init (in /mnt/nfs/homes/motero/42/Poorman-Cub3D/cub3D)
==463133==    by 0x404BD2: ft_mlx_initialize_pointers (mlx_main.c:17)
==463133==    by 0x402C07: main ([0]main.c:36)
==463133== 
==463133== 32 bytes in 1 blocks are still reachable in loss record 13 of 42
==463133==    at 0x4848899: malloc (in /usr/libexec/valgrind/vgpreload_memcheck-amd64-linux.so)
==463133==    by 0x4D871B7: ??? (in /usr/lib/x86_64-linux-gnu/libxcb.so.1.1.0)
==463133==    by 0x4D87A08: ??? (in /usr/lib/x86_64-linux-gnu/libxcb.so.1.1.0)
==463133==    by 0x4D87EB0: ??? (in /usr/lib/x86_64-linux-gnu/libxcb.so.1.1.0)
==463133==    by 0x4D88E44: xcb_wait_for_reply (in /usr/lib/x86_64-linux-gnu/libxcb.so.1.1.0)
==463133==    by 0x4D8E292: xcb_get_extension_data (in /usr/lib/x86_64-linux-gnu/libxcb.so.1.1.0)
==463133==    by 0x4D8E2EE: xcb_prefetch_maximum_request_length (in /usr/lib/x86_64-linux-gnu/libxcb.so.1.1.0)
==463133==    by 0x4D8E364: xcb_get_maximum_request_length (in /usr/lib/x86_64-linux-gnu/libxcb.so.1.1.0)
==463133==    by 0x490C43B: XOpenDisplay (in /usr/lib/x86_64-linux-gnu/libX11.so.6.4.0)
==463133==    by 0x405A77: mlx_init (in /mnt/nfs/homes/motero/42/Poorman-Cub3D/cub3D)
==463133==    by 0x404BD2: ft_mlx_initialize_pointers (mlx_main.c:17)
==463133==    by 0x402C07: main ([0]main.c:36)
==463133== 
==463133== 32 bytes in 1 blocks are still reachable in loss record 14 of 42
==463133==    at 0x4848899: malloc (in /usr/libexec/valgrind/vgpreload_memcheck-amd64-linux.so)
==463133==    by 0x48CD7FF: XextAddDisplay (in /usr/lib/x86_64-linux-gnu/libXext.so.6.4.0)
==463133==    by 0x48D29E2: XShmQueryVersion (in /usr/lib/x86_64-linux-gnu/libXext.so.6.4.0)
==463133==    by 0x4058B3: mlx_int_deal_shm (in /mnt/nfs/homes/motero/42/Poorman-Cub3D/cub3D)
==463133==    by 0x405B31: mlx_init (in /mnt/nfs/homes/motero/42/Poorman-Cub3D/cub3D)
==463133==    by 0x404BD2: ft_mlx_initialize_pointers (mlx_main.c:17)
==463133==    by 0x402C07: main ([0]main.c:36)
==463133== 
==463133== 32 bytes in 1 blocks are still reachable in loss record 15 of 42
==463133==    at 0x4848899: malloc (in /usr/libexec/valgrind/vgpreload_memcheck-amd64-linux.so)
==463133==    by 0x48CD7FF: XextAddDisplay (in /usr/lib/x86_64-linux-gnu/libXext.so.6.4.0)
==463133==    by 0x48CD50A: ??? (in /usr/lib/x86_64-linux-gnu/libXext.so.6.4.0)
==463133==    by 0x48CD9C8: XextAddDisplay (in /usr/lib/x86_64-linux-gnu/libXext.so.6.4.0)
==463133==    by 0x48D29E2: XShmQueryVersion (in /usr/lib/x86_64-linux-gnu/libXext.so.6.4.0)
==463133==    by 0x4058B3: mlx_int_deal_shm (in /mnt/nfs/homes/motero/42/Poorman-Cub3D/cub3D)
==463133==    by 0x405B31: mlx_init (in /mnt/nfs/homes/motero/42/Poorman-Cub3D/cub3D)
==463133==    by 0x404BD2: ft_mlx_initialize_pointers (mlx_main.c:17)
==463133==    by 0x402C07: main ([0]main.c:36)
==463133== 
==463133== 33 bytes in 1 blocks are still reachable in loss record 16 of 42
==463133==    at 0x4848899: malloc (in /usr/libexec/valgrind/vgpreload_memcheck-amd64-linux.so)
==463133==    by 0x4904EED: _XUpdateAtomCache (in /usr/lib/x86_64-linux-gnu/libX11.so.6.4.0)
==463133==    by 0x4907839: XInternAtom (in /usr/lib/x86_64-linux-gnu/libX11.so.6.4.0)
==463133==    by 0x405B0B: mlx_init (in /mnt/nfs/homes/motero/42/Poorman-Cub3D/cub3D)
==463133==    by 0x404BD2: ft_mlx_initialize_pointers (mlx_main.c:17)
==463133==    by 0x402C07: main ([0]main.c:36)
==463133== 
==463133== 40 bytes in 1 blocks are still reachable in loss record 17 of 42
==463133==    at 0x4848899: malloc (in /usr/libexec/valgrind/vgpreload_memcheck-amd64-linux.so)
==463133==    by 0x491C0F1: _XPollfdCacheInit (in /usr/lib/x86_64-linux-gnu/libX11.so.6.4.0)
==463133==    by 0x490BD81: XOpenDisplay (in /usr/lib/x86_64-linux-gnu/libX11.so.6.4.0)
==463133==    by 0x405A77: mlx_init (in /mnt/nfs/homes/motero/42/Poorman-Cub3D/cub3D)
==463133==    by 0x404BD2: ft_mlx_initialize_pointers (mlx_main.c:17)
==463133==    by 0x402C07: main ([0]main.c:36)
==463133== 
==463133== 48 bytes in 1 blocks are still reachable in loss record 18 of 42
==463133==    at 0x4848899: malloc (in /usr/libexec/valgrind/vgpreload_memcheck-amd64-linux.so)
==463133==    by 0x491BD71: _XConnectXCB (in /usr/lib/x86_64-linux-gnu/libX11.so.6.4.0)
==463133==    by 0x490BA78: XOpenDisplay (in /usr/lib/x86_64-linux-gnu/libX11.so.6.4.0)
==463133==    by 0x405A77: mlx_init (in /mnt/nfs/homes/motero/42/Poorman-Cub3D/cub3D)
==463133==    by 0x404BD2: ft_mlx_initialize_pointers (mlx_main.c:17)
==463133==    by 0x402C07: main ([0]main.c:36)
==463133== 
==463133== 48 bytes in 1 blocks are still reachable in loss record 19 of 42
==463133==    at 0x4848899: malloc (in /usr/libexec/valgrind/vgpreload_memcheck-amd64-linux.so)
==463133==    by 0x491BD87: _XConnectXCB (in /usr/lib/x86_64-linux-gnu/libX11.so.6.4.0)
==463133==    by 0x490BA78: XOpenDisplay (in /usr/lib/x86_64-linux-gnu/libX11.so.6.4.0)
==463133==    by 0x405A77: mlx_init (in /mnt/nfs/homes/motero/42/Poorman-Cub3D/cub3D)
==463133==    by 0x404BD2: ft_mlx_initialize_pointers (mlx_main.c:17)
==463133==    by 0x402C07: main ([0]main.c:36)
==463133== 
==463133== 72 bytes in 1 blocks are still reachable in loss record 20 of 42
==463133==    at 0x484DA83: calloc (in /usr/libexec/valgrind/vgpreload_memcheck-amd64-linux.so)
==463133==    by 0x490BE30: XOpenDisplay (in /usr/lib/x86_64-linux-gnu/libX11.so.6.4.0)
==463133==    by 0x405A77: mlx_init (in /mnt/nfs/homes/motero/42/Poorman-Cub3D/cub3D)
==463133==    by 0x404BD2: ft_mlx_initialize_pointers (mlx_main.c:17)
==463133==    by 0x402C07: main ([0]main.c:36)
==463133== 
==463133== 112 bytes in 1 blocks are still reachable in loss record 21 of 42
==463133==    at 0x484DA83: calloc (in /usr/libexec/valgrind/vgpreload_memcheck-amd64-linux.so)
==463133==    by 0x491BC72: _XConnectXCB (in /usr/lib/x86_64-linux-gnu/libX11.so.6.4.0)
==463133==    by 0x490BA78: XOpenDisplay (in /usr/lib/x86_64-linux-gnu/libX11.so.6.4.0)
==463133==    by 0x405A77: mlx_init (in /mnt/nfs/homes/motero/42/Poorman-Cub3D/cub3D)
==463133==    by 0x404BD2: ft_mlx_initialize_pointers (mlx_main.c:17)
==463133==    by 0x402C07: main ([0]main.c:36)
==463133== 
==463133== 112 bytes in 1 blocks are still reachable in loss record 22 of 42
==463133==    at 0x484DA83: calloc (in /usr/libexec/valgrind/vgpreload_memcheck-amd64-linux.so)
==463133==    by 0x490C110: XOpenDisplay (in /usr/lib/x86_64-linux-gnu/libX11.so.6.4.0)
==463133==    by 0x405A77: mlx_init (in /mnt/nfs/homes/motero/42/Poorman-Cub3D/cub3D)
==463133==    by 0x404BD2: ft_mlx_initialize_pointers (mlx_main.c:17)
==463133==    by 0x402C07: main ([0]main.c:36)
==463133== 
==463133== 128 bytes in 1 blocks are still reachable in loss record 23 of 42
==463133==    at 0x484DA83: calloc (in /usr/libexec/valgrind/vgpreload_memcheck-amd64-linux.so)
==463133==    by 0x490C03E: XOpenDisplay (in /usr/lib/x86_64-linux-gnu/libX11.so.6.4.0)
==463133==    by 0x405A77: mlx_init (in /mnt/nfs/homes/motero/42/Poorman-Cub3D/cub3D)
==463133==    by 0x404BD2: ft_mlx_initialize_pointers (mlx_main.c:17)
==463133==    by 0x402C07: main ([0]main.c:36)
==463133== 
==463133== 128 bytes in 1 blocks are still reachable in loss record 24 of 42
==463133==    at 0x484DA83: calloc (in /usr/libexec/valgrind/vgpreload_memcheck-amd64-linux.so)
==463133==    by 0x49088AE: XInitExtension (in /usr/lib/x86_64-linux-gnu/libX11.so.6.4.0)
==463133==    by 0x4971FD3: XkbUseExtension (in /usr/lib/x86_64-linux-gnu/libX11.so.6.4.0)
==463133==    by 0x490C5B8: XOpenDisplay (in /usr/lib/x86_64-linux-gnu/libX11.so.6.4.0)
==463133==    by 0x405A77: mlx_init (in /mnt/nfs/homes/motero/42/Poorman-Cub3D/cub3D)
==463133==    by 0x404BD2: ft_mlx_initialize_pointers (mlx_main.c:17)
==463133==    by 0x402C07: main ([0]main.c:36)
==463133== 
==463133== 128 bytes in 1 blocks are still reachable in loss record 25 of 42
==463133==    at 0x484DA83: calloc (in /usr/libexec/valgrind/vgpreload_memcheck-amd64-linux.so)
==463133==    by 0x49088AE: XInitExtension (in /usr/lib/x86_64-linux-gnu/libX11.so.6.4.0)
==463133==    by 0x48CD820: XextAddDisplay (in /usr/lib/x86_64-linux-gnu/libXext.so.6.4.0)
==463133==    by 0x48D29E2: XShmQueryVersion (in /usr/lib/x86_64-linux-gnu/libXext.so.6.4.0)
==463133==    by 0x4058B3: mlx_int_deal_shm (in /mnt/nfs/homes/motero/42/Poorman-Cub3D/cub3D)
==463133==    by 0x405B31: mlx_init (in /mnt/nfs/homes/motero/42/Poorman-Cub3D/cub3D)
==463133==    by 0x404BD2: ft_mlx_initialize_pointers (mlx_main.c:17)
==463133==    by 0x402C07: main ([0]main.c:36)
==463133== 
==463133== 128 bytes in 1 blocks are still reachable in loss record 26 of 42
==463133==    at 0x484DA83: calloc (in /usr/libexec/valgrind/vgpreload_memcheck-amd64-linux.so)
==463133==    by 0x49088AE: XInitExtension (in /usr/lib/x86_64-linux-gnu/libX11.so.6.4.0)
==463133==    by 0x48CD820: XextAddDisplay (in /usr/lib/x86_64-linux-gnu/libXext.so.6.4.0)
==463133==    by 0x48CD50A: ??? (in /usr/lib/x86_64-linux-gnu/libXext.so.6.4.0)
==463133==    by 0x48CD9C8: XextAddDisplay (in /usr/lib/x86_64-linux-gnu/libXext.so.6.4.0)
==463133==    by 0x48D29E2: XShmQueryVersion (in /usr/lib/x86_64-linux-gnu/libXext.so.6.4.0)
==463133==    by 0x4058B3: mlx_int_deal_shm (in /mnt/nfs/homes/motero/42/Poorman-Cub3D/cub3D)
==463133==    by 0x405B31: mlx_init (in /mnt/nfs/homes/motero/42/Poorman-Cub3D/cub3D)
==463133==    by 0x404BD2: ft_mlx_initialize_pointers (mlx_main.c:17)
==463133==    by 0x402C07: main ([0]main.c:36)
==463133== 
==463133== 149 bytes in 1 blocks are still reachable in loss record 27 of 42
==463133==    at 0x4848899: malloc (in /usr/libexec/valgrind/vgpreload_memcheck-amd64-linux.so)
==463133==    by 0x490C620: XOpenDisplay (in /usr/lib/x86_64-linux-gnu/libX11.so.6.4.0)
==463133==    by 0x405A77: mlx_init (in /mnt/nfs/homes/motero/42/Poorman-Cub3D/cub3D)
==463133==    by 0x404BD2: ft_mlx_initialize_pointers (mlx_main.c:17)
==463133==    by 0x402C07: main ([0]main.c:36)
==463133== 
==463133== 152 bytes in 1 blocks are still reachable in loss record 28 of 42
==463133==    at 0x484DA83: calloc (in /usr/libexec/valgrind/vgpreload_memcheck-amd64-linux.so)
==463133==    by 0x49721CE: XkbUseExtension (in /usr/lib/x86_64-linux-gnu/libX11.so.6.4.0)
==463133==    by 0x490C5B8: XOpenDisplay (in /usr/lib/x86_64-linux-gnu/libX11.so.6.4.0)
==463133==    by 0x405A77: mlx_init (in /mnt/nfs/homes/motero/42/Poorman-Cub3D/cub3D)
==463133==    by 0x404BD2: ft_mlx_initialize_pointers (mlx_main.c:17)
==463133==    by 0x402C07: main ([0]main.c:36)
==463133== 
==463133== 160 bytes in 1 blocks are still reachable in loss record 29 of 42
==463133==    at 0x4848899: malloc (in /usr/libexec/valgrind/vgpreload_memcheck-amd64-linux.so)
==463133==    by 0x48FA9AF: XCreateGC (in /usr/lib/x86_64-linux-gnu/libX11.so.6.4.0)
==463133==    by 0x490C4B4: XOpenDisplay (in /usr/lib/x86_64-linux-gnu/libX11.so.6.4.0)
==463133==    by 0x405A77: mlx_init (in /mnt/nfs/homes/motero/42/Poorman-Cub3D/cub3D)
==463133==    by 0x404BD2: ft_mlx_initialize_pointers (mlx_main.c:17)
==463133==    by 0x402C07: main ([0]main.c:36)
==463133== 
==463133== 168 bytes in 1 blocks are still reachable in loss record 30 of 42
==463133==    at 0x484DA83: calloc (in /usr/libexec/valgrind/vgpreload_memcheck-amd64-linux.so)
==463133==    by 0x490BFC2: XOpenDisplay (in /usr/lib/x86_64-linux-gnu/libX11.so.6.4.0)
==463133==    by 0x405A77: mlx_init (in /mnt/nfs/homes/motero/42/Poorman-Cub3D/cub3D)
==463133==    by 0x404BD2: ft_mlx_initialize_pointers (mlx_main.c:17)
==463133==    by 0x402C07: main ([0]main.c:36)
==463133== 
==463133== 208 bytes in 1 blocks are still reachable in loss record 31 of 42
==463133==    at 0x4848899: malloc (in /usr/libexec/valgrind/vgpreload_memcheck-amd64-linux.so)
==463133==    by 0x48CBAE9: ??? (in /usr/lib/x86_64-linux-gnu/libXext.so.6.4.0)
==463133==    by 0x48CD9DF: XextAddDisplay (in /usr/lib/x86_64-linux-gnu/libXext.so.6.4.0)
==463133==    by 0x48D29E2: XShmQueryVersion (in /usr/lib/x86_64-linux-gnu/libXext.so.6.4.0)
==463133==    by 0x4058B3: mlx_int_deal_shm (in /mnt/nfs/homes/motero/42/Poorman-Cub3D/cub3D)
==463133==    by 0x405B31: mlx_init (in /mnt/nfs/homes/motero/42/Poorman-Cub3D/cub3D)
==463133==    by 0x404BD2: ft_mlx_initialize_pointers (mlx_main.c:17)
==463133==    by 0x402C07: main ([0]main.c:36)
==463133== 
==463133== 208 bytes in 1 blocks are still reachable in loss record 32 of 42
==463133==    at 0x4848899: malloc (in /usr/libexec/valgrind/vgpreload_memcheck-amd64-linux.so)
==463133==    by 0x491DEAE: _XEnq (in /usr/lib/x86_64-linux-gnu/libX11.so.6.4.0)
==463133==    by 0x4920AB6: ??? (in /usr/lib/x86_64-linux-gnu/libX11.so.6.4.0)
==463133==    by 0x4921DC0: _XReadEvents (in /usr/lib/x86_64-linux-gnu/libX11.so.6.4.0)
==463133==    by 0x4922105: XWindowEvent (in /usr/lib/x86_64-linux-gnu/libX11.so.6.4.0)
==463133==    by 0x405E05: mlx_int_wait_first_expose (in /mnt/nfs/homes/motero/42/Poorman-Cub3D/cub3D)
==463133==    by 0x405CED: mlx_new_window (in /mnt/nfs/homes/motero/42/Poorman-Cub3D/cub3D)
==463133==    by 0x404C22: ft_mlx_initialize_pointers (mlx_main.c:20)
==463133==    by 0x402C07: main ([0]main.c:36)
==463133== 
==463133== 416 bytes in 2 blocks are still reachable in loss record 33 of 42
==463133==    at 0x4848899: malloc (in /usr/libexec/valgrind/vgpreload_memcheck-amd64-linux.so)
==463133==    by 0x491DEAE: _XEnq (in /usr/lib/x86_64-linux-gnu/libX11.so.6.4.0)
==463133==    by 0x4920AB6: ??? (in /usr/lib/x86_64-linux-gnu/libX11.so.6.4.0)
==463133==    by 0x4921E01: _XReadEvents (in /usr/lib/x86_64-linux-gnu/libX11.so.6.4.0)
==463133==    by 0x4922105: XWindowEvent (in /usr/lib/x86_64-linux-gnu/libX11.so.6.4.0)
==463133==    by 0x405E05: mlx_int_wait_first_expose (in /mnt/nfs/homes/motero/42/Poorman-Cub3D/cub3D)
==463133==    by 0x405CED: mlx_new_window (in /mnt/nfs/homes/motero/42/Poorman-Cub3D/cub3D)
==463133==    by 0x404C22: ft_mlx_initialize_pointers (mlx_main.c:20)
==463133==    by 0x402C07: main ([0]main.c:36)
==463133== 
==463133== 512 bytes in 1 blocks are still reachable in loss record 34 of 42
==463133==    at 0x484DA83: calloc (in /usr/libexec/valgrind/vgpreload_memcheck-amd64-linux.so)
==463133==    by 0x490730A: ??? (in /usr/lib/x86_64-linux-gnu/libX11.so.6.4.0)
==463133==    by 0x490775E: XInternAtom (in /usr/lib/x86_64-linux-gnu/libX11.so.6.4.0)
==463133==    by 0x405B0B: mlx_init (in /mnt/nfs/homes/motero/42/Poorman-Cub3D/cub3D)
==463133==    by 0x404BD2: ft_mlx_initialize_pointers (mlx_main.c:17)
==463133==    by 0x402C07: main ([0]main.c:36)
==463133== 
==463133== 1,248 bytes in 6 blocks are still reachable in loss record 35 of 42
==463133==    at 0x4848899: malloc (in /usr/libexec/valgrind/vgpreload_memcheck-amd64-linux.so)
==463133==    by 0x491DEAE: _XEnq (in /usr/lib/x86_64-linux-gnu/libX11.so.6.4.0)
==463133==    by 0x4920AB6: ??? (in /usr/lib/x86_64-linux-gnu/libX11.so.6.4.0)
==463133==    by 0x4921DC0: _XReadEvents (in /usr/lib/x86_64-linux-gnu/libX11.so.6.4.0)
==463133==    by 0x49220D0: XWindowEvent (in /usr/lib/x86_64-linux-gnu/libX11.so.6.4.0)
==463133==    by 0x405E05: mlx_int_wait_first_expose (in /mnt/nfs/homes/motero/42/Poorman-Cub3D/cub3D)
==463133==    by 0x405CED: mlx_new_window (in /mnt/nfs/homes/motero/42/Poorman-Cub3D/cub3D)
==463133==    by 0x404C22: ft_mlx_initialize_pointers (mlx_main.c:20)
==463133==    by 0x402C07: main ([0]main.c:36)
==463133== 
==463133== 1,456 bytes in 7 blocks are still reachable in loss record 36 of 42
==463133==    at 0x4848899: malloc (in /usr/libexec/valgrind/vgpreload_memcheck-amd64-linux.so)
==463133==    by 0x491DEAE: _XEnq (in /usr/lib/x86_64-linux-gnu/libX11.so.6.4.0)
==463133==    by 0x4920AB6: ??? (in /usr/lib/x86_64-linux-gnu/libX11.so.6.4.0)
==463133==    by 0x492230C: _XReply (in /usr/lib/x86_64-linux-gnu/libX11.so.6.4.0)
==463133==    by 0x491534E: XSync (in /usr/lib/x86_64-linux-gnu/libX11.so.6.4.0)
==463133==    by 0x407027: mlx_int_new_xshm_image (in /mnt/nfs/homes/motero/42/Poorman-Cub3D/cub3D)
==463133==    by 0x407262: mlx_new_image (in /mnt/nfs/homes/motero/42/Poorman-Cub3D/cub3D)
==463133==    by 0x406607: mlx_int_parse_xpm (in /mnt/nfs/homes/motero/42/Poorman-Cub3D/cub3D)
==463133==    by 0x406A41: mlx_xpm_file_to_image (in /mnt/nfs/homes/motero/42/Poorman-Cub3D/cub3D)
==463133==    by 0x4037EB: textures_to_data ([7]store_into_data_struct.c:26)
==463133==    by 0x404447: parsing_text ([2]parsing_text.c:51)
==463133==    by 0x402D1A: main_parsing ([0]main_parsing.c:19)
==463133== 
==463133== 3,120 bytes in 15 blocks are still reachable in loss record 37 of 42
==463133==    at 0x4848899: malloc (in /usr/libexec/valgrind/vgpreload_memcheck-amd64-linux.so)
==463133==    by 0x491DEAE: _XEnq (in /usr/lib/x86_64-linux-gnu/libX11.so.6.4.0)
==463133==    by 0x4920AB6: ??? (in /usr/lib/x86_64-linux-gnu/libX11.so.6.4.0)
==463133==    by 0x4921E01: _XReadEvents (in /usr/lib/x86_64-linux-gnu/libX11.so.6.4.0)
==463133==    by 0x49220D0: XWindowEvent (in /usr/lib/x86_64-linux-gnu/libX11.so.6.4.0)
==463133==    by 0x405E05: mlx_int_wait_first_expose (in /mnt/nfs/homes/motero/42/Poorman-Cub3D/cub3D)
==463133==    by 0x405CED: mlx_new_window (in /mnt/nfs/homes/motero/42/Poorman-Cub3D/cub3D)
==463133==    by 0x404C22: ft_mlx_initialize_pointers (mlx_main.c:20)
==463133==    by 0x402C07: main ([0]main.c:36)
==463133== 
==463133== 4,704 bytes in 1 blocks are still reachable in loss record 38 of 42
==463133==    at 0x484DA83: calloc (in /usr/libexec/valgrind/vgpreload_memcheck-amd64-linux.so)
==463133==    by 0x490BA41: XOpenDisplay (in /usr/lib/x86_64-linux-gnu/libX11.so.6.4.0)
==463133==    by 0x405A77: mlx_init (in /mnt/nfs/homes/motero/42/Poorman-Cub3D/cub3D)
==463133==    by 0x404BD2: ft_mlx_initialize_pointers (mlx_main.c:17)
==463133==    by 0x402C07: main ([0]main.c:36)
==463133== 
==463133== 14,612 bytes in 1 blocks are still reachable in loss record 39 of 42
==463133==    at 0x484DCD3: realloc (in /usr/libexec/valgrind/vgpreload_memcheck-amd64-linux.so)
==463133==    by 0x4D8A4FB: xcb_connect_to_fd (in /usr/lib/x86_64-linux-gnu/libxcb.so.1.1.0)
==463133==    by 0x4D8AE6B: xcb_connect_to_display_with_auth_info (in /usr/lib/x86_64-linux-gnu/libxcb.so.1.1.0)
==463133==    by 0x491BDE9: _XConnectXCB (in /usr/lib/x86_64-linux-gnu/libX11.so.6.4.0)
==463133==    by 0x490BA78: XOpenDisplay (in /usr/lib/x86_64-linux-gnu/libX11.so.6.4.0)
==463133==    by 0x405A77: mlx_init (in /mnt/nfs/homes/motero/42/Poorman-Cub3D/cub3D)
==463133==    by 0x404BD2: ft_mlx_initialize_pointers (mlx_main.c:17)
==463133==    by 0x402C07: main ([0]main.c:36)
==463133== 
==463133== 16,384 bytes in 1 blocks are still reachable in loss record 40 of 42
==463133==    at 0x484DA83: calloc (in /usr/libexec/valgrind/vgpreload_memcheck-amd64-linux.so)
==463133==    by 0x490BDCE: XOpenDisplay (in /usr/lib/x86_64-linux-gnu/libX11.so.6.4.0)
==463133==    by 0x405A77: mlx_init (in /mnt/nfs/homes/motero/42/Poorman-Cub3D/cub3D)
==463133==    by 0x404BD2: ft_mlx_initialize_pointers (mlx_main.c:17)
==463133==    by 0x402C07: main ([0]main.c:36)
==463133== 
==463133== 21,168 bytes in 1 blocks are still reachable in loss record 41 of 42
==463133==    at 0x484DA83: calloc (in /usr/libexec/valgrind/vgpreload_memcheck-amd64-linux.so)
==463133==    by 0x4D8A204: xcb_connect_to_fd (in /usr/lib/x86_64-linux-gnu/libxcb.so.1.1.0)
==463133==    by 0x4D8AE6B: xcb_connect_to_display_with_auth_info (in /usr/lib/x86_64-linux-gnu/libxcb.so.1.1.0)
==463133==    by 0x491BDE9: _XConnectXCB (in /usr/lib/x86_64-linux-gnu/libX11.so.6.4.0)
==463133==    by 0x490BA78: XOpenDisplay (in /usr/lib/x86_64-linux-gnu/libX11.so.6.4.0)
==463133==    by 0x405A77: mlx_init (in /mnt/nfs/homes/motero/42/Poorman-Cub3D/cub3D)
==463133==    by 0x404BD2: ft_mlx_initialize_pointers (mlx_main.c:17)
==463133==    by 0x402C07: main ([0]main.c:36)
==463133== 
==463133== 33,600 bytes in 2 blocks are still reachable in loss record 42 of 42
==463133==    at 0x484DA83: calloc (in /usr/libexec/valgrind/vgpreload_memcheck-amd64-linux.so)
==463133==    by 0x490C1A0: XOpenDisplay (in /usr/lib/x86_64-linux-gnu/libX11.so.6.4.0)
==463133==    by 0x405A77: mlx_init (in /mnt/nfs/homes/motero/42/Poorman-Cub3D/cub3D)
==463133==    by 0x404BD2: ft_mlx_initialize_pointers (mlx_main.c:17)
==463133==    by 0x402C07: main ([0]main.c:36)
==463133== 
==463133== LEAK SUMMARY:
==463133==    definitely lost: 0 bytes in 0 blocks
==463133==    indirectly lost: 0 bytes in 0 blocks
==463133==      possibly lost: 0 bytes in 0 blocks
==463133==    still reachable: 99,561 bytes in 69 blocks
==463133==         suppressed: 0 bytes in 0 blocks
==463133== 
==463133== For lists of detected and suppressed errors, rerun with: -s
==463133== ERROR SUMMARY: 0 errors from 0 contexts (suppressed: 1 from 1)
