==1166262== Memcheck, a memory error detector
==1166262== Copyright (C) 2002-2017, and GNU GPL'd, by Julian Seward et al.
==1166262== Using Valgrind-3.18.1 and LibVEX; rerun with -h for copyright info
==1166262== Command: ./cub3D maps/maps_buged/maps_start_with_forbidden_.cub
==1166262== 
Error
Invalid characters in map
==1166262== 
==1166262== FILE DESCRIPTORS: 3 open (3 std) at exit.
==1166262== 
==1166262== HEAP SUMMARY:
==1166262==     in use at exit: 1,322 bytes in 38 blocks
==1166262==   total heap usage: 875,489 allocs, 875,451 frees, 67,859,994 bytes allocated
==1166262== 
==1166262== 6 bytes in 1 blocks are indirectly lost in loss record 1 of 11
==1166262==    at 0x4848899: malloc (in /usr/libexec/valgrind/vgpreload_memcheck-amd64-linux.so)
==1166262==    by 0x404BAC: ft_strdup (ft_strdup.c:21)
==1166262==    by 0x402D07: add_last_color ([5]parsing_colors.c:41)
==1166262==    by 0x402C2F: check_color_elements ([5]parsing_colors.c:22)
==1166262==    by 0x40424F: parsing_lines ([2]parsing_text.c:78)
==1166262==    by 0x403F99: parsing_text ([2]parsing_text.c:40)
==1166262==    by 0x402B6A: main_parsing ([0]main_parsing.c:19)
==1166262==    by 0x402B0F: main ([0]main.c:22)
==1166262== 
==1166262== 9 bytes in 1 blocks are indirectly lost in loss record 2 of 11
==1166262==    at 0x4848899: malloc (in /usr/libexec/valgrind/vgpreload_memcheck-amd64-linux.so)
==1166262==    by 0x404BAC: ft_strdup (ft_strdup.c:21)
==1166262==    by 0x402D07: add_last_color ([5]parsing_colors.c:41)
==1166262==    by 0x402C7F: check_color_elements ([5]parsing_colors.c:27)
==1166262==    by 0x40424F: parsing_lines ([2]parsing_text.c:78)
==1166262==    by 0x403F99: parsing_text ([2]parsing_text.c:40)
==1166262==    by 0x402B6A: main_parsing ([0]main_parsing.c:19)
==1166262==    by 0x402B0F: main ([0]main.c:22)
==1166262== 
==1166262== 18 bytes in 1 blocks are indirectly lost in loss record 3 of 11
==1166262==    at 0x4848899: malloc (in /usr/libexec/valgrind/vgpreload_memcheck-amd64-linux.so)
==1166262==    by 0x404BAC: ft_strdup (ft_strdup.c:21)
==1166262==    by 0x402F67: add_last_texture ([6]parsing_textures.c:51)
==1166262==    by 0x402ECF: check_texture_elements ([6]parsing_textures.c:37)
==1166262==    by 0x404235: parsing_lines ([2]parsing_text.c:78)
==1166262==    by 0x403F99: parsing_text ([2]parsing_text.c:40)
==1166262==    by 0x402B6A: main_parsing ([0]main_parsing.c:19)
==1166262==    by 0x402B0F: main ([0]main.c:22)
==1166262== 
==1166262== 18 bytes in 1 blocks are indirectly lost in loss record 4 of 11
==1166262==    at 0x4848899: malloc (in /usr/libexec/valgrind/vgpreload_memcheck-amd64-linux.so)
==1166262==    by 0x404BAC: ft_strdup (ft_strdup.c:21)
==1166262==    by 0x402F67: add_last_texture ([6]parsing_textures.c:51)
==1166262==    by 0x402E2F: check_texture_elements ([6]parsing_textures.c:27)
==1166262==    by 0x404235: parsing_lines ([2]parsing_text.c:78)
==1166262==    by 0x403F99: parsing_text ([2]parsing_text.c:40)
==1166262==    by 0x402B6A: main_parsing ([0]main_parsing.c:19)
==1166262==    by 0x402B0F: main ([0]main.c:22)
==1166262== 
==1166262== 19 bytes in 1 blocks are indirectly lost in loss record 5 of 11
==1166262==    at 0x4848899: malloc (in /usr/libexec/valgrind/vgpreload_memcheck-amd64-linux.so)
==1166262==    by 0x404BAC: ft_strdup (ft_strdup.c:21)
==1166262==    by 0x402F67: add_last_texture ([6]parsing_textures.c:51)
==1166262==    by 0x402DDF: check_texture_elements ([6]parsing_textures.c:22)
==1166262==    by 0x404235: parsing_lines ([2]parsing_text.c:78)
==1166262==    by 0x403F99: parsing_text ([2]parsing_text.c:40)
==1166262==    by 0x402B6A: main_parsing ([0]main_parsing.c:19)
==1166262==    by 0x402B0F: main ([0]main.c:22)
==1166262== 
==1166262== 19 bytes in 1 blocks are indirectly lost in loss record 6 of 11
==1166262==    at 0x4848899: malloc (in /usr/libexec/valgrind/vgpreload_memcheck-amd64-linux.so)
==1166262==    by 0x404BAC: ft_strdup (ft_strdup.c:21)
==1166262==    by 0x402F67: add_last_texture ([6]parsing_textures.c:51)
==1166262==    by 0x402E7F: check_texture_elements ([6]parsing_textures.c:32)
==1166262==    by 0x404235: parsing_lines ([2]parsing_text.c:78)
==1166262==    by 0x403F99: parsing_text ([2]parsing_text.c:40)
==1166262==    by 0x402B6A: main_parsing ([0]main_parsing.c:19)
==1166262==    by 0x402B0F: main ([0]main.c:22)
==1166262== 
==1166262== 39 (24 direct, 15 indirect) bytes in 1 blocks are definitely lost in loss record 7 of 11
==1166262==    at 0x4848899: malloc (in /usr/libexec/valgrind/vgpreload_memcheck-amd64-linux.so)
==1166262==    by 0x402A8D: ft_calloc (get_next_line_utils.c:86)
==1166262==    by 0x403F40: parsing_text ([2]parsing_text.c:36)
==1166262==    by 0x402B6A: main_parsing ([0]main_parsing.c:19)
==1166262==    by 0x402B0F: main ([0]main.c:22)
==1166262== 
==1166262== 74 bytes in 1 blocks are indirectly lost in loss record 8 of 11
==1166262==    at 0x4848899: malloc (in /usr/libexec/valgrind/vgpreload_memcheck-amd64-linux.so)
==1166262==    by 0x402A8D: ft_calloc (get_next_line_utils.c:86)
==1166262==    by 0x40258B: ft_extract_line (get_next_line.c:50)
==1166262==    by 0x402803: get_next_line (get_next_line.c:111)
==1166262==    by 0x40432A: parsing_lines ([2]parsing_text.c:101)
==1166262==    by 0x403F99: parsing_text ([2]parsing_text.c:40)
==1166262==    by 0x402B6A: main_parsing ([0]main_parsing.c:19)
==1166262==    by 0x402B0F: main ([0]main.c:22)
==1166262== 
==1166262== 114 (40 direct, 74 indirect) bytes in 1 blocks are definitely lost in loss record 9 of 11
==1166262==    at 0x4848899: malloc (in /usr/libexec/valgrind/vgpreload_memcheck-amd64-linux.so)
==1166262==    by 0x402A8D: ft_calloc (get_next_line_utils.c:86)
==1166262==    by 0x403EF6: parsing_text ([2]parsing_text.c:32)
==1166262==    by 0x402B6A: main_parsing ([0]main_parsing.c:19)
==1166262==    by 0x402B0F: main ([0]main.c:22)
==1166262== 
==1166262== 855 bytes in 28 blocks are indirectly lost in loss record 10 of 11
==1166262==    at 0x4848899: malloc (in /usr/libexec/valgrind/vgpreload_memcheck-amd64-linux.so)
==1166262==    by 0x402A8D: ft_calloc (get_next_line_utils.c:86)
==1166262==    by 0x40258B: ft_extract_line (get_next_line.c:50)
==1166262==    by 0x402803: get_next_line (get_next_line.c:111)
==1166262==    by 0x403009: parse_map ([8]parse_map.c:37)
==1166262==    by 0x404277: parsing_lines ([2]parsing_text.c:80)
==1166262==    by 0x403F99: parsing_text ([2]parsing_text.c:40)
==1166262==    by 0x402B6A: main_parsing ([0]main_parsing.c:19)
==1166262==    by 0x402B0F: main ([0]main.c:22)
==1166262== 
==1166262== 1,169 (240 direct, 929 indirect) bytes in 1 blocks are definitely lost in loss record 11 of 11
==1166262==    at 0x4848899: malloc (in /usr/libexec/valgrind/vgpreload_memcheck-amd64-linux.so)
==1166262==    by 0x40302A: parse_map ([8]parse_map.c:39)
==1166262==    by 0x404277: parsing_lines ([2]parsing_text.c:80)
==1166262==    by 0x403F99: parsing_text ([2]parsing_text.c:40)
==1166262==    by 0x402B6A: main_parsing ([0]main_parsing.c:19)
==1166262==    by 0x402B0F: main ([0]main.c:22)
==1166262== 
==1166262== LEAK SUMMARY:
==1166262==    definitely lost: 304 bytes in 3 blocks
==1166262==    indirectly lost: 1,018 bytes in 35 blocks
==1166262==      possibly lost: 0 bytes in 0 blocks
==1166262==    still reachable: 0 bytes in 0 blocks
==1166262==         suppressed: 0 bytes in 0 blocks
==1166262== 
==1166262== For lists of detected and suppressed errors, rerun with: -s
==1166262== ERROR SUMMARY: 3 errors from 3 contexts (suppressed: 0 from 0)
