==413413== Memcheck, a memory error detector
==413413== Copyright (C) 2002-2017, and GNU GPL'd, by Julian Seward et al.
==413413== Using Valgrind-3.18.1 and LibVEX; rerun with -h for copyright info
==413413== Command: ./cub3D maps/maps_buged/maps_start_with_forbidden__copy.cub
==413413== 
Error
Invalid characters in map
==413413== 
==413413== FILE DESCRIPTORS: 4 open (3 std) at exit.
==413413== Open file descriptor 3: maps/maps_buged/maps_start_with_forbidden__copy.cub
==413413==    at 0x4C356EB: open (open64.c:41)
==413413==    by 0x40417C: parsing_lines ([2]parsing_text.c:66)
==413413==    by 0x403F99: parsing_text ([2]parsing_text.c:40)
==413413==    by 0x402B6A: main_parsing ([0]main_parsing.c:19)
==413413==    by 0x402B0F: main ([0]main.c:22)
==413413== 
==413413== 
==413413== HEAP SUMMARY:
==413413==     in use at exit: 1,283 bytes in 38 blocks
==413413==   total heap usage: 875,450 allocs, 875,412 frees, 67,858,809 bytes allocated
==413413== 
==413413== 6 bytes in 1 blocks are indirectly lost in loss record 1 of 11
==413413==    at 0x4848899: malloc (in /usr/libexec/valgrind/vgpreload_memcheck-amd64-linux.so)
==413413==    by 0x404B9C: ft_strdup (ft_strdup.c:21)
==413413==    by 0x402D07: add_last_color ([5]parsing_colors.c:41)
==413413==    by 0x402C2F: check_color_elements ([5]parsing_colors.c:22)
==413413==    by 0x40424F: parsing_lines ([2]parsing_text.c:78)
==413413==    by 0x403F99: parsing_text ([2]parsing_text.c:40)
==413413==    by 0x402B6A: main_parsing ([0]main_parsing.c:19)
==413413==    by 0x402B0F: main ([0]main.c:22)
==413413== 
==413413== 9 bytes in 1 blocks are indirectly lost in loss record 2 of 11
==413413==    at 0x4848899: malloc (in /usr/libexec/valgrind/vgpreload_memcheck-amd64-linux.so)
==413413==    by 0x404B9C: ft_strdup (ft_strdup.c:21)
==413413==    by 0x402D07: add_last_color ([5]parsing_colors.c:41)
==413413==    by 0x402C7F: check_color_elements ([5]parsing_colors.c:27)
==413413==    by 0x40424F: parsing_lines ([2]parsing_text.c:78)
==413413==    by 0x403F99: parsing_text ([2]parsing_text.c:40)
==413413==    by 0x402B6A: main_parsing ([0]main_parsing.c:19)
==413413==    by 0x402B0F: main ([0]main.c:22)
==413413== 
==413413== 18 bytes in 1 blocks are indirectly lost in loss record 3 of 11
==413413==    at 0x4848899: malloc (in /usr/libexec/valgrind/vgpreload_memcheck-amd64-linux.so)
==413413==    by 0x404B9C: ft_strdup (ft_strdup.c:21)
==413413==    by 0x402F67: add_last_texture ([6]parsing_textures.c:51)
==413413==    by 0x402ECF: check_texture_elements ([6]parsing_textures.c:37)
==413413==    by 0x404235: parsing_lines ([2]parsing_text.c:78)
==413413==    by 0x403F99: parsing_text ([2]parsing_text.c:40)
==413413==    by 0x402B6A: main_parsing ([0]main_parsing.c:19)
==413413==    by 0x402B0F: main ([0]main.c:22)
==413413== 
==413413== 18 bytes in 1 blocks are indirectly lost in loss record 4 of 11
==413413==    at 0x4848899: malloc (in /usr/libexec/valgrind/vgpreload_memcheck-amd64-linux.so)
==413413==    by 0x404B9C: ft_strdup (ft_strdup.c:21)
==413413==    by 0x402F67: add_last_texture ([6]parsing_textures.c:51)
==413413==    by 0x402E2F: check_texture_elements ([6]parsing_textures.c:27)
==413413==    by 0x404235: parsing_lines ([2]parsing_text.c:78)
==413413==    by 0x403F99: parsing_text ([2]parsing_text.c:40)
==413413==    by 0x402B6A: main_parsing ([0]main_parsing.c:19)
==413413==    by 0x402B0F: main ([0]main.c:22)
==413413== 
==413413== 19 bytes in 1 blocks are indirectly lost in loss record 5 of 11
==413413==    at 0x4848899: malloc (in /usr/libexec/valgrind/vgpreload_memcheck-amd64-linux.so)
==413413==    by 0x404B9C: ft_strdup (ft_strdup.c:21)
==413413==    by 0x402F67: add_last_texture ([6]parsing_textures.c:51)
==413413==    by 0x402DDF: check_texture_elements ([6]parsing_textures.c:22)
==413413==    by 0x404235: parsing_lines ([2]parsing_text.c:78)
==413413==    by 0x403F99: parsing_text ([2]parsing_text.c:40)
==413413==    by 0x402B6A: main_parsing ([0]main_parsing.c:19)
==413413==    by 0x402B0F: main ([0]main.c:22)
==413413== 
==413413== 19 bytes in 1 blocks are indirectly lost in loss record 6 of 11
==413413==    at 0x4848899: malloc (in /usr/libexec/valgrind/vgpreload_memcheck-amd64-linux.so)
==413413==    by 0x404B9C: ft_strdup (ft_strdup.c:21)
==413413==    by 0x402F67: add_last_texture ([6]parsing_textures.c:51)
==413413==    by 0x402E7F: check_texture_elements ([6]parsing_textures.c:32)
==413413==    by 0x404235: parsing_lines ([2]parsing_text.c:78)
==413413==    by 0x403F99: parsing_text ([2]parsing_text.c:40)
==413413==    by 0x402B6A: main_parsing ([0]main_parsing.c:19)
==413413==    by 0x402B0F: main ([0]main.c:22)
==413413== 
==413413== 39 (24 direct, 15 indirect) bytes in 1 blocks are definitely lost in loss record 7 of 11
==413413==    at 0x4848899: malloc (in /usr/libexec/valgrind/vgpreload_memcheck-amd64-linux.so)
==413413==    by 0x402A8D: ft_calloc (get_next_line_utils.c:86)
==413413==    by 0x403F40: parsing_text ([2]parsing_text.c:36)
==413413==    by 0x402B6A: main_parsing ([0]main_parsing.c:19)
==413413==    by 0x402B0F: main ([0]main.c:22)
==413413== 
==413413== 74 bytes in 1 blocks are indirectly lost in loss record 8 of 11
==413413==    at 0x4848899: malloc (in /usr/libexec/valgrind/vgpreload_memcheck-amd64-linux.so)
==413413==    by 0x402A8D: ft_calloc (get_next_line_utils.c:86)
==413413==    by 0x40258B: ft_extract_line (get_next_line.c:50)
==413413==    by 0x402803: get_next_line (get_next_line.c:111)
==413413==    by 0x40432A: parsing_lines ([2]parsing_text.c:101)
==413413==    by 0x403F99: parsing_text ([2]parsing_text.c:40)
==413413==    by 0x402B6A: main_parsing ([0]main_parsing.c:19)
==413413==    by 0x402B0F: main ([0]main.c:22)
==413413== 
==413413== 114 (40 direct, 74 indirect) bytes in 1 blocks are definitely lost in loss record 9 of 11
==413413==    at 0x4848899: malloc (in /usr/libexec/valgrind/vgpreload_memcheck-amd64-linux.so)
==413413==    by 0x402A8D: ft_calloc (get_next_line_utils.c:86)
==413413==    by 0x403EF6: parsing_text ([2]parsing_text.c:32)
==413413==    by 0x402B6A: main_parsing ([0]main_parsing.c:19)
==413413==    by 0x402B0F: main ([0]main.c:22)
==413413== 
==413413== 816 bytes in 28 blocks are indirectly lost in loss record 10 of 11
==413413==    at 0x4848899: malloc (in /usr/libexec/valgrind/vgpreload_memcheck-amd64-linux.so)
==413413==    by 0x402A8D: ft_calloc (get_next_line_utils.c:86)
==413413==    by 0x40258B: ft_extract_line (get_next_line.c:50)
==413413==    by 0x402803: get_next_line (get_next_line.c:111)
==413413==    by 0x403009: parse_map ([8]parse_map.c:37)
==413413==    by 0x404277: parsing_lines ([2]parsing_text.c:80)
==413413==    by 0x403F99: parsing_text ([2]parsing_text.c:40)
==413413==    by 0x402B6A: main_parsing ([0]main_parsing.c:19)
==413413==    by 0x402B0F: main ([0]main.c:22)
==413413== 
==413413== 1,130 (240 direct, 890 indirect) bytes in 1 blocks are definitely lost in loss record 11 of 11
==413413==    at 0x4848899: malloc (in /usr/libexec/valgrind/vgpreload_memcheck-amd64-linux.so)
==413413==    by 0x40302A: parse_map ([8]parse_map.c:39)
==413413==    by 0x404277: parsing_lines ([2]parsing_text.c:80)
==413413==    by 0x403F99: parsing_text ([2]parsing_text.c:40)
==413413==    by 0x402B6A: main_parsing ([0]main_parsing.c:19)
==413413==    by 0x402B0F: main ([0]main.c:22)
==413413== 
==413413== LEAK SUMMARY:
==413413==    definitely lost: 304 bytes in 3 blocks
==413413==    indirectly lost: 979 bytes in 35 blocks
==413413==      possibly lost: 0 bytes in 0 blocks
==413413==    still reachable: 0 bytes in 0 blocks
==413413==         suppressed: 0 bytes in 0 blocks
==413413== 
==413413== For lists of detected and suppressed errors, rerun with: -s
==413413== ERROR SUMMARY: 3 errors from 3 contexts (suppressed: 0 from 0)
