==413581== Memcheck, a memory error detector
==413581== Copyright (C) 2002-2017, and GNU GPL'd, by Julian Seward et al.
==413581== Using Valgrind-3.18.1 and LibVEX; rerun with -h for copyright info
==413581== Command: ./cub3D maps/maps_buged/max_INT_colors__overwritten_by_right_colors.cub
==413581== 
==413581== 
==413581== FILE DESCRIPTORS: 4 open (3 std) at exit.
==413581== Open file descriptor 3: maps/maps_buged/max_INT_colors__overwritten_by_right_colors.cub
==413581==    at 0x4C356EB: open (open64.c:41)
==413581==    by 0x40417C: parsing_lines ([2]parsing_text.c:66)
==413581==    by 0x403F99: parsing_text ([2]parsing_text.c:40)
==413581==    by 0x402B6A: main_parsing ([0]main_parsing.c:19)
==413581==    by 0x402B0F: main ([0]main.c:22)
==413581== 
==413581== 
==413581== HEAP SUMMARY:
==413581==     in use at exit: 0 bytes in 0 blocks
==413581==   total heap usage: 875,393 allocs, 875,393 frees, 67,856,762 bytes allocated
==413581== 
==413581== All heap blocks were freed -- no leaks are possible
==413581== 
==413581== For lists of detected and suppressed errors, rerun with: -s
==413581== ERROR SUMMARY: 0 errors from 0 contexts (suppressed: 0 from 0)
