==7490== Memcheck, a memory error detector
==7490== Copyright (C) 2002-2017, and GNU GPL'd, by Julian Seward et al.
==7490== Using Valgrind-3.18.1 and LibVEX; rerun with -h for copyright info
==7490== Command: ./cub3D Cub3D-Destroyer/maps/maps_buged/no_rigts.cub
==7490== 
==7490== 
==7490== FILE DESCRIPTORS: 8 open (3 std) at exit.
==7490== Open file descriptor 23:
==7490==    <inherited from parent>
==7490== 
==7490== Open file descriptor 22: /dev/pts/6
==7490==    <inherited from parent>
==7490== 
==7490== Open file descriptor 21: /dev/ptmx
==7490==    <inherited from parent>
==7490== 
==7490== Open file descriptor 20: /home/maofalt/.vscode-server/data/logs/20230304T035113/remoteagent.log
==7490==    <inherited from parent>
==7490== 
==7490== Open file descriptor 19: /home/maofalt/.vscode-server/data/logs/20230304T035113/ptyhost.log
==7490==    <inherited from parent>
==7490== 
==7490== 
==7490== HEAP SUMMARY:
==7490==     in use at exit: 0 bytes in 0 blocks
==7490==   total heap usage: 46,650 allocs, 46,650 frees, 2,254,791 bytes allocated
==7490== 
==7490== All heap blocks were freed -- no leaks are possible
==7490== 
==7490== For lists of detected and suppressed errors, rerun with: -s
==7490== ERROR SUMMARY: 0 errors from 0 contexts (suppressed: 2 from 1)
