==413689== Memcheck, a memory error detector
==413689== Copyright (C) 2002-2017, and GNU GPL'd, by Julian Seward et al.
==413689== Using Valgrind-3.18.1 and LibVEX; rerun with -h for copyright info
==413689== Command: ./cub3D maps/maps_buged/overwritten_by_seveeral_texture_per_line_.cub
==413689== 
Error
Incorrect Map Information
Error
Incorrect Map Information
==413689== 
==413689== FILE DESCRIPTORS: 4 open (3 std) at exit.
==413689== Open file descriptor 3: maps/maps_buged/overwritten_by_seveeral_texture_per_line_.cub
==413689==    at 0x4C356EB: open (open64.c:41)
==413689==    by 0x40417C: parsing_lines ([2]parsing_text.c:66)
==413689==    by 0x403F99: parsing_text ([2]parsing_text.c:40)
==413689==    by 0x402B6A: main_parsing ([0]main_parsing.c:19)
==413689==    by 0x402B0F: main ([0]main.c:22)
==413689== 
==413689== 
==413689== HEAP SUMMARY:
==413689==     in use at exit: 64 bytes in 2 blocks
==413689==   total heap usage: 74 allocs, 72 frees, 1,244 bytes allocated
==413689== 
==413689== 24 bytes in 1 blocks are definitely lost in loss record 1 of 2
==413689==    at 0x4848899: malloc (in /usr/libexec/valgrind/vgpreload_memcheck-amd64-linux.so)
==413689==    by 0x402A8D: ft_calloc (get_next_line_utils.c:86)
==413689==    by 0x403F40: parsing_text ([2]parsing_text.c:36)
==413689==    by 0x402B6A: main_parsing ([0]main_parsing.c:19)
==413689==    by 0x402B0F: main ([0]main.c:22)
==413689== 
==413689== 40 bytes in 1 blocks are definitely lost in loss record 2 of 2
==413689==    at 0x4848899: malloc (in /usr/libexec/valgrind/vgpreload_memcheck-amd64-linux.so)
==413689==    by 0x402A8D: ft_calloc (get_next_line_utils.c:86)
==413689==    by 0x403EF6: parsing_text ([2]parsing_text.c:32)
==413689==    by 0x402B6A: main_parsing ([0]main_parsing.c:19)
==413689==    by 0x402B0F: main ([0]main.c:22)
==413689== 
==413689== LEAK SUMMARY:
==413689==    definitely lost: 64 bytes in 2 blocks
==413689==    indirectly lost: 0 bytes in 0 blocks
==413689==      possibly lost: 0 bytes in 0 blocks
==413689==    still reachable: 0 bytes in 0 blocks
==413689==         suppressed: 0 bytes in 0 blocks
==413689== 
==413689== For lists of detected and suppressed errors, rerun with: -s
==413689== ERROR SUMMARY: 2 errors from 2 contexts (suppressed: 0 from 0)
