==413814== Memcheck, a memory error detector
==413814== Copyright (C) 2002-2017, and GNU GPL'd, by Julian Seward et al.
==413814== Using Valgrind-3.18.1 and LibVEX; rerun with -h for copyright info
==413814== Command: ./cub3D maps/maps_buged/textures_after_map.cub
==413814== 
Error
Incorrect Map Information
Error
Incorrect Map Information
==413814== 
==413814== FILE DESCRIPTORS: 4 open (3 std) at exit.
==413814== Open file descriptor 3: maps/maps_buged/textures_after_map.cub
==413814==    at 0x4C356EB: open (open64.c:41)
==413814==    by 0x40417C: parsing_lines ([2]parsing_text.c:66)
==413814==    by 0x403F99: parsing_text ([2]parsing_text.c:40)
==413814==    by 0x402B6A: main_parsing ([0]main_parsing.c:19)
==413814==    by 0x402B0F: main ([0]main.c:22)
==413814== 
==413814== 
==413814== HEAP SUMMARY:
==413814==     in use at exit: 79 bytes in 4 blocks
==413814==   total heap usage: 119 allocs, 115 frees, 2,045 bytes allocated
==413814== 
==413814== 6 bytes in 1 blocks are indirectly lost in loss record 1 of 4
==413814==    at 0x4848899: malloc (in /usr/libexec/valgrind/vgpreload_memcheck-amd64-linux.so)
==413814==    by 0x404B9C: ft_strdup (ft_strdup.c:21)
==413814==    by 0x402D07: add_last_color ([5]parsing_colors.c:41)
==413814==    by 0x402C2F: check_color_elements ([5]parsing_colors.c:22)
==413814==    by 0x40424F: parsing_lines ([2]parsing_text.c:78)
==413814==    by 0x403F99: parsing_text ([2]parsing_text.c:40)
==413814==    by 0x402B6A: main_parsing ([0]main_parsing.c:19)
==413814==    by 0x402B0F: main ([0]main.c:22)
==413814== 
==413814== 9 bytes in 1 blocks are indirectly lost in loss record 2 of 4
==413814==    at 0x4848899: malloc (in /usr/libexec/valgrind/vgpreload_memcheck-amd64-linux.so)
==413814==    by 0x404B9C: ft_strdup (ft_strdup.c:21)
==413814==    by 0x402D07: add_last_color ([5]parsing_colors.c:41)
==413814==    by 0x402C7F: check_color_elements ([5]parsing_colors.c:27)
==413814==    by 0x40424F: parsing_lines ([2]parsing_text.c:78)
==413814==    by 0x403F99: parsing_text ([2]parsing_text.c:40)
==413814==    by 0x402B6A: main_parsing ([0]main_parsing.c:19)
==413814==    by 0x402B0F: main ([0]main.c:22)
==413814== 
==413814== 39 (24 direct, 15 indirect) bytes in 1 blocks are definitely lost in loss record 3 of 4
==413814==    at 0x4848899: malloc (in /usr/libexec/valgrind/vgpreload_memcheck-amd64-linux.so)
==413814==    by 0x402A8D: ft_calloc (get_next_line_utils.c:86)
==413814==    by 0x403F40: parsing_text ([2]parsing_text.c:36)
==413814==    by 0x402B6A: main_parsing ([0]main_parsing.c:19)
==413814==    by 0x402B0F: main ([0]main.c:22)
==413814== 
==413814== 40 bytes in 1 blocks are definitely lost in loss record 4 of 4
==413814==    at 0x4848899: malloc (in /usr/libexec/valgrind/vgpreload_memcheck-amd64-linux.so)
==413814==    by 0x402A8D: ft_calloc (get_next_line_utils.c:86)
==413814==    by 0x403EF6: parsing_text ([2]parsing_text.c:32)
==413814==    by 0x402B6A: main_parsing ([0]main_parsing.c:19)
==413814==    by 0x402B0F: main ([0]main.c:22)
==413814== 
==413814== LEAK SUMMARY:
==413814==    definitely lost: 64 bytes in 2 blocks
==413814==    indirectly lost: 15 bytes in 2 blocks
==413814==      possibly lost: 0 bytes in 0 blocks
==413814==    still reachable: 0 bytes in 0 blocks
==413814==         suppressed: 0 bytes in 0 blocks
==413814== 
==413814== For lists of detected and suppressed errors, rerun with: -s
==413814== ERROR SUMMARY: 2 errors from 2 contexts (suppressed: 0 from 0)
