==413955== Memcheck, a memory error detector
==413955== Copyright (C) 2002-2017, and GNU GPL'd, by Julian Seward et al.
==413955== Using Valgrind-3.18.1 and LibVEX; rerun with -h for copyright info
==413955== Command: ./cub3D maps/maps_buged/texture_split_the_map.cub
==413955== 
Error
Invalid characters in map
==413955== 
==413955== FILE DESCRIPTORS: 4 open (3 std) at exit.
==413955== Open file descriptor 3: maps/maps_buged/texture_split_the_map.cub
==413955==    at 0x4C356EB: open (open64.c:41)
==413955==    by 0x40417C: parsing_lines ([2]parsing_text.c:66)
==413955==    by 0x403F99: parsing_text ([2]parsing_text.c:40)
==413955==    by 0x402B6A: main_parsing ([0]main_parsing.c:19)
==413955==    by 0x402B0F: main ([0]main.c:22)
==413955== 
==413955== 
==413955== HEAP SUMMARY:
==413955==     in use at exit: 1,280 bytes in 40 blocks
==413955==   total heap usage: 875,438 allocs, 875,398 frees, 67,855,482 bytes allocated
==413955== 
==413955== 6 bytes in 1 blocks are indirectly lost in loss record 1 of 11
==413955==    at 0x4848899: malloc (in /usr/libexec/valgrind/vgpreload_memcheck-amd64-linux.so)
==413955==    by 0x404B9C: ft_strdup (ft_strdup.c:21)
==413955==    by 0x402D07: add_last_color ([5]parsing_colors.c:41)
==413955==    by 0x402C2F: check_color_elements ([5]parsing_colors.c:22)
==413955==    by 0x40424F: parsing_lines ([2]parsing_text.c:78)
==413955==    by 0x403F99: parsing_text ([2]parsing_text.c:40)
==413955==    by 0x402B6A: main_parsing ([0]main_parsing.c:19)
==413955==    by 0x402B0F: main ([0]main.c:22)
==413955== 
==413955== 9 bytes in 1 blocks are indirectly lost in loss record 2 of 11
==413955==    at 0x4848899: malloc (in /usr/libexec/valgrind/vgpreload_memcheck-amd64-linux.so)
==413955==    by 0x404B9C: ft_strdup (ft_strdup.c:21)
==413955==    by 0x402D07: add_last_color ([5]parsing_colors.c:41)
==413955==    by 0x402C7F: check_color_elements ([5]parsing_colors.c:27)
==413955==    by 0x40424F: parsing_lines ([2]parsing_text.c:78)
==413955==    by 0x403F99: parsing_text ([2]parsing_text.c:40)
==413955==    by 0x402B6A: main_parsing ([0]main_parsing.c:19)
==413955==    by 0x402B0F: main ([0]main.c:22)
==413955== 
==413955== 18 bytes in 1 blocks are indirectly lost in loss record 3 of 11
==413955==    at 0x4848899: malloc (in /usr/libexec/valgrind/vgpreload_memcheck-amd64-linux.so)
==413955==    by 0x404B9C: ft_strdup (ft_strdup.c:21)
==413955==    by 0x402F67: add_last_texture ([6]parsing_textures.c:51)
==413955==    by 0x402ECF: check_texture_elements ([6]parsing_textures.c:37)
==413955==    by 0x404235: parsing_lines ([2]parsing_text.c:78)
==413955==    by 0x403F99: parsing_text ([2]parsing_text.c:40)
==413955==    by 0x402B6A: main_parsing ([0]main_parsing.c:19)
==413955==    by 0x402B0F: main ([0]main.c:22)
==413955== 
==413955== 18 bytes in 1 blocks are indirectly lost in loss record 4 of 11
==413955==    at 0x4848899: malloc (in /usr/libexec/valgrind/vgpreload_memcheck-amd64-linux.so)
==413955==    by 0x404B9C: ft_strdup (ft_strdup.c:21)
==413955==    by 0x402F67: add_last_texture ([6]parsing_textures.c:51)
==413955==    by 0x402E2F: check_texture_elements ([6]parsing_textures.c:27)
==413955==    by 0x404235: parsing_lines ([2]parsing_text.c:78)
==413955==    by 0x403F99: parsing_text ([2]parsing_text.c:40)
==413955==    by 0x402B6A: main_parsing ([0]main_parsing.c:19)
==413955==    by 0x402B0F: main ([0]main.c:22)
==413955== 
==413955== 19 bytes in 1 blocks are indirectly lost in loss record 5 of 11
==413955==    at 0x4848899: malloc (in /usr/libexec/valgrind/vgpreload_memcheck-amd64-linux.so)
==413955==    by 0x404B9C: ft_strdup (ft_strdup.c:21)
==413955==    by 0x402F67: add_last_texture ([6]parsing_textures.c:51)
==413955==    by 0x402DDF: check_texture_elements ([6]parsing_textures.c:22)
==413955==    by 0x404235: parsing_lines ([2]parsing_text.c:78)
==413955==    by 0x403F99: parsing_text ([2]parsing_text.c:40)
==413955==    by 0x402B6A: main_parsing ([0]main_parsing.c:19)
==413955==    by 0x402B0F: main ([0]main.c:22)
==413955== 
==413955== 19 bytes in 1 blocks are indirectly lost in loss record 6 of 11
==413955==    at 0x4848899: malloc (in /usr/libexec/valgrind/vgpreload_memcheck-amd64-linux.so)
==413955==    by 0x404B9C: ft_strdup (ft_strdup.c:21)
==413955==    by 0x402F67: add_last_texture ([6]parsing_textures.c:51)
==413955==    by 0x402E7F: check_texture_elements ([6]parsing_textures.c:32)
==413955==    by 0x404235: parsing_lines ([2]parsing_text.c:78)
==413955==    by 0x403F99: parsing_text ([2]parsing_text.c:40)
==413955==    by 0x402B6A: main_parsing ([0]main_parsing.c:19)
==413955==    by 0x402B0F: main ([0]main.c:22)
==413955== 
==413955== 39 (24 direct, 15 indirect) bytes in 1 blocks are definitely lost in loss record 7 of 11
==413955==    at 0x4848899: malloc (in /usr/libexec/valgrind/vgpreload_memcheck-amd64-linux.so)
==413955==    by 0x402A8D: ft_calloc (get_next_line_utils.c:86)
==413955==    by 0x403F40: parsing_text ([2]parsing_text.c:36)
==413955==    by 0x402B6A: main_parsing ([0]main_parsing.c:19)
==413955==    by 0x402B0F: main ([0]main.c:22)
==413955== 
==413955== 55 bytes in 1 blocks are indirectly lost in loss record 8 of 11
==413955==    at 0x4848899: malloc (in /usr/libexec/valgrind/vgpreload_memcheck-amd64-linux.so)
==413955==    by 0x402A8D: ft_calloc (get_next_line_utils.c:86)
==413955==    by 0x40258B: ft_extract_line (get_next_line.c:50)
==413955==    by 0x402803: get_next_line (get_next_line.c:111)
==413955==    by 0x40432A: parsing_lines ([2]parsing_text.c:101)
==413955==    by 0x403F99: parsing_text ([2]parsing_text.c:40)
==413955==    by 0x402B6A: main_parsing ([0]main_parsing.c:19)
==413955==    by 0x402B0F: main ([0]main.c:22)
==413955== 
==413955== 114 (40 direct, 74 indirect) bytes in 1 blocks are definitely lost in loss record 9 of 11
==413955==    at 0x4848899: malloc (in /usr/libexec/valgrind/vgpreload_memcheck-amd64-linux.so)
==413955==    by 0x402A8D: ft_calloc (get_next_line_utils.c:86)
==413955==    by 0x403EF6: parsing_text ([2]parsing_text.c:32)
==413955==    by 0x402B6A: main_parsing ([0]main_parsing.c:19)
==413955==    by 0x402B0F: main ([0]main.c:22)
==413955== 
==413955== 816 bytes in 30 blocks are indirectly lost in loss record 10 of 11
==413955==    at 0x4848899: malloc (in /usr/libexec/valgrind/vgpreload_memcheck-amd64-linux.so)
==413955==    by 0x402A8D: ft_calloc (get_next_line_utils.c:86)
==413955==    by 0x40258B: ft_extract_line (get_next_line.c:50)
==413955==    by 0x402803: get_next_line (get_next_line.c:111)
==413955==    by 0x403009: parse_map ([8]parse_map.c:37)
==413955==    by 0x404277: parsing_lines ([2]parsing_text.c:80)
==413955==    by 0x403F99: parsing_text ([2]parsing_text.c:40)
==413955==    by 0x402B6A: main_parsing ([0]main_parsing.c:19)
==413955==    by 0x402B0F: main ([0]main.c:22)
==413955== 
==413955== 1,127 (256 direct, 871 indirect) bytes in 1 blocks are definitely lost in loss record 11 of 11
==413955==    at 0x4848899: malloc (in /usr/libexec/valgrind/vgpreload_memcheck-amd64-linux.so)
==413955==    by 0x40302A: parse_map ([8]parse_map.c:39)
==413955==    by 0x404277: parsing_lines ([2]parsing_text.c:80)
==413955==    by 0x403F99: parsing_text ([2]parsing_text.c:40)
==413955==    by 0x402B6A: main_parsing ([0]main_parsing.c:19)
==413955==    by 0x402B0F: main ([0]main.c:22)
==413955== 
==413955== LEAK SUMMARY:
==413955==    definitely lost: 320 bytes in 3 blocks
==413955==    indirectly lost: 960 bytes in 37 blocks
==413955==      possibly lost: 0 bytes in 0 blocks
==413955==    still reachable: 0 bytes in 0 blocks
==413955==         suppressed: 0 bytes in 0 blocks
==413955== 
==413955== For lists of detected and suppressed errors, rerun with: -s
==413955== ERROR SUMMARY: 3 errors from 3 contexts (suppressed: 0 from 0)
