==413798== Memcheck, a memory error detector
==413798== Copyright (C) 2002-2017, and GNU GPL'd, by Julian Seward et al.
==413798== Using Valgrind-3.18.1 and LibVEX; rerun with -h for copyright info
==413798== Command: ./cub3D maps/maps_buged/TEXTURES_AFTER_COLORS.cub
==413798== 
==413798== 
==413798== FILE DESCRIPTORS: 4 open (3 std) at exit.
==413798== Open file descriptor 3: maps/maps_buged/TEXTURES_AFTER_COLORS.cub
==413798==    at 0x4C356EB: open (open64.c:41)
==413798==    by 0x40417C: parsing_lines ([2]parsing_text.c:66)
==413798==    by 0x403F99: parsing_text ([2]parsing_text.c:40)
==413798==    by 0x402B6A: main_parsing ([0]main_parsing.c:19)
==413798==    by 0x402B0F: main ([0]main.c:22)
==413798== 
==413798== 
==413798== HEAP SUMMARY:
==413798==     in use at exit: 0 bytes in 0 blocks
==413798==   total heap usage: 875,346 allocs, 875,346 frees, 67,856,230 bytes allocated
==413798== 
==413798== All heap blocks were freed -- no leaks are possible
==413798== 
==413798== For lists of detected and suppressed errors, rerun with: -s
==413798== ERROR SUMMARY: 0 errors from 0 contexts (suppressed: 0 from 0)
