==413735== Memcheck, a memory error detector
==413735== Copyright (C) 2002-2017, and GNU GPL'd, by Julian Seward et al.
==413735== Using Valgrind-3.18.1 and LibVEX; rerun with -h for copyright info
==413735== Command: ./cub3D maps/maps_buged/texture_overwritten_by_protected_texture_overwritten__by_correct_texture.cub
==413735== 
==413735== 
==413735== FILE DESCRIPTORS: 4 open (3 std) at exit.
==413735== Open file descriptor 3: maps/maps_buged/texture_overwritten_by_protected_texture_overwritten__by_correct_texture.cub
==413735==    at 0x4C356EB: open (open64.c:41)
==413735==    by 0x40417C: parsing_lines ([2]parsing_text.c:66)
==413735==    by 0x403F99: parsing_text ([2]parsing_text.c:40)
==413735==    by 0x402B6A: main_parsing ([0]main_parsing.c:19)
==413735==    by 0x402B0F: main ([0]main.c:22)
==413735== 
==413735== 
==413735== HEAP SUMMARY:
==413735==     in use at exit: 0 bytes in 0 blocks
==413735==   total heap usage: 875,453 allocs, 875,453 frees, 67,858,538 bytes allocated
==413735== 
==413735== All heap blocks were freed -- no leaks are possible
==413735== 
==413735== For lists of detected and suppressed errors, rerun with: -s
==413735== ERROR SUMMARY: 0 errors from 0 contexts (suppressed: 0 from 0)
