==1166881== Memcheck, a memory error detector
==1166881== Copyright (C) 2002-2017, and GNU GPL'd, by Julian Seward et al.
==1166881== Using Valgrind-3.18.1 and LibVEX; rerun with -h for copyright info
==1166881== Command: ./cub3D maps/maps_buged/unexistent_texture_copy_3.cub
==1166881== 
Error
Incorrect Map Information
Error
Incorrect Map Information
==1166881== 
==1166881== FILE DESCRIPTORS: 4 open (3 std) at exit.
==1166881== Open file descriptor 3: maps/maps_buged/unexistent_texture_copy_3.cub
==1166881==    at 0x4C356EB: open (open64.c:41)
==1166881==    by 0x40417C: parsing_lines ([2]parsing_text.c:66)
==1166881==    by 0x403F99: parsing_text ([2]parsing_text.c:40)
==1166881==    by 0x402B6A: main_parsing ([0]main_parsing.c:19)
==1166881==    by 0x402B0F: main ([0]main.c:22)
==1166881== 
==1166881== 
==1166881== HEAP SUMMARY:
==1166881==     in use at exit: 119 bytes in 5 blocks
==1166881==   total heap usage: 126 allocs, 121 frees, 1,573 bytes allocated
==1166881== 
==1166881== 18 bytes in 1 blocks are indirectly lost in loss record 1 of 5
==1166881==    at 0x4848899: malloc (in /usr/libexec/valgrind/vgpreload_memcheck-amd64-linux.so)
==1166881==    by 0x404BAC: ft_strdup (ft_strdup.c:21)
==1166881==    by 0x402F67: add_last_texture ([6]parsing_textures.c:51)
==1166881==    by 0x402E7F: check_texture_elements ([6]parsing_textures.c:32)
==1166881==    by 0x404235: parsing_lines ([2]parsing_text.c:78)
==1166881==    by 0x403F99: parsing_text ([2]parsing_text.c:40)
==1166881==    by 0x402B6A: main_parsing ([0]main_parsing.c:19)
==1166881==    by 0x402B0F: main ([0]main.c:22)
==1166881== 
==1166881== 18 bytes in 1 blocks are indirectly lost in loss record 2 of 5
==1166881==    at 0x4848899: malloc (in /usr/libexec/valgrind/vgpreload_memcheck-amd64-linux.so)
==1166881==    by 0x404BAC: ft_strdup (ft_strdup.c:21)
==1166881==    by 0x402F67: add_last_texture ([6]parsing_textures.c:51)
==1166881==    by 0x402ECF: check_texture_elements ([6]parsing_textures.c:37)
==1166881==    by 0x404235: parsing_lines ([2]parsing_text.c:78)
==1166881==    by 0x403F99: parsing_text ([2]parsing_text.c:40)
==1166881==    by 0x402B6A: main_parsing ([0]main_parsing.c:19)
==1166881==    by 0x402B0F: main ([0]main.c:22)
==1166881== 
==1166881== 19 bytes in 1 blocks are indirectly lost in loss record 3 of 5
==1166881==    at 0x4848899: malloc (in /usr/libexec/valgrind/vgpreload_memcheck-amd64-linux.so)
==1166881==    by 0x404BAC: ft_strdup (ft_strdup.c:21)
==1166881==    by 0x402F67: add_last_texture ([6]parsing_textures.c:51)
==1166881==    by 0x402DDF: check_texture_elements ([6]parsing_textures.c:22)
==1166881==    by 0x404235: parsing_lines ([2]parsing_text.c:78)
==1166881==    by 0x403F99: parsing_text ([2]parsing_text.c:40)
==1166881==    by 0x402B6A: main_parsing ([0]main_parsing.c:19)
==1166881==    by 0x402B0F: main ([0]main.c:22)
==1166881== 
==1166881== 24 bytes in 1 blocks are definitely lost in loss record 4 of 5
==1166881==    at 0x4848899: malloc (in /usr/libexec/valgrind/vgpreload_memcheck-amd64-linux.so)
==1166881==    by 0x402A8D: ft_calloc (get_next_line_utils.c:86)
==1166881==    by 0x403F40: parsing_text ([2]parsing_text.c:36)
==1166881==    by 0x402B6A: main_parsing ([0]main_parsing.c:19)
==1166881==    by 0x402B0F: main ([0]main.c:22)
==1166881== 
==1166881== 95 (40 direct, 55 indirect) bytes in 1 blocks are definitely lost in loss record 5 of 5
==1166881==    at 0x4848899: malloc (in /usr/libexec/valgrind/vgpreload_memcheck-amd64-linux.so)
==1166881==    by 0x402A8D: ft_calloc (get_next_line_utils.c:86)
==1166881==    by 0x403EF6: parsing_text ([2]parsing_text.c:32)
==1166881==    by 0x402B6A: main_parsing ([0]main_parsing.c:19)
==1166881==    by 0x402B0F: main ([0]main.c:22)
==1166881== 
==1166881== LEAK SUMMARY:
==1166881==    definitely lost: 64 bytes in 2 blocks
==1166881==    indirectly lost: 55 bytes in 3 blocks
==1166881==      possibly lost: 0 bytes in 0 blocks
==1166881==    still reachable: 0 bytes in 0 blocks
==1166881==         suppressed: 0 bytes in 0 blocks
==1166881== 
==1166881== For lists of detected and suppressed errors, rerun with: -s
==1166881== ERROR SUMMARY: 2 errors from 2 contexts (suppressed: 0 from 0)
