==1166935== Memcheck, a memory error detector
==1166935== Copyright (C) 2002-2017, and GNU GPL'd, by Julian Seward et al.
==1166935== Using Valgrind-3.18.1 and LibVEX; rerun with -h for copyright info
==1166935== Command: ./cub3D maps/maps_buged/unexistent_texture_copy__overwritten_twice.cub
==1166935== 
Error
Incorrect Map Information
Error
Incorrect Map Information
==1166935== 
==1166935== FILE DESCRIPTORS: 4 open (3 std) at exit.
==1166935== Open file descriptor 3: maps/maps_buged/unexistent_texture_copy__overwritten_twice.cub
==1166935==    at 0x4C356EB: open (open64.c:41)
==1166935==    by 0x40417C: parsing_lines ([2]parsing_text.c:66)
==1166935==    by 0x403F99: parsing_text ([2]parsing_text.c:40)
==1166935==    by 0x402B6A: main_parsing ([0]main_parsing.c:19)
==1166935==    by 0x402B0F: main ([0]main.c:22)
==1166935== 
==1166935== 
==1166935== HEAP SUMMARY:
==1166935==     in use at exit: 101 bytes in 4 blocks
==1166935==   total heap usage: 97 allocs, 93 frees, 1,199 bytes allocated
==1166935== 
==1166935== 18 bytes in 1 blocks are indirectly lost in loss record 1 of 4
==1166935==    at 0x4848899: malloc (in /usr/libexec/valgrind/vgpreload_memcheck-amd64-linux.so)
==1166935==    by 0x404BAC: ft_strdup (ft_strdup.c:21)
==1166935==    by 0x402F67: add_last_texture ([6]parsing_textures.c:51)
==1166935==    by 0x402E7F: check_texture_elements ([6]parsing_textures.c:32)
==1166935==    by 0x404235: parsing_lines ([2]parsing_text.c:78)
==1166935==    by 0x403F99: parsing_text ([2]parsing_text.c:40)
==1166935==    by 0x402B6A: main_parsing ([0]main_parsing.c:19)
==1166935==    by 0x402B0F: main ([0]main.c:22)
==1166935== 
==1166935== 19 bytes in 1 blocks are indirectly lost in loss record 2 of 4
==1166935==    at 0x4848899: malloc (in /usr/libexec/valgrind/vgpreload_memcheck-amd64-linux.so)
==1166935==    by 0x404BAC: ft_strdup (ft_strdup.c:21)
==1166935==    by 0x402F67: add_last_texture ([6]parsing_textures.c:51)
==1166935==    by 0x402DDF: check_texture_elements ([6]parsing_textures.c:22)
==1166935==    by 0x404235: parsing_lines ([2]parsing_text.c:78)
==1166935==    by 0x403F99: parsing_text ([2]parsing_text.c:40)
==1166935==    by 0x402B6A: main_parsing ([0]main_parsing.c:19)
==1166935==    by 0x402B0F: main ([0]main.c:22)
==1166935== 
==1166935== 24 bytes in 1 blocks are definitely lost in loss record 3 of 4
==1166935==    at 0x4848899: malloc (in /usr/libexec/valgrind/vgpreload_memcheck-amd64-linux.so)
==1166935==    by 0x402A8D: ft_calloc (get_next_line_utils.c:86)
==1166935==    by 0x403F40: parsing_text ([2]parsing_text.c:36)
==1166935==    by 0x402B6A: main_parsing ([0]main_parsing.c:19)
==1166935==    by 0x402B0F: main ([0]main.c:22)
==1166935== 
==1166935== 77 (40 direct, 37 indirect) bytes in 1 blocks are definitely lost in loss record 4 of 4
==1166935==    at 0x4848899: malloc (in /usr/libexec/valgrind/vgpreload_memcheck-amd64-linux.so)
==1166935==    by 0x402A8D: ft_calloc (get_next_line_utils.c:86)
==1166935==    by 0x403EF6: parsing_text ([2]parsing_text.c:32)
==1166935==    by 0x402B6A: main_parsing ([0]main_parsing.c:19)
==1166935==    by 0x402B0F: main ([0]main.c:22)
==1166935== 
==1166935== LEAK SUMMARY:
==1166935==    definitely lost: 64 bytes in 2 blocks
==1166935==    indirectly lost: 37 bytes in 2 blocks
==1166935==      possibly lost: 0 bytes in 0 blocks
==1166935==    still reachable: 0 bytes in 0 blocks
==1166935==         suppressed: 0 bytes in 0 blocks
==1166935== 
==1166935== For lists of detected and suppressed errors, rerun with: -s
==1166935== ERROR SUMMARY: 2 errors from 2 contexts (suppressed: 0 from 0)
