==413991== Memcheck, a memory error detector
==413991== Copyright (C) 2002-2017, and GNU GPL'd, by Julian Seward et al.
==413991== Using Valgrind-3.18.1 and LibVEX; rerun with -h for copyright info
==413991== Command: ./cub3D maps/maps_buged/unexistent_texture_copy_2.cub
==413991== 
Error
Incorrect Map Information
Error
Incorrect Map Information
==413991== 
==413991== FILE DESCRIPTORS: 4 open (3 std) at exit.
==413991== Open file descriptor 3: maps/maps_buged/unexistent_texture_copy_2.cub
==413991==    at 0x4C356EB: open (open64.c:41)
==413991==    by 0x40417C: parsing_lines ([2]parsing_text.c:66)
==413991==    by 0x403F99: parsing_text ([2]parsing_text.c:40)
==413991==    by 0x402B6A: main_parsing ([0]main_parsing.c:19)
==413991==    by 0x402B0F: main ([0]main.c:22)
==413991== 
==413991== 
==413991== HEAP SUMMARY:
==413991==     in use at exit: 101 bytes in 4 blocks
==413991==   total heap usage: 97 allocs, 93 frees, 1,199 bytes allocated
==413991== 
==413991== 18 bytes in 1 blocks are indirectly lost in loss record 1 of 4
==413991==    at 0x4848899: malloc (in /usr/libexec/valgrind/vgpreload_memcheck-amd64-linux.so)
==413991==    by 0x404B9C: ft_strdup (ft_strdup.c:21)
==413991==    by 0x402F67: add_last_texture ([6]parsing_textures.c:51)
==413991==    by 0x402E7F: check_texture_elements ([6]parsing_textures.c:32)
==413991==    by 0x404235: parsing_lines ([2]parsing_text.c:78)
==413991==    by 0x403F99: parsing_text ([2]parsing_text.c:40)
==413991==    by 0x402B6A: main_parsing ([0]main_parsing.c:19)
==413991==    by 0x402B0F: main ([0]main.c:22)
==413991== 
==413991== 19 bytes in 1 blocks are indirectly lost in loss record 2 of 4
==413991==    at 0x4848899: malloc (in /usr/libexec/valgrind/vgpreload_memcheck-amd64-linux.so)
==413991==    by 0x404B9C: ft_strdup (ft_strdup.c:21)
==413991==    by 0x402F67: add_last_texture ([6]parsing_textures.c:51)
==413991==    by 0x402DDF: check_texture_elements ([6]parsing_textures.c:22)
==413991==    by 0x404235: parsing_lines ([2]parsing_text.c:78)
==413991==    by 0x403F99: parsing_text ([2]parsing_text.c:40)
==413991==    by 0x402B6A: main_parsing ([0]main_parsing.c:19)
==413991==    by 0x402B0F: main ([0]main.c:22)
==413991== 
==413991== 24 bytes in 1 blocks are definitely lost in loss record 3 of 4
==413991==    at 0x4848899: malloc (in /usr/libexec/valgrind/vgpreload_memcheck-amd64-linux.so)
==413991==    by 0x402A8D: ft_calloc (get_next_line_utils.c:86)
==413991==    by 0x403F40: parsing_text ([2]parsing_text.c:36)
==413991==    by 0x402B6A: main_parsing ([0]main_parsing.c:19)
==413991==    by 0x402B0F: main ([0]main.c:22)
==413991== 
==413991== 77 (40 direct, 37 indirect) bytes in 1 blocks are definitely lost in loss record 4 of 4
==413991==    at 0x4848899: malloc (in /usr/libexec/valgrind/vgpreload_memcheck-amd64-linux.so)
==413991==    by 0x402A8D: ft_calloc (get_next_line_utils.c:86)
==413991==    by 0x403EF6: parsing_text ([2]parsing_text.c:32)
==413991==    by 0x402B6A: main_parsing ([0]main_parsing.c:19)
==413991==    by 0x402B0F: main ([0]main.c:22)
==413991== 
==413991== LEAK SUMMARY:
==413991==    definitely lost: 64 bytes in 2 blocks
==413991==    indirectly lost: 37 bytes in 2 blocks
==413991==      possibly lost: 0 bytes in 0 blocks
==413991==    still reachable: 0 bytes in 0 blocks
==413991==         suppressed: 0 bytes in 0 blocks
==413991== 
==413991== For lists of detected and suppressed errors, rerun with: -s
==413991== ERROR SUMMARY: 2 errors from 2 contexts (suppressed: 0 from 0)
