==414141== Memcheck, a memory error detector
==414141== Copyright (C) 2002-2017, and GNU GPL'd, by Julian Seward et al.
==414141== Using Valgrind-3.18.1 and LibVEX; rerun with -h for copyright info
==414141== Command: ./cub3D maps/maps_buged/white_spaces_everywhere.cub
==414141== 
Error
Incorrect Map Information
Error
Incorrect Map Information
==414141== 
==414141== FILE DESCRIPTORS: 4 open (3 std) at exit.
==414141== Open file descriptor 3: maps/maps_buged/white_spaces_everywhere.cub
==414141==    at 0x4C356EB: open (open64.c:41)
==414141==    by 0x40417C: parsing_lines ([2]parsing_text.c:66)
==414141==    by 0x403F99: parsing_text ([2]parsing_text.c:40)
==414141==    by 0x402B6A: main_parsing ([0]main_parsing.c:19)
==414141==    by 0x402B0F: main ([0]main.c:22)
==414141== 
==414141== 
==414141== HEAP SUMMARY:
==414141==     in use at exit: 64 bytes in 2 blocks
==414141==   total heap usage: 154 allocs, 152 frees, 5,524 bytes allocated
==414141== 
==414141== 24 bytes in 1 blocks are definitely lost in loss record 1 of 2
==414141==    at 0x4848899: malloc (in /usr/libexec/valgrind/vgpreload_memcheck-amd64-linux.so)
==414141==    by 0x402A8D: ft_calloc (get_next_line_utils.c:86)
==414141==    by 0x403F40: parsing_text ([2]parsing_text.c:36)
==414141==    by 0x402B6A: main_parsing ([0]main_parsing.c:19)
==414141==    by 0x402B0F: main ([0]main.c:22)
==414141== 
==414141== 40 bytes in 1 blocks are definitely lost in loss record 2 of 2
==414141==    at 0x4848899: malloc (in /usr/libexec/valgrind/vgpreload_memcheck-amd64-linux.so)
==414141==    by 0x402A8D: ft_calloc (get_next_line_utils.c:86)
==414141==    by 0x403EF6: parsing_text ([2]parsing_text.c:32)
==414141==    by 0x402B6A: main_parsing ([0]main_parsing.c:19)
==414141==    by 0x402B0F: main ([0]main.c:22)
==414141== 
==414141== LEAK SUMMARY:
==414141==    definitely lost: 64 bytes in 2 blocks
==414141==    indirectly lost: 0 bytes in 0 blocks
==414141==      possibly lost: 0 bytes in 0 blocks
==414141==    still reachable: 0 bytes in 0 blocks
==414141==         suppressed: 0 bytes in 0 blocks
==414141== 
==414141== For lists of detected and suppressed errors, rerun with: -s
==414141== ERROR SUMMARY: 2 errors from 2 contexts (suppressed: 0 from 0)
