==6426== Memcheck, a memory error detector
==6426== Copyright (C) 2002-2017, and GNU GPL'd, by Julian Seward et al.
==6426== Using Valgrind-3.18.1 and LibVEX; rerun with -h for copyright info
==6426== Command: ./cub3D Cub3D-Destroyer/maps/maps_buged/..
==6426== 
Error
Invalid file extension
==6426== 
==6426== FILE DESCRIPTORS: 8 open (3 std) at exit.
==6426== Open file descriptor 23:
==6426==    <inherited from parent>
==6426== 
==6426== Open file descriptor 22: /dev/pts/6
==6426==    <inherited from parent>
==6426== 
==6426== Open file descriptor 21: /dev/ptmx
==6426==    <inherited from parent>
==6426== 
==6426== Open file descriptor 20: /home/maofalt/.vscode-server/data/logs/20230304T035113/remoteagent.log
==6426==    <inherited from parent>
==6426== 
==6426== Open file descriptor 19: /home/maofalt/.vscode-server/data/logs/20230304T035113/ptyhost.log
==6426==    <inherited from parent>
==6426== 
==6426== 
==6426== HEAP SUMMARY:
==6426==     in use at exit: 0 bytes in 0 blocks
==6426==   total heap usage: 163 allocs, 163 frees, 69,923 bytes allocated
==6426== 
==6426== All heap blocks were freed -- no leaks are possible
==6426== 
==6426== For lists of detected and suppressed errors, rerun with: -s
==6426== ERROR SUMMARY: 0 errors from 0 contexts (suppressed: 1 from 1)
