==6411== Memcheck, a memory error detector
==6411== Copyright (C) 2002-2017, and GNU GPL'd, by Julian Seward et al.
==6411== Using Valgrind-3.18.1 and LibVEX; rerun with -h for copyright info
==6411== Command: ./cub3D Cub3D-Destroyer/maps/maps_buged/.
==6411== 
Error
Invalid file extension
==6411== 
==6411== FILE DESCRIPTORS: 8 open (3 std) at exit.
==6411== Open file descriptor 23:
==6411==    <inherited from parent>
==6411== 
==6411== Open file descriptor 22: /dev/pts/6
==6411==    <inherited from parent>
==6411== 
==6411== Open file descriptor 21: /dev/ptmx
==6411==    <inherited from parent>
==6411== 
==6411== Open file descriptor 20: /home/maofalt/.vscode-server/data/logs/20230304T035113/remoteagent.log
==6411==    <inherited from parent>
==6411== 
==6411== Open file descriptor 19: /home/maofalt/.vscode-server/data/logs/20230304T035113/ptyhost.log
==6411==    <inherited from parent>
==6411== 
==6411== 
==6411== HEAP SUMMARY:
==6411==     in use at exit: 0 bytes in 0 blocks
==6411==   total heap usage: 163 allocs, 163 frees, 69,923 bytes allocated
==6411== 
==6411== All heap blocks were freed -- no leaks are possible
==6411== 
==6411== For lists of detected and suppressed errors, rerun with: -s
==6411== ERROR SUMMARY: 0 errors from 0 contexts (suppressed: 1 from 1)
