==6441== Memcheck, a memory error detector
==6441== Copyright (C) 2002-2017, and GNU GPL'd, by Julian Seward et al.
==6441== Using Valgrind-3.18.1 and LibVEX; rerun with -h for copyright info
==6441== Command: ./cub3D Cub3D-Destroyer/maps/maps_buged/.cub.extension_at_beginning
==6441== 
Error
Invalid file extension
==6441== 
==6441== FILE DESCRIPTORS: 8 open (3 std) at exit.
==6441== Open file descriptor 23:
==6441==    <inherited from parent>
==6441== 
==6441== Open file descriptor 22: /dev/pts/6
==6441==    <inherited from parent>
==6441== 
==6441== Open file descriptor 21: /dev/ptmx
==6441==    <inherited from parent>
==6441== 
==6441== Open file descriptor 20: /home/maofalt/.vscode-server/data/logs/20230304T035113/remoteagent.log
==6441==    <inherited from parent>
==6441== 
==6441== Open file descriptor 19: /home/maofalt/.vscode-server/data/logs/20230304T035113/ptyhost.log
==6441==    <inherited from parent>
==6441== 
==6441== 
==6441== HEAP SUMMARY:
==6441==     in use at exit: 0 bytes in 0 blocks
==6441==   total heap usage: 163 allocs, 163 frees, 69,923 bytes allocated
==6441== 
==6441== All heap blocks were freed -- no leaks are possible
==6441== 
==6441== For lists of detected and suppressed errors, rerun with: -s
==6441== ERROR SUMMARY: 0 errors from 0 contexts (suppressed: 1 from 1)
