==6456== Memcheck, a memory error detector
==6456== Copyright (C) 2002-2017, and GNU GPL'd, by Julian Seward et al.
==6456== Using Valgrind-3.18.1 and LibVEX; rerun with -h for copyright info
==6456== Command: ./cub3D Cub3D-Destroyer/maps/maps_buged/.cubadasdas
==6456== 
Error
Invalid file extension
==6456== 
==6456== FILE DESCRIPTORS: 8 open (3 std) at exit.
==6456== Open file descriptor 23:
==6456==    <inherited from parent>
==6456== 
==6456== Open file descriptor 22: /dev/pts/6
==6456==    <inherited from parent>
==6456== 
==6456== Open file descriptor 21: /dev/ptmx
==6456==    <inherited from parent>
==6456== 
==6456== Open file descriptor 20: /home/maofalt/.vscode-server/data/logs/20230304T035113/remoteagent.log
==6456==    <inherited from parent>
==6456== 
==6456== Open file descriptor 19: /home/maofalt/.vscode-server/data/logs/20230304T035113/ptyhost.log
==6456==    <inherited from parent>
==6456== 
==6456== 
==6456== HEAP SUMMARY:
==6456==     in use at exit: 0 bytes in 0 blocks
==6456==   total heap usage: 163 allocs, 163 frees, 69,923 bytes allocated
==6456== 
==6456== All heap blocks were freed -- no leaks are possible
==6456== 
==6456== For lists of detected and suppressed errors, rerun with: -s
==6456== ERROR SUMMARY: 0 errors from 0 contexts (suppressed: 1 from 1)
