==6480== Memcheck, a memory error detector
==6480== Copyright (C) 2002-2017, and GNU GPL'd, by Julian Seward et al.
==6480== Using Valgrind-3.18.1 and LibVEX; rerun with -h for copyright info
==6480== Command: ./cub3D Cub3D-Destroyer/maps/maps_buged/1st_protected_texture.cub
==6480== 
Error
Wrong Info
==6480== 
==6480== FILE DESCRIPTORS: 8 open (3 std) at exit.
==6480== Open file descriptor 23:
==6480==    <inherited from parent>
==6480== 
==6480== Open file descriptor 22: /dev/pts/6
==6480==    <inherited from parent>
==6480== 
==6480== Open file descriptor 21: /dev/ptmx
==6480==    <inherited from parent>
==6480== 
==6480== Open file descriptor 20: /home/maofalt/.vscode-server/data/logs/20230304T035113/remoteagent.log
==6480==    <inherited from parent>
==6480== 
==6480== Open file descriptor 19: /home/maofalt/.vscode-server/data/logs/20230304T035113/ptyhost.log
==6480==    <inherited from parent>
==6480== 
==6480== 
==6480== HEAP SUMMARY:
==6480==     in use at exit: 0 bytes in 0 blocks
==6480==   total heap usage: 1,396 allocs, 1,396 frees, 101,268 bytes allocated
==6480== 
==6480== All heap blocks were freed -- no leaks are possible
==6480== 
==6480== For lists of detected and suppressed errors, rerun with: -s
==6480== ERROR SUMMARY: 0 errors from 0 contexts (suppressed: 1 from 1)
