==6543== Memcheck, a memory error detector
==6543== Copyright (C) 2002-2017, and GNU GPL'd, by Julian Seward et al.
==6543== Using Valgrind-3.18.1 and LibVEX; rerun with -h for copyright info
==6543== Command: ./cub3D Cub3D-Destroyer/maps/maps_buged/1st_protected_texture_copy_4.cub
==6543== 
Error
Wrong Info
==6543== 
==6543== FILE DESCRIPTORS: 8 open (3 std) at exit.
==6543== Open file descriptor 23:
==6543==    <inherited from parent>
==6543== 
==6543== Open file descriptor 22: /dev/pts/6
==6543==    <inherited from parent>
==6543== 
==6543== Open file descriptor 21: /dev/ptmx
==6543==    <inherited from parent>
==6543== 
==6543== Open file descriptor 20: /home/maofalt/.vscode-server/data/logs/20230304T035113/remoteagent.log
==6543==    <inherited from parent>
==6543== 
==6543== Open file descriptor 19: /home/maofalt/.vscode-server/data/logs/20230304T035113/ptyhost.log
==6543==    <inherited from parent>
==6543== 
==6543== 
==6543== HEAP SUMMARY:
==6543==     in use at exit: 0 bytes in 0 blocks
==6543==   total heap usage: 1,349 allocs, 1,349 frees, 98,437 bytes allocated
==6543== 
==6543== All heap blocks were freed -- no leaks are possible
==6543== 
==6543== For lists of detected and suppressed errors, rerun with: -s
==6543== ERROR SUMMARY: 0 errors from 0 contexts (suppressed: 1 from 1)
