==6528== Memcheck, a memory error detector
==6528== Copyright (C) 2002-2017, and GNU GPL'd, by Julian Seward et al.
==6528== Using Valgrind-3.18.1 and LibVEX; rerun with -h for copyright info
==6528== Command: ./cub3D Cub3D-Destroyer/maps/maps_buged/1st_protected_texture_copy_3.cub
==6528== 
Error
Wrong Info
==6528== 
==6528== FILE DESCRIPTORS: 8 open (3 std) at exit.
==6528== Open file descriptor 23:
==6528==    <inherited from parent>
==6528== 
==6528== Open file descriptor 22: /dev/pts/6
==6528==    <inherited from parent>
==6528== 
==6528== Open file descriptor 21: /dev/ptmx
==6528==    <inherited from parent>
==6528== 
==6528== Open file descriptor 20: /home/maofalt/.vscode-server/data/logs/20230304T035113/remoteagent.log
==6528==    <inherited from parent>
==6528== 
==6528== Open file descriptor 19: /home/maofalt/.vscode-server/data/logs/20230304T035113/ptyhost.log
==6528==    <inherited from parent>
==6528== 
==6528== 
==6528== HEAP SUMMARY:
==6528==     in use at exit: 0 bytes in 0 blocks
==6528==   total heap usage: 1,350 allocs, 1,350 frees, 98,424 bytes allocated
==6528== 
==6528== All heap blocks were freed -- no leaks are possible
==6528== 
==6528== For lists of detected and suppressed errors, rerun with: -s
==6528== ERROR SUMMARY: 0 errors from 0 contexts (suppressed: 1 from 1)
