==6513== Memcheck, a memory error detector
==6513== Copyright (C) 2002-2017, and GNU GPL'd, by Julian Seward et al.
==6513== Using Valgrind-3.18.1 and LibVEX; rerun with -h for copyright info
==6513== Command: ./cub3D Cub3D-Destroyer/maps/maps_buged/1st_protected_texture_copy_2.cub
==6513== 
Error
Wrong Info
==6513== 
==6513== FILE DESCRIPTORS: 8 open (3 std) at exit.
==6513== Open file descriptor 23:
==6513==    <inherited from parent>
==6513== 
==6513== Open file descriptor 22: /dev/pts/6
==6513==    <inherited from parent>
==6513== 
==6513== Open file descriptor 21: /dev/ptmx
==6513==    <inherited from parent>
==6513== 
==6513== Open file descriptor 20: /home/maofalt/.vscode-server/data/logs/20230304T035113/remoteagent.log
==6513==    <inherited from parent>
==6513== 
==6513== Open file descriptor 19: /home/maofalt/.vscode-server/data/logs/20230304T035113/ptyhost.log
==6513==    <inherited from parent>
==6513== 
==6513== 
==6513== HEAP SUMMARY:
==6513==     in use at exit: 0 bytes in 0 blocks
==6513==   total heap usage: 1,368 allocs, 1,368 frees, 99,754 bytes allocated
==6513== 
==6513== All heap blocks were freed -- no leaks are possible
==6513== 
==6513== For lists of detected and suppressed errors, rerun with: -s
==6513== ERROR SUMMARY: 0 errors from 0 contexts (suppressed: 1 from 1)
