==6495== Memcheck, a memory error detector
==6495== Copyright (C) 2002-2017, and GNU GPL'd, by Julian Seward et al.
==6495== Using Valgrind-3.18.1 and LibVEX; rerun with -h for copyright info
==6495== Command: ./cub3D Cub3D-Destroyer/maps/maps_buged/1st_protected_texture_copy.cub
==6495== 
Error
Wrong Info
==6495== 
==6495== FILE DESCRIPTORS: 8 open (3 std) at exit.
==6495== Open file descriptor 23:
==6495==    <inherited from parent>
==6495== 
==6495== Open file descriptor 22: /dev/pts/6
==6495==    <inherited from parent>
==6495== 
==6495== Open file descriptor 21: /dev/ptmx
==6495==    <inherited from parent>
==6495== 
==6495== Open file descriptor 20: /home/maofalt/.vscode-server/data/logs/20230304T035113/remoteagent.log
==6495==    <inherited from parent>
==6495== 
==6495== Open file descriptor 19: /home/maofalt/.vscode-server/data/logs/20230304T035113/ptyhost.log
==6495==    <inherited from parent>
==6495== 
==6495== 
==6495== HEAP SUMMARY:
==6495==     in use at exit: 0 bytes in 0 blocks
==6495==   total heap usage: 1,340 allocs, 1,340 frees, 98,310 bytes allocated
==6495== 
==6495== All heap blocks were freed -- no leaks are possible
==6495== 
==6495== For lists of detected and suppressed errors, rerun with: -s
==6495== ERROR SUMMARY: 0 errors from 0 contexts (suppressed: 1 from 1)
