==6792== Memcheck, a memory error detector
==6792== Copyright (C) 2002-2017, and GNU GPL'd, by Julian Seward et al.
==6792== Using Valgrind-3.18.1 and LibVEX; rerun with -h for copyright info
==6792== Command: ./cub3D Cub3D-Destroyer/maps/maps_buged/2.cub
==6792== 
Error
Open() returned -1
==6792== 
==6792== FILE DESCRIPTORS: 8 open (3 std) at exit.
==6792== Open file descriptor 23:
==6792==    <inherited from parent>
==6792== 
==6792== Open file descriptor 22: /dev/pts/6
==6792==    <inherited from parent>
==6792== 
==6792== Open file descriptor 21: /dev/ptmx
==6792==    <inherited from parent>
==6792== 
==6792== Open file descriptor 20: /home/maofalt/.vscode-server/data/logs/20230304T035113/remoteagent.log
==6792==    <inherited from parent>
==6792== 
==6792== Open file descriptor 19: /home/maofalt/.vscode-server/data/logs/20230304T035113/ptyhost.log
==6792==    <inherited from parent>
==6792== 
==6792== 
==6792== HEAP SUMMARY:
==6792==     in use at exit: 0 bytes in 0 blocks
==6792==   total heap usage: 163 allocs, 163 frees, 69,923 bytes allocated
==6792== 
==6792== All heap blocks were freed -- no leaks are possible
==6792== 
==6792== For lists of detected and suppressed errors, rerun with: -s
==6792== ERROR SUMMARY: 0 errors from 0 contexts (suppressed: 1 from 1)
