==6645== Memcheck, a memory error detector
==6645== Copyright (C) 2002-2017, and GNU GPL'd, by Julian Seward et al.
==6645== Using Valgrind-3.18.1 and LibVEX; rerun with -h for copyright info
==6645== Command: ./cub3D Cub3D-Destroyer/maps/maps_buged/bash_lost_player.cub
==6645== 
Error
Invalid Map
==6645== 
==6645== FILE DESCRIPTORS: 8 open (3 std) at exit.
==6645== Open file descriptor 23:
==6645==    <inherited from parent>
==6645== 
==6645== Open file descriptor 22: /dev/pts/6
==6645==    <inherited from parent>
==6645== 
==6645== Open file descriptor 21: /dev/ptmx
==6645==    <inherited from parent>
==6645== 
==6645== Open file descriptor 20: /home/maofalt/.vscode-server/data/logs/20230304T035113/remoteagent.log
==6645==    <inherited from parent>
==6645== 
==6645== Open file descriptor 19: /home/maofalt/.vscode-server/data/logs/20230304T035113/ptyhost.log
==6645==    <inherited from parent>
==6645== 
==6645== 
==6645== HEAP SUMMARY:
==6645==     in use at exit: 0 bytes in 0 blocks
==6645==   total heap usage: 2,414 allocs, 2,414 frees, 1,175,191 bytes allocated
==6645== 
==6645== All heap blocks were freed -- no leaks are possible
==6645== 
==6645== For lists of detected and suppressed errors, rerun with: -s
==6645== ERROR SUMMARY: 0 errors from 0 contexts (suppressed: 1 from 1)
