==6744== Memcheck, a memory error detector
==6744== Copyright (C) 2002-2017, and GNU GPL'd, by Julian Seward et al.
==6744== Using Valgrind-3.18.1 and LibVEX; rerun with -h for copyright info
==6744== Command: ./cub3D Cub3D-Destroyer/maps/maps_buged/bash_no_player.cub
==6744== 
Error
Invalid Player nbr or position
==6744== 
==6744== FILE DESCRIPTORS: 8 open (3 std) at exit.
==6744== Open file descriptor 23:
==6744==    <inherited from parent>
==6744== 
==6744== Open file descriptor 22: /dev/pts/6
==6744==    <inherited from parent>
==6744== 
==6744== Open file descriptor 21: /dev/ptmx
==6744==    <inherited from parent>
==6744== 
==6744== Open file descriptor 20: /home/maofalt/.vscode-server/data/logs/20230304T035113/remoteagent.log
==6744==    <inherited from parent>
==6744== 
==6744== Open file descriptor 19: /home/maofalt/.vscode-server/data/logs/20230304T035113/ptyhost.log
==6744==    <inherited from parent>
==6744== 
==6744== 
==6744== HEAP SUMMARY:
==6744==     in use at exit: 0 bytes in 0 blocks
==6744==   total heap usage: 2,377 allocs, 2,377 frees, 1,173,081 bytes allocated
==6744== 
==6744== All heap blocks were freed -- no leaks are possible
==6744== 
==6744== For lists of detected and suppressed errors, rerun with: -s
==6744== ERROR SUMMARY: 0 errors from 0 contexts (suppressed: 1 from 1)
