==6837== Memcheck, a memory error detector
==6837== Copyright (C) 2002-2017, and GNU GPL'd, by Julian Seward et al.
==6837== Using Valgrind-3.18.1 and LibVEX; rerun with -h for copyright info
==6837== Command: ./cub3D Cub3D-Destroyer/maps/maps_buged/bash_player_on_the_side.cub
==6837== 
Error
Invalid Map
==6837== 
==6837== FILE DESCRIPTORS: 8 open (3 std) at exit.
==6837== Open file descriptor 23:
==6837==    <inherited from parent>
==6837== 
==6837== Open file descriptor 22: /dev/pts/6
==6837==    <inherited from parent>
==6837== 
==6837== Open file descriptor 21: /dev/ptmx
==6837==    <inherited from parent>
==6837== 
==6837== Open file descriptor 20: /home/maofalt/.vscode-server/data/logs/20230304T035113/remoteagent.log
==6837==    <inherited from parent>
==6837== 
==6837== Open file descriptor 19: /home/maofalt/.vscode-server/data/logs/20230304T035113/ptyhost.log
==6837==    <inherited from parent>
==6837== 
==6837== 
==6837== HEAP SUMMARY:
==6837==     in use at exit: 0 bytes in 0 blocks
==6837==   total heap usage: 2,358 allocs, 2,358 frees, 1,172,283 bytes allocated
==6837== 
==6837== All heap blocks were freed -- no leaks are possible
==6837== 
==6837== For lists of detected and suppressed errors, rerun with: -s
==6837== ERROR SUMMARY: 0 errors from 0 contexts (suppressed: 1 from 1)
