==6588== Memcheck, a memory error detector
==6588== Copyright (C) 2002-2017, and GNU GPL'd, by Julian Seward et al.
==6588== Using Valgrind-3.18.1 and LibVEX; rerun with -h for copyright info
==6588== Command: ./cub3D Cub3D-Destroyer/maps/maps_buged/bash_hole.cub
==6588== 
Error
Invalid Map
==6588== 
==6588== FILE DESCRIPTORS: 8 open (3 std) at exit.
==6588== Open file descriptor 23:
==6588==    <inherited from parent>
==6588== 
==6588== Open file descriptor 22: /dev/pts/6
==6588==    <inherited from parent>
==6588== 
==6588== Open file descriptor 21: /dev/ptmx
==6588==    <inherited from parent>
==6588== 
==6588== Open file descriptor 20: /home/maofalt/.vscode-server/data/logs/20230304T035113/remoteagent.log
==6588==    <inherited from parent>
==6588== 
==6588== Open file descriptor 19: /home/maofalt/.vscode-server/data/logs/20230304T035113/ptyhost.log
==6588==    <inherited from parent>
==6588== 
==6588== 
==6588== HEAP SUMMARY:
==6588==     in use at exit: 0 bytes in 0 blocks
==6588==   total heap usage: 2,360 allocs, 2,360 frees, 1,172,358 bytes allocated
==6588== 
==6588== All heap blocks were freed -- no leaks are possible
==6588== 
==6588== For lists of detected and suppressed errors, rerun with: -s
==6588== ERROR SUMMARY: 0 errors from 0 contexts (suppressed: 1 from 1)
