==6861== Memcheck, a memory error detector
==6861== Copyright (C) 2002-2017, and GNU GPL'd, by Julian Seward et al.
==6861== Using Valgrind-3.18.1 and LibVEX; rerun with -h for copyright info
==6861== Command: ./cub3D Cub3D-Destroyer/maps/maps_buged/c_colors_wrong.cub
==6861== 
Error
Incorrect Map Colors
==6861== 
==6861== FILE DESCRIPTORS: 8 open (3 std) at exit.
==6861== Open file descriptor 23:
==6861==    <inherited from parent>
==6861== 
==6861== Open file descriptor 22: /dev/pts/6
==6861==    <inherited from parent>
==6861== 
==6861== Open file descriptor 21: /dev/ptmx
==6861==    <inherited from parent>
==6861== 
==6861== Open file descriptor 20: /home/maofalt/.vscode-server/data/logs/20230304T035113/remoteagent.log
==6861==    <inherited from parent>
==6861== 
==6861== Open file descriptor 19: /home/maofalt/.vscode-server/data/logs/20230304T035113/ptyhost.log
==6861==    <inherited from parent>
==6861== 
==6861== 
==6861== HEAP SUMMARY:
==6861==     in use at exit: 0 bytes in 0 blocks
==6861==   total heap usage: 1,348 allocs, 1,348 frees, 97,134 bytes allocated
==6861== 
==6861== All heap blocks were freed -- no leaks are possible
==6861== 
==6861== For lists of detected and suppressed errors, rerun with: -s
==6861== ERROR SUMMARY: 0 errors from 0 contexts (suppressed: 1 from 1)
