==6879== Memcheck, a memory error detector
==6879== Copyright (C) 2002-2017, and GNU GPL'd, by Julian Seward et al.
==6879== Using Valgrind-3.18.1 and LibVEX; rerun with -h for copyright info
==6879== Command: ./cub3D Cub3D-Destroyer/maps/maps_buged/colors_wiht_only_commas.cub
==6879== 
Error
Incorrect Map Colors
==6879== 
==6879== FILE DESCRIPTORS: 8 open (3 std) at exit.
==6879== Open file descriptor 23:
==6879==    <inherited from parent>
==6879== 
==6879== Open file descriptor 22: /dev/pts/6
==6879==    <inherited from parent>
==6879== 
==6879== Open file descriptor 21: /dev/ptmx
==6879==    <inherited from parent>
==6879== 
==6879== Open file descriptor 20: /home/maofalt/.vscode-server/data/logs/20230304T035113/remoteagent.log
==6879==    <inherited from parent>
==6879== 
==6879== Open file descriptor 19: /home/maofalt/.vscode-server/data/logs/20230304T035113/ptyhost.log
==6879==    <inherited from parent>
==6879== 
==6879== 
==6879== HEAP SUMMARY:
==6879==     in use at exit: 0 bytes in 0 blocks
==6879==   total heap usage: 1,348 allocs, 1,348 frees, 97,122 bytes allocated
==6879== 
==6879== All heap blocks were freed -- no leaks are possible
==6879== 
==6879== For lists of detected and suppressed errors, rerun with: -s
==6879== ERROR SUMMARY: 0 errors from 0 contexts (suppressed: 1 from 1)
