==6894== Memcheck, a memory error detector
==6894== Copyright (C) 2002-2017, and GNU GPL'd, by Julian Seward et al.
==6894== Using Valgrind-3.18.1 and LibVEX; rerun with -h for copyright info
==6894== Command: ./cub3D Cub3D-Destroyer/maps/maps_buged/colors_with__right_nbr_commas_1nbr.cub
==6894== 
Error
Incorrect Map Colors
==6894== 
==6894== FILE DESCRIPTORS: 8 open (3 std) at exit.
==6894== Open file descriptor 23:
==6894==    <inherited from parent>
==6894== 
==6894== Open file descriptor 22: /dev/pts/6
==6894==    <inherited from parent>
==6894== 
==6894== Open file descriptor 21: /dev/ptmx
==6894==    <inherited from parent>
==6894== 
==6894== Open file descriptor 20: /home/maofalt/.vscode-server/data/logs/20230304T035113/remoteagent.log
==6894==    <inherited from parent>
==6894== 
==6894== Open file descriptor 19: /home/maofalt/.vscode-server/data/logs/20230304T035113/ptyhost.log
==6894==    <inherited from parent>
==6894== 
==6894== 
==6894== HEAP SUMMARY:
==6894==     in use at exit: 0 bytes in 0 blocks
==6894==   total heap usage: 1,349 allocs, 1,349 frees, 97,129 bytes allocated
==6894== 
==6894== All heap blocks were freed -- no leaks are possible
==6894== 
==6894== For lists of detected and suppressed errors, rerun with: -s
==6894== ERROR SUMMARY: 0 errors from 0 contexts (suppressed: 1 from 1)
