==6924== Memcheck, a memory error detector
==6924== Copyright (C) 2002-2017, and GNU GPL'd, by Julian Seward et al.
==6924== Using Valgrind-3.18.1 and LibVEX; rerun with -h for copyright info
==6924== Command: ./cub3D Cub3D-Destroyer/maps/maps_buged/colors_with__right_nbr_commas_1nbr3.cub
==6924== 
Error
Incorrect Map Colors
==6924== 
==6924== FILE DESCRIPTORS: 8 open (3 std) at exit.
==6924== Open file descriptor 23:
==6924==    <inherited from parent>
==6924== 
==6924== Open file descriptor 22: /dev/pts/6
==6924==    <inherited from parent>
==6924== 
==6924== Open file descriptor 21: /dev/ptmx
==6924==    <inherited from parent>
==6924== 
==6924== Open file descriptor 20: /home/maofalt/.vscode-server/data/logs/20230304T035113/remoteagent.log
==6924==    <inherited from parent>
==6924== 
==6924== Open file descriptor 19: /home/maofalt/.vscode-server/data/logs/20230304T035113/ptyhost.log
==6924==    <inherited from parent>
==6924== 
==6924== 
==6924== HEAP SUMMARY:
==6924==     in use at exit: 0 bytes in 0 blocks
==6924==   total heap usage: 1,335 allocs, 1,335 frees, 95,840 bytes allocated
==6924== 
==6924== All heap blocks were freed -- no leaks are possible
==6924== 
==6924== For lists of detected and suppressed errors, rerun with: -s
==6924== ERROR SUMMARY: 0 errors from 0 contexts (suppressed: 1 from 1)
