==6909== Memcheck, a memory error detector
==6909== Copyright (C) 2002-2017, and GNU GPL'd, by Julian Seward et al.
==6909== Using Valgrind-3.18.1 and LibVEX; rerun with -h for copyright info
==6909== Command: ./cub3D Cub3D-Destroyer/maps/maps_buged/colors_with__right_nbr_commas_1nbr2.cub
==6909== 
Error
Incorrect Map Colors
==6909== 
==6909== FILE DESCRIPTORS: 8 open (3 std) at exit.
==6909== Open file descriptor 23:
==6909==    <inherited from parent>
==6909== 
==6909== Open file descriptor 22: /dev/pts/6
==6909==    <inherited from parent>
==6909== 
==6909== Open file descriptor 21: /dev/ptmx
==6909==    <inherited from parent>
==6909== 
==6909== Open file descriptor 20: /home/maofalt/.vscode-server/data/logs/20230304T035113/remoteagent.log
==6909==    <inherited from parent>
==6909== 
==6909== Open file descriptor 19: /home/maofalt/.vscode-server/data/logs/20230304T035113/ptyhost.log
==6909==    <inherited from parent>
==6909== 
==6909== 
==6909== HEAP SUMMARY:
==6909==     in use at exit: 0 bytes in 0 blocks
==6909==   total heap usage: 1,350 allocs, 1,350 frees, 97,140 bytes allocated
==6909== 
==6909== All heap blocks were freed -- no leaks are possible
==6909== 
==6909== For lists of detected and suppressed errors, rerun with: -s
==6909== ERROR SUMMARY: 0 errors from 0 contexts (suppressed: 1 from 1)
