==6954== Memcheck, a memory error detector
==6954== Copyright (C) 2002-2017, and GNU GPL'd, by Julian Seward et al.
==6954== Using Valgrind-3.18.1 and LibVEX; rerun with -h for copyright info
==6954== Command: ./cub3D Cub3D-Destroyer/maps/maps_buged/colros_with_extracommas_and_nbrs.cub
==6954== 
Error
Incorrect Map Colors
==6954== 
==6954== FILE DESCRIPTORS: 8 open (3 std) at exit.
==6954== Open file descriptor 23:
==6954==    <inherited from parent>
==6954== 
==6954== Open file descriptor 22: /dev/pts/6
==6954==    <inherited from parent>
==6954== 
==6954== Open file descriptor 21: /dev/ptmx
==6954==    <inherited from parent>
==6954== 
==6954== Open file descriptor 20: /home/maofalt/.vscode-server/data/logs/20230304T035113/remoteagent.log
==6954==    <inherited from parent>
==6954== 
==6954== Open file descriptor 19: /home/maofalt/.vscode-server/data/logs/20230304T035113/ptyhost.log
==6954==    <inherited from parent>
==6954== 
==6954== 
==6954== HEAP SUMMARY:
==6954==     in use at exit: 0 bytes in 0 blocks
==6954==   total heap usage: 1,339 allocs, 1,339 frees, 95,923 bytes allocated
==6954== 
==6954== All heap blocks were freed -- no leaks are possible
==6954== 
==6954== For lists of detected and suppressed errors, rerun with: -s
==6954== ERROR SUMMARY: 0 errors from 0 contexts (suppressed: 1 from 1)
