==7011== Memcheck, a memory error detector
==7011== Copyright (C) 2002-2017, and GNU GPL'd, by Julian Seward et al.
==7011== Using Valgrind-3.18.1 and LibVEX; rerun with -h for copyright info
==7011== Command: ./cub3D Cub3D-Destroyer/maps/maps_buged/coordinate_names_partially_written_correctly_copy_2.cub
==7011== 
Error
Parse error
Error
Incorrect Map Information while parse
==7011== 
==7011== FILE DESCRIPTORS: 8 open (3 std) at exit.
==7011== Open file descriptor 23:
==7011==    <inherited from parent>
==7011== 
==7011== Open file descriptor 22: /dev/pts/6
==7011==    <inherited from parent>
==7011== 
==7011== Open file descriptor 21: /dev/ptmx
==7011==    <inherited from parent>
==7011== 
==7011== Open file descriptor 20: /home/maofalt/.vscode-server/data/logs/20230304T035113/remoteagent.log
==7011==    <inherited from parent>
==7011== 
==7011== Open file descriptor 19: /home/maofalt/.vscode-server/data/logs/20230304T035113/ptyhost.log
==7011==    <inherited from parent>
==7011== 
==7011== 
==7011== HEAP SUMMARY:
==7011==     in use at exit: 0 bytes in 0 blocks
==7011==   total heap usage: 370 allocs, 370 frees, 75,302 bytes allocated
==7011== 
==7011== All heap blocks were freed -- no leaks are possible
==7011== 
==7011== For lists of detected and suppressed errors, rerun with: -s
==7011== ERROR SUMMARY: 0 errors from 0 contexts (suppressed: 1 from 1)
