==26724== Memcheck, a memory error detector
==26724== Copyright (C) 2002-2017, and GNU GPL'd, by Julian Seward et al.
==26724== Using Valgrind-3.18.1 and LibVEX; rerun with -h for copyright info
==26724== Command: ./cub3D Cub3D-Destroyer/maps/maps_buged/coordinate_names_partially_written_correctly.cub
==26724== 
Error
Parse error
==26724== Conditional jump or move depends on uninitialised value(s)
==26724==    at 0x110E34: free_all ([2-bis]free_parsing_text.c:76)
==26724==    by 0x1118C0: parsing_text ([2]parsing_text.c:34)
==26724==    by 0x11093C: main_parsing ([0]main_parsing.c:19)
==26724==    by 0x114367: main ([0]main.c:46)
==26724== 
==26724== Use of uninitialised value of size 8
==26724==    at 0x110DE8: free_double_char ([2-bis]free_parsing_text.c:64)
==26724==    by 0x110E41: free_all ([2-bis]free_parsing_text.c:77)
==26724==    by 0x1118C0: parsing_text ([2]parsing_text.c:34)
==26724==    by 0x11093C: main_parsing ([0]main_parsing.c:19)
==26724==    by 0x114367: main ([0]main.c:46)
==26724== 
==26724== Use of uninitialised value of size 8
==26724==    at 0x110DC5: free_double_char ([2-bis]free_parsing_text.c:66)
==26724==    by 0x110E41: free_all ([2-bis]free_parsing_text.c:77)
==26724==    by 0x1118C0: parsing_text ([2]parsing_text.c:34)
==26724==    by 0x11093C: main_parsing ([0]main_parsing.c:19)
==26724==    by 0x114367: main ([0]main.c:46)
==26724== 
==26724== Invalid free() / delete / delete[] / realloc()
==26724==    at 0x484B27F: free (in /usr/libexec/valgrind/vgpreload_memcheck-amd64-linux.so)
==26724==    by 0x110DCF: free_double_char ([2-bis]free_parsing_text.c:66)
==26724==    by 0x110E41: free_all ([2-bis]free_parsing_text.c:77)
==26724==    by 0x1118C0: parsing_text ([2]parsing_text.c:34)
==26724==    by 0x11093C: main_parsing ([0]main_parsing.c:19)
==26724==    by 0x114367: main ([0]main.c:46)
==26724==  Address 0xe5894855fa1e0ff3 is not stack'd, malloc'd or (recently) free'd
==26724== 
==26724== Conditional jump or move depends on uninitialised value(s)
==26724==    at 0x484B235: free (in /usr/libexec/valgrind/vgpreload_memcheck-amd64-linux.so)
==26724==    by 0x110DFB: free_double_char ([2-bis]free_parsing_text.c:69)
==26724==    by 0x110E41: free_all ([2-bis]free_parsing_text.c:77)
==26724==    by 0x1118C0: parsing_text ([2]parsing_text.c:34)
==26724==    by 0x11093C: main_parsing ([0]main_parsing.c:19)
==26724==    by 0x114367: main ([0]main.c:46)
==26724== 
==26724== Invalid free() / delete / delete[] / realloc()
==26724==    at 0x484B27F: free (in /usr/libexec/valgrind/vgpreload_memcheck-amd64-linux.so)
==26724==    by 0x110DFB: free_double_char ([2-bis]free_parsing_text.c:69)
==26724==    by 0x110E41: free_all ([2-bis]free_parsing_text.c:77)
==26724==    by 0x1118C0: parsing_text ([2]parsing_text.c:34)
==26724==    by 0x11093C: main_parsing ([0]main_parsing.c:19)
==26724==    by 0x114367: main ([0]main.c:46)
==26724==  Address 0x1142db is in the Text segment of /home/maofalt/42/Poorman-Cub3D/cub3D
==26724==    at 0x1142DB: main ([0]main.c:36)
==26724== 
Error
Incorrect Map Information while parse
==26724== 
==26724== FILE DESCRIPTORS: 8 open (3 std) at exit.
==26724== Open file descriptor 23:
==26724==    <inherited from parent>
==26724== 
==26724== Open file descriptor 22: /dev/pts/6
==26724==    <inherited from parent>
==26724== 
==26724== Open file descriptor 21: /dev/ptmx
==26724==    <inherited from parent>
==26724== 
==26724== Open file descriptor 20: /home/maofalt/.vscode-server/data/logs/20230304T035113/remoteagent.log
==26724==    <inherited from parent>
==26724== 
==26724== Open file descriptor 19: /home/maofalt/.vscode-server/data/logs/20230304T035113/ptyhost.log
==26724==    <inherited from parent>
==26724== 
==26724== 
==26724== HEAP SUMMARY:
==26724==     in use at exit: 0 bytes in 0 blocks
==26724==   total heap usage: 283 allocs, 2,054 frees, 73,579 bytes allocated
==26724== 
==26724== All heap blocks were freed -- no leaks are possible
==26724== 
==26724== Use --track-origins=yes to see where uninitialised values come from
==26724== For lists of detected and suppressed errors, rerun with: -s
==26724== ERROR SUMMARY: 5314 errors from 6 contexts (suppressed: 1 from 1)
