==6993== Memcheck, a memory error detector
==6993== Copyright (C) 2002-2017, and GNU GPL'd, by Julian Seward et al.
==6993== Using Valgrind-3.18.1 and LibVEX; rerun with -h for copyright info
==6993== Command: ./cub3D Cub3D-Destroyer/maps/maps_buged/coordinate_names_partially_written_correctly_copy.cub
==6993== 
Error
Parse error
Error
Incorrect Map Information while parse
==6993== 
==6993== FILE DESCRIPTORS: 8 open (3 std) at exit.
==6993== Open file descriptor 23:
==6993==    <inherited from parent>
==6993== 
==6993== Open file descriptor 22: /dev/pts/6
==6993==    <inherited from parent>
==6993== 
==6993== Open file descriptor 21: /dev/ptmx
==6993==    <inherited from parent>
==6993== 
==6993== Open file descriptor 20: /home/maofalt/.vscode-server/data/logs/20230304T035113/remoteagent.log
==6993==    <inherited from parent>
==6993== 
==6993== Open file descriptor 19: /home/maofalt/.vscode-server/data/logs/20230304T035113/ptyhost.log
==6993==    <inherited from parent>
==6993== 
==6993== 
==6993== HEAP SUMMARY:
==6993==     in use at exit: 0 bytes in 0 blocks
==6993==   total heap usage: 326 allocs, 326 frees, 74,422 bytes allocated
==6993== 
==6993== All heap blocks were freed -- no leaks are possible
==6993== 
==6993== For lists of detected and suppressed errors, rerun with: -s
==6993== ERROR SUMMARY: 0 errors from 0 contexts (suppressed: 1 from 1)
