==7026== Memcheck, a memory error detector
==7026== Copyright (C) 2002-2017, and GNU GPL'd, by Julian Seward et al.
==7026== Using Valgrind-3.18.1 and LibVEX; rerun with -h for copyright info
==7026== Command: ./cub3D Cub3D-Destroyer/maps/maps_buged/coordinate_names_partially_written_correctly_copy_3.cub
==7026== 
Error
Parse error
Error
Incorrect Map Information while parse
==7026== 
==7026== FILE DESCRIPTORS: 8 open (3 std) at exit.
==7026== Open file descriptor 23:
==7026==    <inherited from parent>
==7026== 
==7026== Open file descriptor 22: /dev/pts/6
==7026==    <inherited from parent>
==7026== 
==7026== Open file descriptor 21: /dev/ptmx
==7026==    <inherited from parent>
==7026== 
==7026== Open file descriptor 20: /home/maofalt/.vscode-server/data/logs/20230304T035113/remoteagent.log
==7026==    <inherited from parent>
==7026== 
==7026== Open file descriptor 19: /home/maofalt/.vscode-server/data/logs/20230304T035113/ptyhost.log
==7026==    <inherited from parent>
==7026== 
==7026== 
==7026== HEAP SUMMARY:
==7026==     in use at exit: 0 bytes in 0 blocks
==7026==   total heap usage: 400 allocs, 400 frees, 74,928 bytes allocated
==7026== 
==7026== All heap blocks were freed -- no leaks are possible
==7026== 
==7026== For lists of detected and suppressed errors, rerun with: -s
==7026== ERROR SUMMARY: 0 errors from 0 contexts (suppressed: 1 from 1)
