==6822== Memcheck, a memory error detector
==6822== Copyright (C) 2002-2017, and GNU GPL'd, by Julian Seward et al.
==6822== Using Valgrind-3.18.1 and LibVEX; rerun with -h for copyright info
==6822== Command: ./cub3D Cub3D-Destroyer/maps/maps_buged/copy.cub
==6822== 
Error
Open() returned -1
==6822== 
==6822== FILE DESCRIPTORS: 8 open (3 std) at exit.
==6822== Open file descriptor 23:
==6822==    <inherited from parent>
==6822== 
==6822== Open file descriptor 22: /dev/pts/6
==6822==    <inherited from parent>
==6822== 
==6822== Open file descriptor 21: /dev/ptmx
==6822==    <inherited from parent>
==6822== 
==6822== Open file descriptor 20: /home/maofalt/.vscode-server/data/logs/20230304T035113/remoteagent.log
==6822==    <inherited from parent>
==6822== 
==6822== Open file descriptor 19: /home/maofalt/.vscode-server/data/logs/20230304T035113/ptyhost.log
==6822==    <inherited from parent>
==6822== 
==6822== 
==6822== HEAP SUMMARY:
==6822==     in use at exit: 0 bytes in 0 blocks
==6822==   total heap usage: 163 allocs, 163 frees, 69,923 bytes allocated
==6822== 
==6822== All heap blocks were freed -- no leaks are possible
==6822== 
==6822== For lists of detected and suppressed errors, rerun with: -s
==6822== ERROR SUMMARY: 0 errors from 0 contexts (suppressed: 1 from 1)
