==7056== Memcheck, a memory error detector
==7056== Copyright (C) 2002-2017, and GNU GPL'd, by Julian Seward et al.
==7056== Using Valgrind-3.18.1 and LibVEX; rerun with -h for copyright info
==7056== Command: ./cub3D Cub3D-Destroyer/maps/maps_buged/cub
==7056== 
Error
Invalid file extension
==7056== 
==7056== FILE DESCRIPTORS: 8 open (3 std) at exit.
==7056== Open file descriptor 23:
==7056==    <inherited from parent>
==7056== 
==7056== Open file descriptor 22: /dev/pts/6
==7056==    <inherited from parent>
==7056== 
==7056== Open file descriptor 21: /dev/ptmx
==7056==    <inherited from parent>
==7056== 
==7056== Open file descriptor 20: /home/maofalt/.vscode-server/data/logs/20230304T035113/remoteagent.log
==7056==    <inherited from parent>
==7056== 
==7056== Open file descriptor 19: /home/maofalt/.vscode-server/data/logs/20230304T035113/ptyhost.log
==7056==    <inherited from parent>
==7056== 
==7056== 
==7056== HEAP SUMMARY:
==7056==     in use at exit: 0 bytes in 0 blocks
==7056==   total heap usage: 163 allocs, 163 frees, 69,923 bytes allocated
==7056== 
==7056== All heap blocks were freed -- no leaks are possible
==7056== 
==7056== For lists of detected and suppressed errors, rerun with: -s
==7056== ERROR SUMMARY: 0 errors from 0 contexts (suppressed: 1 from 1)
