==7086== Memcheck, a memory error detector
==7086== Copyright (C) 2002-2017, and GNU GPL'd, by Julian Seward et al.
==7086== Using Valgrind-3.18.1 and LibVEX; rerun with -h for copyright info
==7086== Command: ./cub3D Cub3D-Destroyer/maps/maps_buged/empty_file
==7086== 
Error
Invalid file extension
==7086== 
==7086== FILE DESCRIPTORS: 8 open (3 std) at exit.
==7086== Open file descriptor 23:
==7086==    <inherited from parent>
==7086== 
==7086== Open file descriptor 22: /dev/pts/6
==7086==    <inherited from parent>
==7086== 
==7086== Open file descriptor 21: /dev/ptmx
==7086==    <inherited from parent>
==7086== 
==7086== Open file descriptor 20: /home/maofalt/.vscode-server/data/logs/20230304T035113/remoteagent.log
==7086==    <inherited from parent>
==7086== 
==7086== Open file descriptor 19: /home/maofalt/.vscode-server/data/logs/20230304T035113/ptyhost.log
==7086==    <inherited from parent>
==7086== 
==7086== 
==7086== HEAP SUMMARY:
==7086==     in use at exit: 0 bytes in 0 blocks
==7086==   total heap usage: 163 allocs, 163 frees, 69,923 bytes allocated
==7086== 
==7086== All heap blocks were freed -- no leaks are possible
==7086== 
==7086== For lists of detected and suppressed errors, rerun with: -s
==7086== ERROR SUMMARY: 0 errors from 0 contexts (suppressed: 1 from 1)
