==7071== Memcheck, a memory error detector
==7071== Copyright (C) 2002-2017, and GNU GPL'd, by Julian Seward et al.
==7071== Using Valgrind-3.18.1 and LibVEX; rerun with -h for copyright info
==7071== Command: ./cub3D Cub3D-Destroyer/maps/maps_buged/empty.cub
==7071== 
Error
File is empty
==7071== 
==7071== FILE DESCRIPTORS: 8 open (3 std) at exit.
==7071== Open file descriptor 23:
==7071==    <inherited from parent>
==7071== 
==7071== Open file descriptor 22: /dev/pts/6
==7071==    <inherited from parent>
==7071== 
==7071== Open file descriptor 21: /dev/ptmx
==7071==    <inherited from parent>
==7071== 
==7071== Open file descriptor 20: /home/maofalt/.vscode-server/data/logs/20230304T035113/remoteagent.log
==7071==    <inherited from parent>
==7071== 
==7071== Open file descriptor 19: /home/maofalt/.vscode-server/data/logs/20230304T035113/ptyhost.log
==7071==    <inherited from parent>
==7071== 
==7071== 
==7071== HEAP SUMMARY:
==7071==     in use at exit: 0 bytes in 0 blocks
==7071==   total heap usage: 164 allocs, 164 frees, 69,924 bytes allocated
==7071== 
==7071== All heap blocks were freed -- no leaks are possible
==7071== 
==7071== For lists of detected and suppressed errors, rerun with: -s
==7071== ERROR SUMMARY: 0 errors from 0 contexts (suppressed: 1 from 1)
