==7173== Memcheck, a memory error detector
==7173== Copyright (C) 2002-2017, and GNU GPL'd, by Julian Seward et al.
==7173== Using Valgrind-3.18.1 and LibVEX; rerun with -h for copyright info
==7173== Command: ./cub3D Cub3D-Destroyer/maps/maps_buged/forbidden_characteres_in_colors_copy_4.cub
==7173== 
Error
Incorrect Map Colors
==7173== 
==7173== FILE DESCRIPTORS: 8 open (3 std) at exit.
==7173== Open file descriptor 23:
==7173==    <inherited from parent>
==7173== 
==7173== Open file descriptor 22: /dev/pts/6
==7173==    <inherited from parent>
==7173== 
==7173== Open file descriptor 21: /dev/ptmx
==7173==    <inherited from parent>
==7173== 
==7173== Open file descriptor 20: /home/maofalt/.vscode-server/data/logs/20230304T035113/remoteagent.log
==7173==    <inherited from parent>
==7173== 
==7173== Open file descriptor 19: /home/maofalt/.vscode-server/data/logs/20230304T035113/ptyhost.log
==7173==    <inherited from parent>
==7173== 
==7173== 
==7173== HEAP SUMMARY:
==7173==     in use at exit: 0 bytes in 0 blocks
==7173==   total heap usage: 1,252 allocs, 1,252 frees, 94,317 bytes allocated
==7173== 
==7173== All heap blocks were freed -- no leaks are possible
==7173== 
==7173== For lists of detected and suppressed errors, rerun with: -s
==7173== ERROR SUMMARY: 0 errors from 0 contexts (suppressed: 1 from 1)
