==7143== Memcheck, a memory error detector
==7143== Copyright (C) 2002-2017, and GNU GPL'd, by Julian Seward et al.
==7143== Using Valgrind-3.18.1 and LibVEX; rerun with -h for copyright info
==7143== Command: ./cub3D Cub3D-Destroyer/maps/maps_buged/forbidden_characteres_in_colors_copy_2.cub
==7143== 
Error
Incorrect Map Colors
==7143== 
==7143== FILE DESCRIPTORS: 8 open (3 std) at exit.
==7143== Open file descriptor 23:
==7143==    <inherited from parent>
==7143== 
==7143== Open file descriptor 22: /dev/pts/6
==7143==    <inherited from parent>
==7143== 
==7143== Open file descriptor 21: /dev/ptmx
==7143==    <inherited from parent>
==7143== 
==7143== Open file descriptor 20: /home/maofalt/.vscode-server/data/logs/20230304T035113/remoteagent.log
==7143==    <inherited from parent>
==7143== 
==7143== Open file descriptor 19: /home/maofalt/.vscode-server/data/logs/20230304T035113/ptyhost.log
==7143==    <inherited from parent>
==7143== 
==7143== 
==7143== HEAP SUMMARY:
==7143==     in use at exit: 0 bytes in 0 blocks
==7143==   total heap usage: 1,311 allocs, 1,311 frees, 95,518 bytes allocated
==7143== 
==7143== All heap blocks were freed -- no leaks are possible
==7143== 
==7143== For lists of detected and suppressed errors, rerun with: -s
==7143== ERROR SUMMARY: 0 errors from 0 contexts (suppressed: 1 from 1)
