==7110== Memcheck, a memory error detector
==7110== Copyright (C) 2002-2017, and GNU GPL'd, by Julian Seward et al.
==7110== Using Valgrind-3.18.1 and LibVEX; rerun with -h for copyright info
==7110== Command: ./cub3D Cub3D-Destroyer/maps/maps_buged/forbidden_characteres_in_colors.cub
==7110== 
Error
Incorrect Map Colors
==7110== 
==7110== FILE DESCRIPTORS: 8 open (3 std) at exit.
==7110== Open file descriptor 23:
==7110==    <inherited from parent>
==7110== 
==7110== Open file descriptor 22: /dev/pts/6
==7110==    <inherited from parent>
==7110== 
==7110== Open file descriptor 21: /dev/ptmx
==7110==    <inherited from parent>
==7110== 
==7110== Open file descriptor 20: /home/maofalt/.vscode-server/data/logs/20230304T035113/remoteagent.log
==7110==    <inherited from parent>
==7110== 
==7110== Open file descriptor 19: /home/maofalt/.vscode-server/data/logs/20230304T035113/ptyhost.log
==7110==    <inherited from parent>
==7110== 
==7110== 
==7110== HEAP SUMMARY:
==7110==     in use at exit: 0 bytes in 0 blocks
==7110==   total heap usage: 1,259 allocs, 1,259 frees, 94,361 bytes allocated
==7110== 
==7110== All heap blocks were freed -- no leaks are possible
==7110== 
==7110== For lists of detected and suppressed errors, rerun with: -s
==7110== ERROR SUMMARY: 0 errors from 0 contexts (suppressed: 1 from 1)
