==7158== Memcheck, a memory error detector
==7158== Copyright (C) 2002-2017, and GNU GPL'd, by Julian Seward et al.
==7158== Using Valgrind-3.18.1 and LibVEX; rerun with -h for copyright info
==7158== Command: ./cub3D Cub3D-Destroyer/maps/maps_buged/forbidden_characteres_in_colors_copy_3.cub
==7158== 
Error
Incorrect Map Colors
==7158== 
==7158== FILE DESCRIPTORS: 8 open (3 std) at exit.
==7158== Open file descriptor 23:
==7158==    <inherited from parent>
==7158== 
==7158== Open file descriptor 22: /dev/pts/6
==7158==    <inherited from parent>
==7158== 
==7158== Open file descriptor 21: /dev/ptmx
==7158==    <inherited from parent>
==7158== 
==7158== Open file descriptor 20: /home/maofalt/.vscode-server/data/logs/20230304T035113/remoteagent.log
==7158==    <inherited from parent>
==7158== 
==7158== Open file descriptor 19: /home/maofalt/.vscode-server/data/logs/20230304T035113/ptyhost.log
==7158==    <inherited from parent>
==7158== 
==7158== 
==7158== HEAP SUMMARY:
==7158==     in use at exit: 0 bytes in 0 blocks
==7158==   total heap usage: 1,328 allocs, 1,328 frees, 96,833 bytes allocated
==7158== 
==7158== All heap blocks were freed -- no leaks are possible
==7158== 
==7158== For lists of detected and suppressed errors, rerun with: -s
==7158== ERROR SUMMARY: 0 errors from 0 contexts (suppressed: 1 from 1)
