==7188== Memcheck, a memory error detector
==7188== Copyright (C) 2002-2017, and GNU GPL'd, by Julian Seward et al.
==7188== Using Valgrind-3.18.1 and LibVEX; rerun with -h for copyright info
==7188== Command: ./cub3D Cub3D-Destroyer/maps/maps_buged/forbidden_characteres_in_colors_copy_5.cub
==7188== 
Error
Incorrect Map Colors
==7188== 
==7188== FILE DESCRIPTORS: 8 open (3 std) at exit.
==7188== Open file descriptor 23:
==7188==    <inherited from parent>
==7188== 
==7188== Open file descriptor 22: /dev/pts/6
==7188==    <inherited from parent>
==7188== 
==7188== Open file descriptor 21: /dev/ptmx
==7188==    <inherited from parent>
==7188== 
==7188== Open file descriptor 20: /home/maofalt/.vscode-server/data/logs/20230304T035113/remoteagent.log
==7188==    <inherited from parent>
==7188== 
==7188== Open file descriptor 19: /home/maofalt/.vscode-server/data/logs/20230304T035113/ptyhost.log
==7188==    <inherited from parent>
==7188== 
==7188== 
==7188== HEAP SUMMARY:
==7188==     in use at exit: 0 bytes in 0 blocks
==7188==   total heap usage: 1,302 allocs, 1,302 frees, 95,286 bytes allocated
==7188== 
==7188== All heap blocks were freed -- no leaks are possible
==7188== 
==7188== For lists of detected and suppressed errors, rerun with: -s
==7188== ERROR SUMMARY: 0 errors from 0 contexts (suppressed: 1 from 1)
