==7305== Memcheck, a memory error detector
==7305== Copyright (C) 2002-2017, and GNU GPL'd, by Julian Seward et al.
==7305== Using Valgrind-3.18.1 and LibVEX; rerun with -h for copyright info
==7305== Command: ./cub3D Cub3D-Destroyer/maps/maps_buged/invalid_texture_copy_3.cub
==7305== 
Error
Wrong Info
==7305== 
==7305== FILE DESCRIPTORS: 8 open (3 std) at exit.
==7305== Open file descriptor 23:
==7305==    <inherited from parent>
==7305== 
==7305== Open file descriptor 22: /dev/pts/6
==7305==    <inherited from parent>
==7305== 
==7305== Open file descriptor 21: /dev/ptmx
==7305==    <inherited from parent>
==7305== 
==7305== Open file descriptor 20: /home/maofalt/.vscode-server/data/logs/20230304T035113/remoteagent.log
==7305==    <inherited from parent>
==7305== 
==7305== Open file descriptor 19: /home/maofalt/.vscode-server/data/logs/20230304T035113/ptyhost.log
==7305==    <inherited from parent>
==7305== 
==7305== 
==7305== HEAP SUMMARY:
==7305==     in use at exit: 0 bytes in 0 blocks
==7305==   total heap usage: 1,380 allocs, 1,380 frees, 100,756 bytes allocated
==7305== 
==7305== All heap blocks were freed -- no leaks are possible
==7305== 
==7305== For lists of detected and suppressed errors, rerun with: -s
==7305== ERROR SUMMARY: 0 errors from 0 contexts (suppressed: 1 from 1)
