==7203== Memcheck, a memory error detector
==7203== Copyright (C) 2002-2017, and GNU GPL'd, by Julian Seward et al.
==7203== Using Valgrind-3.18.1 and LibVEX; rerun with -h for copyright info
==7203== Command: ./cub3D Cub3D-Destroyer/maps/maps_buged/invalid_RGB_000.cub
==7203== 
Error
Wrong Info
==7203== 
==7203== FILE DESCRIPTORS: 8 open (3 std) at exit.
==7203== Open file descriptor 23:
==7203==    <inherited from parent>
==7203== 
==7203== Open file descriptor 22: /dev/pts/6
==7203==    <inherited from parent>
==7203== 
==7203== Open file descriptor 21: /dev/ptmx
==7203==    <inherited from parent>
==7203== 
==7203== Open file descriptor 20: /home/maofalt/.vscode-server/data/logs/20230304T035113/remoteagent.log
==7203==    <inherited from parent>
==7203== 
==7203== Open file descriptor 19: /home/maofalt/.vscode-server/data/logs/20230304T035113/ptyhost.log
==7203==    <inherited from parent>
==7203== 
==7203== 
==7203== HEAP SUMMARY:
==7203==     in use at exit: 0 bytes in 0 blocks
==7203==   total heap usage: 1,257 allocs, 1,257 frees, 96,412 bytes allocated
==7203== 
==7203== All heap blocks were freed -- no leaks are possible
==7203== 
==7203== For lists of detected and suppressed errors, rerun with: -s
==7203== ERROR SUMMARY: 0 errors from 0 contexts (suppressed: 1 from 1)
