==7290== Memcheck, a memory error detector
==7290== Copyright (C) 2002-2017, and GNU GPL'd, by Julian Seward et al.
==7290== Using Valgrind-3.18.1 and LibVEX; rerun with -h for copyright info
==7290== Command: ./cub3D Cub3D-Destroyer/maps/maps_buged/invalid_texture_copy.cub
==7290== 
Error
Wrong Info
==7290== 
==7290== FILE DESCRIPTORS: 8 open (3 std) at exit.
==7290== Open file descriptor 23:
==7290==    <inherited from parent>
==7290== 
==7290== Open file descriptor 22: /dev/pts/6
==7290==    <inherited from parent>
==7290== 
==7290== Open file descriptor 21: /dev/ptmx
==7290==    <inherited from parent>
==7290== 
==7290== Open file descriptor 20: /home/maofalt/.vscode-server/data/logs/20230304T035113/remoteagent.log
==7290==    <inherited from parent>
==7290== 
==7290== Open file descriptor 19: /home/maofalt/.vscode-server/data/logs/20230304T035113/ptyhost.log
==7290==    <inherited from parent>
==7290== 
==7290== 
==7290== HEAP SUMMARY:
==7290==     in use at exit: 0 bytes in 0 blocks
==7290==   total heap usage: 1,394 allocs, 1,394 frees, 102,095 bytes allocated
==7290== 
==7290== All heap blocks were freed -- no leaks are possible
==7290== 
==7290== For lists of detected and suppressed errors, rerun with: -s
==7290== ERROR SUMMARY: 0 errors from 0 contexts (suppressed: 1 from 1)
