==7257== Memcheck, a memory error detector
==7257== Copyright (C) 2002-2017, and GNU GPL'd, by Julian Seward et al.
==7257== Using Valgrind-3.18.1 and LibVEX; rerun with -h for copyright info
==7257== Command: ./cub3D Cub3D-Destroyer/maps/maps_buged/invalid_texture.cub
==7257== 
Error
Wrong Info
==7257== 
==7257== FILE DESCRIPTORS: 8 open (3 std) at exit.
==7257== Open file descriptor 23:
==7257==    <inherited from parent>
==7257== 
==7257== Open file descriptor 22: /dev/pts/6
==7257==    <inherited from parent>
==7257== 
==7257== Open file descriptor 21: /dev/ptmx
==7257==    <inherited from parent>
==7257== 
==7257== Open file descriptor 20: /home/maofalt/.vscode-server/data/logs/20230304T035113/remoteagent.log
==7257==    <inherited from parent>
==7257== 
==7257== Open file descriptor 19: /home/maofalt/.vscode-server/data/logs/20230304T035113/ptyhost.log
==7257==    <inherited from parent>
==7257== 
==7257== 
==7257== HEAP SUMMARY:
==7257==     in use at exit: 0 bytes in 0 blocks
==7257==   total heap usage: 1,368 allocs, 1,368 frees, 100,658 bytes allocated
==7257== 
==7257== All heap blocks were freed -- no leaks are possible
==7257== 
==7257== For lists of detected and suppressed errors, rerun with: -s
==7257== ERROR SUMMARY: 0 errors from 0 contexts (suppressed: 1 from 1)
