==7275== Memcheck, a memory error detector
==7275== Copyright (C) 2002-2017, and GNU GPL'd, by Julian Seward et al.
==7275== Using Valgrind-3.18.1 and LibVEX; rerun with -h for copyright info
==7275== Command: ./cub3D Cub3D-Destroyer/maps/maps_buged/invalid_texture1.cub
==7275== 
Error
Wrong Info
==7275== 
==7275== FILE DESCRIPTORS: 8 open (3 std) at exit.
==7275== Open file descriptor 23:
==7275==    <inherited from parent>
==7275== 
==7275== Open file descriptor 22: /dev/pts/6
==7275==    <inherited from parent>
==7275== 
==7275== Open file descriptor 21: /dev/ptmx
==7275==    <inherited from parent>
==7275== 
==7275== Open file descriptor 20: /home/maofalt/.vscode-server/data/logs/20230304T035113/remoteagent.log
==7275==    <inherited from parent>
==7275== 
==7275== Open file descriptor 19: /home/maofalt/.vscode-server/data/logs/20230304T035113/ptyhost.log
==7275==    <inherited from parent>
==7275== 
==7275== 
==7275== HEAP SUMMARY:
==7275==     in use at exit: 0 bytes in 0 blocks
==7275==   total heap usage: 1,379 allocs, 1,379 frees, 100,817 bytes allocated
==7275== 
==7275== All heap blocks were freed -- no leaks are possible
==7275== 
==7275== For lists of detected and suppressed errors, rerun with: -s
==7275== ERROR SUMMARY: 0 errors from 0 contexts (suppressed: 1 from 1)
