==7242== Memcheck, a memory error detector
==7242== Copyright (C) 2002-2017, and GNU GPL'd, by Julian Seward et al.
==7242== Using Valgrind-3.18.1 and LibVEX; rerun with -h for copyright info
==7242== Command: ./cub3D Cub3D-Destroyer/maps/maps_buged/invalid_nbrs_in_map_RGB.cub
==7242== 
Error
Wrong Info
==7242== 
==7242== FILE DESCRIPTORS: 8 open (3 std) at exit.
==7242== Open file descriptor 23:
==7242==    <inherited from parent>
==7242== 
==7242== Open file descriptor 22: /dev/pts/6
==7242==    <inherited from parent>
==7242== 
==7242== Open file descriptor 21: /dev/ptmx
==7242==    <inherited from parent>
==7242== 
==7242== Open file descriptor 20: /home/maofalt/.vscode-server/data/logs/20230304T035113/remoteagent.log
==7242==    <inherited from parent>
==7242== 
==7242== Open file descriptor 19: /home/maofalt/.vscode-server/data/logs/20230304T035113/ptyhost.log
==7242==    <inherited from parent>
==7242== 
==7242== 
==7242== HEAP SUMMARY:
==7242==     in use at exit: 0 bytes in 0 blocks
==7242==   total heap usage: 792 allocs, 792 frees, 81,704 bytes allocated
==7242== 
==7242== All heap blocks were freed -- no leaks are possible
==7242== 
==7242== For lists of detected and suppressed errors, rerun with: -s
==7242== ERROR SUMMARY: 0 errors from 0 contexts (suppressed: 1 from 1)
