==7218== Memcheck, a memory error detector
==7218== Copyright (C) 2002-2017, and GNU GPL'd, by Julian Seward et al.
==7218== Using Valgrind-3.18.1 and LibVEX; rerun with -h for copyright info
==7218== Command: ./cub3D Cub3D-Destroyer/maps/maps_buged/invalid_RGB_001.cub
==7218== 
Error
Wrong Info
==7218== 
==7218== FILE DESCRIPTORS: 8 open (3 std) at exit.
==7218== Open file descriptor 23:
==7218==    <inherited from parent>
==7218== 
==7218== Open file descriptor 22: /dev/pts/6
==7218==    <inherited from parent>
==7218== 
==7218== Open file descriptor 21: /dev/ptmx
==7218==    <inherited from parent>
==7218== 
==7218== Open file descriptor 20: /home/maofalt/.vscode-server/data/logs/20230304T035113/remoteagent.log
==7218==    <inherited from parent>
==7218== 
==7218== Open file descriptor 19: /home/maofalt/.vscode-server/data/logs/20230304T035113/ptyhost.log
==7218==    <inherited from parent>
==7218== 
==7218== 
==7218== HEAP SUMMARY:
==7218==     in use at exit: 0 bytes in 0 blocks
==7218==   total heap usage: 1,260 allocs, 1,260 frees, 96,469 bytes allocated
==7218== 
==7218== All heap blocks were freed -- no leaks are possible
==7218== 
==7218== For lists of detected and suppressed errors, rerun with: -s
==7218== ERROR SUMMARY: 0 errors from 0 contexts (suppressed: 1 from 1)
