==7325== Memcheck, a memory error detector
==7325== Copyright (C) 2002-2017, and GNU GPL'd, by Julian Seward et al.
==7325== Using Valgrind-3.18.1 and LibVEX; rerun with -h for copyright info
==7325== Command: ./cub3D Cub3D-Destroyer/maps/maps_buged/maps_start_with_forbidden_.cub
==7325== 
Error
Invalid characters in map
==7325== 
==7325== FILE DESCRIPTORS: 8 open (3 std) at exit.
==7325== Open file descriptor 23:
==7325==    <inherited from parent>
==7325== 
==7325== Open file descriptor 22: /dev/pts/6
==7325==    <inherited from parent>
==7325== 
==7325== Open file descriptor 21: /dev/ptmx
==7325==    <inherited from parent>
==7325== 
==7325== Open file descriptor 20: /home/maofalt/.vscode-server/data/logs/20230304T035113/remoteagent.log
==7325==    <inherited from parent>
==7325== 
==7325== Open file descriptor 19: /home/maofalt/.vscode-server/data/logs/20230304T035113/ptyhost.log
==7325==    <inherited from parent>
==7325== 
==7325== 
==7325== HEAP SUMMARY:
==7325==     in use at exit: 0 bytes in 0 blocks
==7325==   total heap usage: 1,712 allocs, 1,712 frees, 112,763 bytes allocated
==7325== 
==7325== All heap blocks were freed -- no leaks are possible
==7325== 
==7325== For lists of detected and suppressed errors, rerun with: -s
==7325== ERROR SUMMARY: 0 errors from 0 contexts (suppressed: 1 from 1)
