==7344== Memcheck, a memory error detector
==7344== Copyright (C) 2002-2017, and GNU GPL'd, by Julian Seward et al.
==7344== Using Valgrind-3.18.1 and LibVEX; rerun with -h for copyright info
==7344== Command: ./cub3D Cub3D-Destroyer/maps/maps_buged/maps_start_with_forbidden__copy.cub
==7344== 
Error
Invalid characters in map
==7344== 
==7344== FILE DESCRIPTORS: 8 open (3 std) at exit.
==7344== Open file descriptor 23:
==7344==    <inherited from parent>
==7344== 
==7344== Open file descriptor 22: /dev/pts/6
==7344==    <inherited from parent>
==7344== 
==7344== Open file descriptor 21: /dev/ptmx
==7344==    <inherited from parent>
==7344== 
==7344== Open file descriptor 20: /home/maofalt/.vscode-server/data/logs/20230304T035113/remoteagent.log
==7344==    <inherited from parent>
==7344== 
==7344== Open file descriptor 19: /home/maofalt/.vscode-server/data/logs/20230304T035113/ptyhost.log
==7344==    <inherited from parent>
==7344== 
==7344== 
==7344== HEAP SUMMARY:
==7344==     in use at exit: 0 bytes in 0 blocks
==7344==   total heap usage: 2,476 allocs, 2,476 frees, 1,174,508 bytes allocated
==7344== 
==7344== All heap blocks were freed -- no leaks are possible
==7344== 
==7344== For lists of detected and suppressed errors, rerun with: -s
==7344== ERROR SUMMARY: 0 errors from 0 contexts (suppressed: 1 from 1)
