==7420== Memcheck, a memory error detector
==7420== Copyright (C) 2002-2017, and GNU GPL'd, by Julian Seward et al.
==7420== Using Valgrind-3.18.1 and LibVEX; rerun with -h for copyright info
==7420== Command: ./cub3D Cub3D-Destroyer/maps/maps_buged/max_INT_colors_copy_3.cub
==7420== 
Error
Incorrect Map Colors
==7420== 
==7420== FILE DESCRIPTORS: 8 open (3 std) at exit.
==7420== Open file descriptor 23:
==7420==    <inherited from parent>
==7420== 
==7420== Open file descriptor 22: /dev/pts/6
==7420==    <inherited from parent>
==7420== 
==7420== Open file descriptor 21: /dev/ptmx
==7420==    <inherited from parent>
==7420== 
==7420== Open file descriptor 20: /home/maofalt/.vscode-server/data/logs/20230304T035113/remoteagent.log
==7420==    <inherited from parent>
==7420== 
==7420== Open file descriptor 19: /home/maofalt/.vscode-server/data/logs/20230304T035113/ptyhost.log
==7420==    <inherited from parent>
==7420== 
==7420== 
==7420== HEAP SUMMARY:
==7420==     in use at exit: 0 bytes in 0 blocks
==7420==   total heap usage: 1,309 allocs, 1,309 frees, 95,592 bytes allocated
==7420== 
==7420== All heap blocks were freed -- no leaks are possible
==7420== 
==7420== For lists of detected and suppressed errors, rerun with: -s
==7420== ERROR SUMMARY: 0 errors from 0 contexts (suppressed: 1 from 1)
