==7437== Memcheck, a memory error detector
==7437== Copyright (C) 2002-2017, and GNU GPL'd, by Julian Seward et al.
==7437== Using Valgrind-3.18.1 and LibVEX; rerun with -h for copyright info
==7437== Command: ./cub3D Cub3D-Destroyer/maps/maps_buged/max_INT_colors_copy_4.cub
==7437== 
Error
Incorrect Map Colors
==7437== 
==7437== FILE DESCRIPTORS: 8 open (3 std) at exit.
==7437== Open file descriptor 23:
==7437==    <inherited from parent>
==7437== 
==7437== Open file descriptor 22: /dev/pts/6
==7437==    <inherited from parent>
==7437== 
==7437== Open file descriptor 21: /dev/ptmx
==7437==    <inherited from parent>
==7437== 
==7437== Open file descriptor 20: /home/maofalt/.vscode-server/data/logs/20230304T035113/remoteagent.log
==7437==    <inherited from parent>
==7437== 
==7437== Open file descriptor 19: /home/maofalt/.vscode-server/data/logs/20230304T035113/ptyhost.log
==7437==    <inherited from parent>
==7437== 
==7437== 
==7437== HEAP SUMMARY:
==7437==     in use at exit: 0 bytes in 0 blocks
==7437==   total heap usage: 1,272 allocs, 1,272 frees, 95,718 bytes allocated
==7437== 
==7437== All heap blocks were freed -- no leaks are possible
==7437== 
==7437== For lists of detected and suppressed errors, rerun with: -s
==7437== ERROR SUMMARY: 0 errors from 0 contexts (suppressed: 1 from 1)
