==7404== Memcheck, a memory error detector
==7404== Copyright (C) 2002-2017, and GNU GPL'd, by Julian Seward et al.
==7404== Using Valgrind-3.18.1 and LibVEX; rerun with -h for copyright info
==7404== Command: ./cub3D Cub3D-Destroyer/maps/maps_buged/max_INT_colors_copy_2.cub
==7404== 
Error
Incorrect Map Colors
==7404== 
==7404== FILE DESCRIPTORS: 8 open (3 std) at exit.
==7404== Open file descriptor 23:
==7404==    <inherited from parent>
==7404== 
==7404== Open file descriptor 22: /dev/pts/6
==7404==    <inherited from parent>
==7404== 
==7404== Open file descriptor 21: /dev/ptmx
==7404==    <inherited from parent>
==7404== 
==7404== Open file descriptor 20: /home/maofalt/.vscode-server/data/logs/20230304T035113/remoteagent.log
==7404==    <inherited from parent>
==7404== 
==7404== Open file descriptor 19: /home/maofalt/.vscode-server/data/logs/20230304T035113/ptyhost.log
==7404==    <inherited from parent>
==7404== 
==7404== 
==7404== HEAP SUMMARY:
==7404==     in use at exit: 0 bytes in 0 blocks
==7404==   total heap usage: 1,307 allocs, 1,307 frees, 95,613 bytes allocated
==7404== 
==7404== All heap blocks were freed -- no leaks are possible
==7404== 
==7404== For lists of detected and suppressed errors, rerun with: -s
==7404== ERROR SUMMARY: 0 errors from 0 contexts (suppressed: 1 from 1)
