==7458== Memcheck, a memory error detector
==7458== Copyright (C) 2002-2017, and GNU GPL'd, by Julian Seward et al.
==7458== Using Valgrind-3.18.1 and LibVEX; rerun with -h for copyright info
==7458== Command: ./cub3D Cub3D-Destroyer/maps/maps_buged/no_extension
==7458== 
Error
Invalid file extension
==7458== 
==7458== FILE DESCRIPTORS: 8 open (3 std) at exit.
==7458== Open file descriptor 23:
==7458==    <inherited from parent>
==7458== 
==7458== Open file descriptor 22: /dev/pts/6
==7458==    <inherited from parent>
==7458== 
==7458== Open file descriptor 21: /dev/ptmx
==7458==    <inherited from parent>
==7458== 
==7458== Open file descriptor 20: /home/maofalt/.vscode-server/data/logs/20230304T035113/remoteagent.log
==7458==    <inherited from parent>
==7458== 
==7458== Open file descriptor 19: /home/maofalt/.vscode-server/data/logs/20230304T035113/ptyhost.log
==7458==    <inherited from parent>
==7458== 
==7458== 
==7458== HEAP SUMMARY:
==7458==     in use at exit: 0 bytes in 0 blocks
==7458==   total heap usage: 163 allocs, 163 frees, 69,923 bytes allocated
==7458== 
==7458== All heap blocks were freed -- no leaks are possible
==7458== 
==7458== For lists of detected and suppressed errors, rerun with: -s
==7458== ERROR SUMMARY: 0 errors from 0 contexts (suppressed: 1 from 1)
