==7523== Memcheck, a memory error detector
==7523== Copyright (C) 2002-2017, and GNU GPL'd, by Julian Seward et al.
==7523== Using Valgrind-3.18.1 and LibVEX; rerun with -h for copyright info
==7523== Command: ./cub3D Cub3D-Destroyer/maps/maps_buged/olors_with__right_nbr_cmmas_misplaced_nbrs.cub
==7523== 
Error
Incorrect Map Colors
==7523== 
==7523== FILE DESCRIPTORS: 8 open (3 std) at exit.
==7523== Open file descriptor 23:
==7523==    <inherited from parent>
==7523== 
==7523== Open file descriptor 22: /dev/pts/6
==7523==    <inherited from parent>
==7523== 
==7523== Open file descriptor 21: /dev/ptmx
==7523==    <inherited from parent>
==7523== 
==7523== Open file descriptor 20: /home/maofalt/.vscode-server/data/logs/20230304T035113/remoteagent.log
==7523==    <inherited from parent>
==7523== 
==7523== Open file descriptor 19: /home/maofalt/.vscode-server/data/logs/20230304T035113/ptyhost.log
==7523==    <inherited from parent>
==7523== 
==7523== 
==7523== HEAP SUMMARY:
==7523==     in use at exit: 0 bytes in 0 blocks
==7523==   total heap usage: 1,338 allocs, 1,338 frees, 97,042 bytes allocated
==7523== 
==7523== All heap blocks were freed -- no leaks are possible
==7523== 
==7523== For lists of detected and suppressed errors, rerun with: -s
==7523== ERROR SUMMARY: 0 errors from 0 contexts (suppressed: 1 from 1)
