==27300== Memcheck, a memory error detector
==27300== Copyright (C) 2002-2017, and GNU GPL'd, by Julian Seward et al.
==27300== Using Valgrind-3.18.1 and LibVEX; rerun with -h for copyright info
==27300== Command: ./cub3D Cub3D-Destroyer/maps/maps_buged/overwritten_by_seveeral_texture_per_line_.cub
==27300== 
Error
Parse error
==27300== Conditional jump or move depends on uninitialised value(s)
==27300==    at 0x110E34: free_all ([2-bis]free_parsing_text.c:76)
==27300==    by 0x1118C0: parsing_text ([2]parsing_text.c:34)
==27300==    by 0x11093C: main_parsing ([0]main_parsing.c:19)
==27300==    by 0x114367: main ([0]main.c:46)
==27300== 
==27300== Use of uninitialised value of size 8
==27300==    at 0x110DE8: free_double_char ([2-bis]free_parsing_text.c:64)
==27300==    by 0x110E41: free_all ([2-bis]free_parsing_text.c:77)
==27300==    by 0x1118C0: parsing_text ([2]parsing_text.c:34)
==27300==    by 0x11093C: main_parsing ([0]main_parsing.c:19)
==27300==    by 0x114367: main ([0]main.c:46)
==27300== 
==27300== Use of uninitialised value of size 8
==27300==    at 0x110DC5: free_double_char ([2-bis]free_parsing_text.c:66)
==27300==    by 0x110E41: free_all ([2-bis]free_parsing_text.c:77)
==27300==    by 0x1118C0: parsing_text ([2]parsing_text.c:34)
==27300==    by 0x11093C: main_parsing ([0]main_parsing.c:19)
==27300==    by 0x114367: main ([0]main.c:46)
==27300== 
==27300== Invalid free() / delete / delete[] / realloc()
==27300==    at 0x484B27F: free (in /usr/libexec/valgrind/vgpreload_memcheck-amd64-linux.so)
==27300==    by 0x110DCF: free_double_char ([2-bis]free_parsing_text.c:66)
==27300==    by 0x110E41: free_all ([2-bis]free_parsing_text.c:77)
==27300==    by 0x1118C0: parsing_text ([2]parsing_text.c:34)
==27300==    by 0x11093C: main_parsing ([0]main_parsing.c:19)
==27300==    by 0x114367: main ([0]main.c:46)
==27300==  Address 0xe5894855fa1e0ff3 is not stack'd, malloc'd or (recently) free'd
==27300== 
==27300== Conditional jump or move depends on uninitialised value(s)
==27300==    at 0x484B235: free (in /usr/libexec/valgrind/vgpreload_memcheck-amd64-linux.so)
==27300==    by 0x110DFB: free_double_char ([2-bis]free_parsing_text.c:69)
==27300==    by 0x110E41: free_all ([2-bis]free_parsing_text.c:77)
==27300==    by 0x1118C0: parsing_text ([2]parsing_text.c:34)
==27300==    by 0x11093C: main_parsing ([0]main_parsing.c:19)
==27300==    by 0x114367: main ([0]main.c:46)
==27300== 
==27300== Invalid free() / delete / delete[] / realloc()
==27300==    at 0x484B27F: free (in /usr/libexec/valgrind/vgpreload_memcheck-amd64-linux.so)
==27300==    by 0x110DFB: free_double_char ([2-bis]free_parsing_text.c:69)
==27300==    by 0x110E41: free_all ([2-bis]free_parsing_text.c:77)
==27300==    by 0x1118C0: parsing_text ([2]parsing_text.c:34)
==27300==    by 0x11093C: main_parsing ([0]main_parsing.c:19)
==27300==    by 0x114367: main ([0]main.c:46)
==27300==  Address 0x1142db is in the Text segment of /home/maofalt/42/Poorman-Cub3D/cub3D
==27300==    at 0x1142DB: main ([0]main.c:36)
==27300== 
Error
Incorrect Map Information while parse
==27300== 
==27300== FILE DESCRIPTORS: 8 open (3 std) at exit.
==27300== Open file descriptor 23:
==27300==    <inherited from parent>
==27300== 
==27300== Open file descriptor 22: /dev/pts/6
==27300==    <inherited from parent>
==27300== 
==27300== Open file descriptor 21: /dev/ptmx
==27300==    <inherited from parent>
==27300== 
==27300== Open file descriptor 20: /home/maofalt/.vscode-server/data/logs/20230304T035113/remoteagent.log
==27300==    <inherited from parent>
==27300== 
==27300== Open file descriptor 19: /home/maofalt/.vscode-server/data/logs/20230304T035113/ptyhost.log
==27300==    <inherited from parent>
==27300== 
==27300== 
==27300== HEAP SUMMARY:
==27300==     in use at exit: 0 bytes in 0 blocks
==27300==   total heap usage: 282 allocs, 2,053 frees, 72,849 bytes allocated
==27300== 
==27300== All heap blocks were freed -- no leaks are possible
==27300== 
==27300== Use --track-origins=yes to see where uninitialised values come from
==27300== For lists of detected and suppressed errors, rerun with: -s
==27300== ERROR SUMMARY: 5314 errors from 6 contexts (suppressed: 1 from 1)
