==7541== Memcheck, a memory error detector
==7541== Copyright (C) 2002-2017, and GNU GPL'd, by Julian Seward et al.
==7541== Using Valgrind-3.18.1 and LibVEX; rerun with -h for copyright info
==7541== Command: ./cub3D Cub3D-Destroyer/maps/maps_buged/overwritten_by_invalid_texture.cub
==7541== 
Error
Wrong Info
==7541== 
==7541== FILE DESCRIPTORS: 8 open (3 std) at exit.
==7541== Open file descriptor 23:
==7541==    <inherited from parent>
==7541== 
==7541== Open file descriptor 22: /dev/pts/6
==7541==    <inherited from parent>
==7541== 
==7541== Open file descriptor 21: /dev/ptmx
==7541==    <inherited from parent>
==7541== 
==7541== Open file descriptor 20: /home/maofalt/.vscode-server/data/logs/20230304T035113/remoteagent.log
==7541==    <inherited from parent>
==7541== 
==7541== Open file descriptor 19: /home/maofalt/.vscode-server/data/logs/20230304T035113/ptyhost.log
==7541==    <inherited from parent>
==7541== 
==7541== 
==7541== HEAP SUMMARY:
==7541==     in use at exit: 0 bytes in 0 blocks
==7541==   total heap usage: 1,383 allocs, 1,383 frees, 99,145 bytes allocated
==7541== 
==7541== All heap blocks were freed -- no leaks are possible
==7541== 
==7541== For lists of detected and suppressed errors, rerun with: -s
==7541== ERROR SUMMARY: 0 errors from 0 contexts (suppressed: 1 from 1)
