==7580== Memcheck, a memory error detector
==7580== Copyright (C) 2002-2017, and GNU GPL'd, by Julian Seward et al.
==7580== Using Valgrind-3.18.1 and LibVEX; rerun with -h for copyright info
==7580== Command: ./cub3D Cub3D-Destroyer/maps/maps_buged/seveeral_texture_per_line__copy.cub
==7580== 
Error
Parse error
Error
Incorrect Map Information while parse
==7580== 
==7580== FILE DESCRIPTORS: 8 open (3 std) at exit.
==7580== Open file descriptor 23:
==7580==    <inherited from parent>
==7580== 
==7580== Open file descriptor 22: /dev/pts/6
==7580==    <inherited from parent>
==7580== 
==7580== Open file descriptor 21: /dev/ptmx
==7580==    <inherited from parent>
==7580== 
==7580== Open file descriptor 20: /home/maofalt/.vscode-server/data/logs/20230304T035113/remoteagent.log
==7580==    <inherited from parent>
==7580== 
==7580== Open file descriptor 19: /home/maofalt/.vscode-server/data/logs/20230304T035113/ptyhost.log
==7580==    <inherited from parent>
==7580== 
==7580== 
==7580== HEAP SUMMARY:
==7580==     in use at exit: 0 bytes in 0 blocks
==7580==   total heap usage: 362 allocs, 362 frees, 78,317 bytes allocated
==7580== 
==7580== All heap blocks were freed -- no leaks are possible
==7580== 
==7580== For lists of detected and suppressed errors, rerun with: -s
==7580== ERROR SUMMARY: 0 errors from 0 contexts (suppressed: 1 from 1)
