==7643== Memcheck, a memory error detector
==7643== Copyright (C) 2002-2017, and GNU GPL'd, by Julian Seward et al.
==7643== Using Valgrind-3.18.1 and LibVEX; rerun with -h for copyright info
==7643== Command: ./cub3D Cub3D-Destroyer/maps/maps_buged/textures_before_and_after_map.cub
==7643== 
Error
Invalid characters in map
==7643== 
==7643== FILE DESCRIPTORS: 8 open (3 std) at exit.
==7643== Open file descriptor 23:
==7643==    <inherited from parent>
==7643== 
==7643== Open file descriptor 22: /dev/pts/6
==7643==    <inherited from parent>
==7643== 
==7643== Open file descriptor 21: /dev/ptmx
==7643==    <inherited from parent>
==7643== 
==7643== Open file descriptor 20: /home/maofalt/.vscode-server/data/logs/20230304T035113/remoteagent.log
==7643==    <inherited from parent>
==7643== 
==7643== Open file descriptor 19: /home/maofalt/.vscode-server/data/logs/20230304T035113/ptyhost.log
==7643==    <inherited from parent>
==7643== 
==7643== 
==7643== HEAP SUMMARY:
==7643==     in use at exit: 0 bytes in 0 blocks
==7643==   total heap usage: 2,595 allocs, 2,595 frees, 1,177,483 bytes allocated
==7643== 
==7643== All heap blocks were freed -- no leaks are possible
==7643== 
==7643== For lists of detected and suppressed errors, rerun with: -s
==7643== ERROR SUMMARY: 0 errors from 0 contexts (suppressed: 1 from 1)
