==7613== Memcheck, a memory error detector
==7613== Copyright (C) 2002-2017, and GNU GPL'd, by Julian Seward et al.
==7613== Using Valgrind-3.18.1 and LibVEX; rerun with -h for copyright info
==7613== Command: ./cub3D Cub3D-Destroyer/maps/maps_buged/texture_split_the_map.cub
==7613== 
Error
Invalid characters in map
==7613== 
==7613== FILE DESCRIPTORS: 8 open (3 std) at exit.
==7613== Open file descriptor 23:
==7613==    <inherited from parent>
==7613== 
==7613== Open file descriptor 22: /dev/pts/6
==7613==    <inherited from parent>
==7613== 
==7613== Open file descriptor 21: /dev/ptmx
==7613==    <inherited from parent>
==7613== 
==7613== Open file descriptor 20: /home/maofalt/.vscode-server/data/logs/20230304T035113/remoteagent.log
==7613==    <inherited from parent>
==7613== 
==7613== Open file descriptor 19: /home/maofalt/.vscode-server/data/logs/20230304T035113/ptyhost.log
==7613==    <inherited from parent>
==7613== 
==7613== 
==7613== HEAP SUMMARY:
==7613==     in use at exit: 0 bytes in 0 blocks
==7613==   total heap usage: 2,549 allocs, 2,549 frees, 1,174,600 bytes allocated
==7613== 
==7613== All heap blocks were freed -- no leaks are possible
==7613== 
==7613== For lists of detected and suppressed errors, rerun with: -s
==7613== ERROR SUMMARY: 0 errors from 0 contexts (suppressed: 1 from 1)
