==7685== Memcheck, a memory error detector
==7685== Copyright (C) 2002-2017, and GNU GPL'd, by Julian Seward et al.
==7685== Using Valgrind-3.18.1 and LibVEX; rerun with -h for copyright info
==7685== Command: ./cub3D Cub3D-Destroyer/maps/maps_buged/textures_before_split_and_after_map.cub
==7685== 
Error
Invalid characters in map
==7685== 
==7685== FILE DESCRIPTORS: 8 open (3 std) at exit.
==7685== Open file descriptor 23:
==7685==    <inherited from parent>
==7685== 
==7685== Open file descriptor 22: /dev/pts/6
==7685==    <inherited from parent>
==7685== 
==7685== Open file descriptor 21: /dev/ptmx
==7685==    <inherited from parent>
==7685== 
==7685== Open file descriptor 20: /home/maofalt/.vscode-server/data/logs/20230304T035113/remoteagent.log
==7685==    <inherited from parent>
==7685== 
==7685== Open file descriptor 19: /home/maofalt/.vscode-server/data/logs/20230304T035113/ptyhost.log
==7685==    <inherited from parent>
==7685== 
==7685== 
==7685== HEAP SUMMARY:
==7685==     in use at exit: 0 bytes in 0 blocks
==7685==   total heap usage: 2,544 allocs, 2,544 frees, 1,173,660 bytes allocated
==7685== 
==7685== All heap blocks were freed -- no leaks are possible
==7685== 
==7685== For lists of detected and suppressed errors, rerun with: -s
==7685== ERROR SUMMARY: 0 errors from 0 contexts (suppressed: 1 from 1)
