==7628== Memcheck, a memory error detector
==7628== Copyright (C) 2002-2017, and GNU GPL'd, by Julian Seward et al.
==7628== Using Valgrind-3.18.1 and LibVEX; rerun with -h for copyright info
==7628== Command: ./cub3D Cub3D-Destroyer/maps/maps_buged/textures_after_map.cub
==7628== 
Error
Parse error
Error
Incorrect Map Information while parse
==7628== 
==7628== FILE DESCRIPTORS: 8 open (3 std) at exit.
==7628== Open file descriptor 23:
==7628==    <inherited from parent>
==7628== 
==7628== Open file descriptor 22: /dev/pts/6
==7628==    <inherited from parent>
==7628== 
==7628== Open file descriptor 21: /dev/ptmx
==7628==    <inherited from parent>
==7628== 
==7628== Open file descriptor 20: /home/maofalt/.vscode-server/data/logs/20230304T035113/remoteagent.log
==7628==    <inherited from parent>
==7628== 
==7628== Open file descriptor 19: /home/maofalt/.vscode-server/data/logs/20230304T035113/ptyhost.log
==7628==    <inherited from parent>
==7628== 
==7628== 
==7628== HEAP SUMMARY:
==7628==     in use at exit: 0 bytes in 0 blocks
==7628==   total heap usage: 312 allocs, 312 frees, 73,502 bytes allocated
==7628== 
==7628== All heap blocks were freed -- no leaks are possible
==7628== 
==7628== For lists of detected and suppressed errors, rerun with: -s
==7628== ERROR SUMMARY: 0 errors from 0 contexts (suppressed: 1 from 1)
