==7595== Memcheck, a memory error detector
==7595== Copyright (C) 2002-2017, and GNU GPL'd, by Julian Seward et al.
==7595== Using Valgrind-3.18.1 and LibVEX; rerun with -h for copyright info
==7595== Command: ./cub3D Cub3D-Destroyer/maps/maps_buged/texture_overwritten_by_protected_texture_copy.cub
==7595== 
Error
Wrong Info
==7595== 
==7595== FILE DESCRIPTORS: 8 open (3 std) at exit.
==7595== Open file descriptor 23:
==7595==    <inherited from parent>
==7595== 
==7595== Open file descriptor 22: /dev/pts/6
==7595==    <inherited from parent>
==7595== 
==7595== Open file descriptor 21: /dev/ptmx
==7595==    <inherited from parent>
==7595== 
==7595== Open file descriptor 20: /home/maofalt/.vscode-server/data/logs/20230304T035113/remoteagent.log
==7595==    <inherited from parent>
==7595== 
==7595== Open file descriptor 19: /home/maofalt/.vscode-server/data/logs/20230304T035113/ptyhost.log
==7595==    <inherited from parent>
==7595== 
==7595== 
==7595== HEAP SUMMARY:
==7595==     in use at exit: 0 bytes in 0 blocks
==7595==   total heap usage: 1,402 allocs, 1,402 frees, 100,732 bytes allocated
==7595== 
==7595== All heap blocks were freed -- no leaks are possible
==7595== 
==7595== For lists of detected and suppressed errors, rerun with: -s
==7595== ERROR SUMMARY: 0 errors from 0 contexts (suppressed: 1 from 1)
