==7661== Memcheck, a memory error detector
==7661== Copyright (C) 2002-2017, and GNU GPL'd, by Julian Seward et al.
==7661== Using Valgrind-3.18.1 and LibVEX; rerun with -h for copyright info
==7661== Command: ./cub3D Cub3D-Destroyer/maps/maps_buged/textures_before_and_split_map.cub
==7661== 
Error
Invalid characters in map
==7661== 
==7661== FILE DESCRIPTORS: 8 open (3 std) at exit.
==7661== Open file descriptor 23:
==7661==    <inherited from parent>
==7661== 
==7661== Open file descriptor 22: /dev/pts/6
==7661==    <inherited from parent>
==7661== 
==7661== Open file descriptor 21: /dev/ptmx
==7661==    <inherited from parent>
==7661== 
==7661== Open file descriptor 20: /home/maofalt/.vscode-server/data/logs/20230304T035113/remoteagent.log
==7661==    <inherited from parent>
==7661== 
==7661== Open file descriptor 19: /home/maofalt/.vscode-server/data/logs/20230304T035113/ptyhost.log
==7661==    <inherited from parent>
==7661== 
==7661== 
==7661== HEAP SUMMARY:
==7661==     in use at exit: 0 bytes in 0 blocks
==7661==   total heap usage: 2,536 allocs, 2,536 frees, 1,173,523 bytes allocated
==7661== 
==7661== All heap blocks were freed -- no leaks are possible
==7661== 
==7661== For lists of detected and suppressed errors, rerun with: -s
==7661== ERROR SUMMARY: 0 errors from 0 contexts (suppressed: 1 from 1)
