==7766== Memcheck, a memory error detector
==7766== Copyright (C) 2002-2017, and GNU GPL'd, by Julian Seward et al.
==7766== Using Valgrind-3.18.1 and LibVEX; rerun with -h for copyright info
==7766== Command: ./cub3D Cub3D-Destroyer/maps/maps_buged/unexistent_texture_copy__overwritten.cub
==7766== 
Error
Parse error
Error
Incorrect Map Information while parse
==7766== 
==7766== FILE DESCRIPTORS: 8 open (3 std) at exit.
==7766== Open file descriptor 23:
==7766==    <inherited from parent>
==7766== 
==7766== Open file descriptor 22: /dev/pts/6
==7766==    <inherited from parent>
==7766== 
==7766== Open file descriptor 21: /dev/ptmx
==7766==    <inherited from parent>
==7766== 
==7766== Open file descriptor 20: /home/maofalt/.vscode-server/data/logs/20230304T035113/remoteagent.log
==7766==    <inherited from parent>
==7766== 
==7766== Open file descriptor 19: /home/maofalt/.vscode-server/data/logs/20230304T035113/ptyhost.log
==7766==    <inherited from parent>
==7766== 
==7766== 
==7766== HEAP SUMMARY:
==7766==     in use at exit: 0 bytes in 0 blocks
==7766==   total heap usage: 319 allocs, 319 frees, 73,049 bytes allocated
==7766== 
==7766== All heap blocks were freed -- no leaks are possible
==7766== 
==7766== For lists of detected and suppressed errors, rerun with: -s
==7766== ERROR SUMMARY: 0 errors from 0 contexts (suppressed: 1 from 1)
