==7748== Memcheck, a memory error detector
==7748== Copyright (C) 2002-2017, and GNU GPL'd, by Julian Seward et al.
==7748== Using Valgrind-3.18.1 and LibVEX; rerun with -h for copyright info
==7748== Command: ./cub3D Cub3D-Destroyer/maps/maps_buged/unexistent_texture_copy_3.cub
==7748== 
Error
Parse error
Error
Incorrect Map Information while parse
==7748== 
==7748== FILE DESCRIPTORS: 8 open (3 std) at exit.
==7748== Open file descriptor 23:
==7748==    <inherited from parent>
==7748== 
==7748== Open file descriptor 22: /dev/pts/6
==7748==    <inherited from parent>
==7748== 
==7748== Open file descriptor 21: /dev/ptmx
==7748==    <inherited from parent>
==7748== 
==7748== Open file descriptor 20: /home/maofalt/.vscode-server/data/logs/20230304T035113/remoteagent.log
==7748==    <inherited from parent>
==7748== 
==7748== Open file descriptor 19: /home/maofalt/.vscode-server/data/logs/20230304T035113/ptyhost.log
==7748==    <inherited from parent>
==7748== 
==7748== 
==7748== HEAP SUMMARY:
==7748==     in use at exit: 0 bytes in 0 blocks
==7748==   total heap usage: 364 allocs, 364 frees, 73,975 bytes allocated
==7748== 
==7748== All heap blocks were freed -- no leaks are possible
==7748== 
==7748== For lists of detected and suppressed errors, rerun with: -s
==7748== ERROR SUMMARY: 0 errors from 0 contexts (suppressed: 1 from 1)
