==7703== Memcheck, a memory error detector
==7703== Copyright (C) 2002-2017, and GNU GPL'd, by Julian Seward et al.
==7703== Using Valgrind-3.18.1 and LibVEX; rerun with -h for copyright info
==7703== Command: ./cub3D Cub3D-Destroyer/maps/maps_buged/unexistent_texture.cub
==7703== 
Error
Wrong Info
==7703== 
==7703== FILE DESCRIPTORS: 8 open (3 std) at exit.
==7703== Open file descriptor 23:
==7703==    <inherited from parent>
==7703== 
==7703== Open file descriptor 22: /dev/pts/6
==7703==    <inherited from parent>
==7703== 
==7703== Open file descriptor 21: /dev/ptmx
==7703==    <inherited from parent>
==7703== 
==7703== Open file descriptor 20: /home/maofalt/.vscode-server/data/logs/20230304T035113/remoteagent.log
==7703==    <inherited from parent>
==7703== 
==7703== Open file descriptor 19: /home/maofalt/.vscode-server/data/logs/20230304T035113/ptyhost.log
==7703==    <inherited from parent>
==7703== 
==7703== 
==7703== HEAP SUMMARY:
==7703==     in use at exit: 0 bytes in 0 blocks
==7703==   total heap usage: 1,251 allocs, 1,251 frees, 93,905 bytes allocated
==7703== 
==7703== All heap blocks were freed -- no leaks are possible
==7703== 
==7703== For lists of detected and suppressed errors, rerun with: -s
==7703== ERROR SUMMARY: 0 errors from 0 contexts (suppressed: 1 from 1)
