==7805== Memcheck, a memory error detector
==7805== Copyright (C) 2002-2017, and GNU GPL'd, by Julian Seward et al.
==7805== Using Valgrind-3.18.1 and LibVEX; rerun with -h for copyright info
==7805== Command: ./cub3D Cub3D-Destroyer/maps/maps_buged/update_paths.sh
==7805== 
Error
Invalid file extension
==7805== 
==7805== FILE DESCRIPTORS: 8 open (3 std) at exit.
==7805== Open file descriptor 23:
==7805==    <inherited from parent>
==7805== 
==7805== Open file descriptor 22: /dev/pts/6
==7805==    <inherited from parent>
==7805== 
==7805== Open file descriptor 21: /dev/ptmx
==7805==    <inherited from parent>
==7805== 
==7805== Open file descriptor 20: /home/maofalt/.vscode-server/data/logs/20230304T035113/remoteagent.log
==7805==    <inherited from parent>
==7805== 
==7805== Open file descriptor 19: /home/maofalt/.vscode-server/data/logs/20230304T035113/ptyhost.log
==7805==    <inherited from parent>
==7805== 
==7805== 
==7805== HEAP SUMMARY:
==7805==     in use at exit: 0 bytes in 0 blocks
==7805==   total heap usage: 163 allocs, 163 frees, 69,923 bytes allocated
==7805== 
==7805== All heap blocks were freed -- no leaks are possible
==7805== 
==7805== For lists of detected and suppressed errors, rerun with: -s
==7805== ERROR SUMMARY: 0 errors from 0 contexts (suppressed: 1 from 1)
