==7966== Memcheck, a memory error detector
==7966== Copyright (C) 2002-2017, and GNU GPL'd, by Julian Seward et al.
==7966== Using Valgrind-3.18.1 and LibVEX; rerun with -h for copyright info
==7966== Command: ./cub3D Cub3D-Destroyer/maps/maps_buged/white_spaces.cub
==7966== 
Error
Parse error
Error
Incorrect Map Information while parse
==7966== 
==7966== FILE DESCRIPTORS: 8 open (3 std) at exit.
==7966== Open file descriptor 23:
==7966==    <inherited from parent>
==7966== 
==7966== Open file descriptor 22: /dev/pts/6
==7966==    <inherited from parent>
==7966== 
==7966== Open file descriptor 21: /dev/ptmx
==7966==    <inherited from parent>
==7966== 
==7966== Open file descriptor 20: /home/maofalt/.vscode-server/data/logs/20230304T035113/remoteagent.log
==7966==    <inherited from parent>
==7966== 
==7966== Open file descriptor 19: /home/maofalt/.vscode-server/data/logs/20230304T035113/ptyhost.log
==7966==    <inherited from parent>
==7966== 
==7966== 
==7966== HEAP SUMMARY:
==7966==     in use at exit: 0 bytes in 0 blocks
==7966==   total heap usage: 377 allocs, 377 frees, 79,709 bytes allocated
==7966== 
==7966== All heap blocks were freed -- no leaks are possible
==7966== 
==7966== For lists of detected and suppressed errors, rerun with: -s
==7966== ERROR SUMMARY: 0 errors from 0 contexts (suppressed: 1 from 1)
