==7981== Memcheck, a memory error detector
==7981== Copyright (C) 2002-2017, and GNU GPL'd, by Julian Seward et al.
==7981== Using Valgrind-3.18.1 and LibVEX; rerun with -h for copyright info
==7981== Command: ./cub3D Cub3D-Destroyer/maps/maps_buged/white_spaces_everywhere.cub
==7981== 
Error
Parse error
Error
Incorrect Map Information while parse
==7981== 
==7981== FILE DESCRIPTORS: 8 open (3 std) at exit.
==7981== Open file descriptor 23:
==7981==    <inherited from parent>
==7981== 
==7981== Open file descriptor 22: /dev/pts/6
==7981==    <inherited from parent>
==7981== 
==7981== Open file descriptor 21: /dev/ptmx
==7981==    <inherited from parent>
==7981== 
==7981== Open file descriptor 20: /home/maofalt/.vscode-server/data/logs/20230304T035113/remoteagent.log
==7981==    <inherited from parent>
==7981== 
==7981== Open file descriptor 19: /home/maofalt/.vscode-server/data/logs/20230304T035113/ptyhost.log
==7981==    <inherited from parent>
==7981== 
==7981== 
==7981== HEAP SUMMARY:
==7981==     in use at exit: 0 bytes in 0 blocks
==7981==   total heap usage: 362 allocs, 362 frees, 78,409 bytes allocated
==7981== 
==7981== All heap blocks were freed -- no leaks are possible
==7981== 
==7981== For lists of detected and suppressed errors, rerun with: -s
==7981== ERROR SUMMARY: 0 errors from 0 contexts (suppressed: 1 from 1)
